src/components/CampaignBuilder.tsx(612,24): error TS2741: Property 'variant' is missing in type '{ children: (string | Element)[]; className: string; }' but required in type '{ [x: string]: any; className: any; variant: any; }'.
src/components/CampaignBuilder.tsx(729,20): error TS2322: Type '{ children: Element[]; className: string; }' is not assignable to type 'IntrinsicAttributes & RefAttributes<unknown>'.
  Property 'children' does not exist on type 'IntrinsicAttributes & RefAttributes<unknown>'.
src/components/CampaignBuilder.tsx(730,22): error TS2322: Type '{ children: string; value: string; }' is not assignable to type 'IntrinsicAttributes & RefAttributes<unknown>'.
  Property 'children' does not exist on type 'IntrinsicAttributes & RefAttributes<unknown>'.
src/components/CampaignBuilder.tsx(733,22): error TS2322: Type '{ children: string; value: string; }' is not assignable to type 'IntrinsicAttributes & RefAttributes<unknown>'.
  Property 'children' does not exist on type 'IntrinsicAttributes & RefAttributes<unknown>'.
src/components/CampaignBuilder.tsx(736,20): error TS2322: Type '{ children: Element[]; value: string; className: string; }' is not assignable to type 'IntrinsicAttributes & RefAttributes<unknown>'.
  Property 'children' does not exist on type 'IntrinsicAttributes & RefAttributes<unknown>'.
src/components/CampaignBuilder.tsx(808,20): error TS2322: Type '{ children: Element; value: string; className: string; }' is not assignable to type 'IntrinsicAttributes & RefAttributes<unknown>'.
  Property 'children' does not exist on type 'IntrinsicAttributes & RefAttributes<unknown>'.
src/components/CampaignBuilder.tsx(827,34): error TS2741: Property 'variant' is missing in type '{ children: string; className: string; }' but required in type '{ [x: string]: any; className: any; variant: any; }'.
src/components/CampaignBuilder.tsx(894,20): error TS2322: Type '{ children: Element[]; className: string; }' is not assignable to type 'IntrinsicAttributes & RefAttributes<unknown>'.
  Property 'children' does not exist on type 'IntrinsicAttributes & RefAttributes<unknown>'.
src/components/CampaignBuilder.tsx(895,22): error TS2322: Type '{ children: string; value: string; }' is not assignable to type 'IntrinsicAttributes & RefAttributes<unknown>'.
  Property 'children' does not exist on type 'IntrinsicAttributes & RefAttributes<unknown>'.
src/components/CampaignBuilder.tsx(896,22): error TS2322: Type '{ children: string; value: string; }' is not assignable to type 'IntrinsicAttributes & RefAttributes<unknown>'.
  Property 'children' does not exist on type 'IntrinsicAttributes & RefAttributes<unknown>'.
src/components/CampaignBuilder.tsx(899,20): error TS2322: Type '{ children: Element; value: string; className: string; }' is not assignable to type 'IntrinsicAttributes & RefAttributes<unknown>'.
  Property 'children' does not exist on type 'IntrinsicAttributes & RefAttributes<unknown>'.
src/components/CampaignBuilder.tsx(906,24): error TS2322: Type '{ children: Element[]; className: string; }' is not assignable to type 'IntrinsicAttributes & RefAttributes<unknown>'.
  Property 'children' does not exist on type 'IntrinsicAttributes & RefAttributes<unknown>'.
src/components/CampaignBuilder.tsx(907,26): error TS2322: Type '{ children: string; value: string; }' is not assignable to type 'IntrinsicAttributes & RefAttributes<unknown>'.
  Property 'children' does not exist on type 'IntrinsicAttributes & RefAttributes<unknown>'.
src/components/CampaignBuilder.tsx(908,26): error TS2322: Type '{ children: string; value: string; }' is not assignable to type 'IntrinsicAttributes & RefAttributes<unknown>'.
  Property 'children' does not exist on type 'IntrinsicAttributes & RefAttributes<unknown>'.
src/components/CampaignBuilder.tsx(909,26): error TS2322: Type '{ children: string; value: string; }' is not assignable to type 'IntrinsicAttributes & RefAttributes<unknown>'.
  Property 'children' does not exist on type 'IntrinsicAttributes & RefAttributes<unknown>'.
src/components/CampaignBuilder.tsx(913,24): error TS2322: Type '{ children: Element[]; value: string; className: string; }' is not assignable to type 'IntrinsicAttributes & RefAttributes<unknown>'.
  Property 'children' does not exist on type 'IntrinsicAttributes & RefAttributes<unknown>'.
src/components/CampaignBuilder.tsx(1008,38): error TS2741: Property 'variant' is missing in type '{ children: (string | Element)[]; className: string; }' but required in type '{ [x: string]: any; className: any; variant: any; }'.
src/components/CampaignBuilder.tsx(1135,34): error TS2741: Property 'variant' is missing in type '{ children: (string | Element)[]; className: string; }' but required in type '{ [x: string]: any; className: any; variant: any; }'.
src/components/CampaignBuilder.tsx(1258,24): error TS2322: Type '{ children: Element; value: string; className: string; }' is not assignable to type 'IntrinsicAttributes & RefAttributes<unknown>'.
  Property 'children' does not exist on type 'IntrinsicAttributes & RefAttributes<unknown>'.
src/components/CampaignBuilder.tsx(1279,34): error TS2741: Property 'variant' is missing in type '{ children: string; className: string; }' but required in type '{ [x: string]: any; className: any; variant: any; }'.
src/components/CampaignBuilder.tsx(1312,34): error TS2741: Property 'variant' is missing in type '{ children: string; className: string; }' but required in type '{ [x: string]: any; className: any; variant: any; }'.
src/components/CampaignBuilder.tsx(1349,24): error TS2322: Type '{ children: Element; value: string; className: string; }' is not assignable to type 'IntrinsicAttributes & RefAttributes<unknown>'.
  Property 'children' does not exist on type 'IntrinsicAttributes & RefAttributes<unknown>'.
src/components/CampaignBuilder.tsx(1391,34): error TS2741: Property 'variant' is missing in type '{ children: string; className: string; }' but required in type '{ [x: string]: any; className: any; variant: any; }'.
src/components/CampaignBuilder.tsx(1394,34): error TS2741: Property 'variant' is missing in type '{ children: string; className: string; }' but required in type '{ [x: string]: any; className: any; variant: any; }'.
src/components/CampaignBuilder.tsx(1397,34): error TS2741: Property 'variant' is missing in type '{ children: string; className: string; }' but required in type '{ [x: string]: any; className: any; variant: any; }'.
src/components/CampaignBuilder.tsx(1400,34): error TS2741: Property 'variant' is missing in type '{ children: string; className: string; }' but required in type '{ [x: string]: any; className: any; variant: any; }'.
src/components/CampaignBuilder.tsx(1426,20): error TS2322: Type '{ children: Element[]; value: string; className: string; }' is not assignable to type 'IntrinsicAttributes & RefAttributes<unknown>'.
  Property 'children' does not exist on type 'IntrinsicAttributes & RefAttributes<unknown>'.
src/components/CampaignBuilder.tsx(1470,24): error TS2741: Property 'variant' is missing in type '{ children: string; className: string; }' but required in type '{ [x: string]: any; className: any; variant: any; }'.
src/components/CampaignBuilder.tsx(1481,24): error TS2741: Property 'variant' is missing in type '{ children: string; className: string; }' but required in type '{ [x: string]: any; className: any; variant: any; }'.
src/components/CampaignBuilder.tsx(1492,24): error TS2741: Property 'variant' is missing in type '{ children: string; className: string; }' but required in type '{ [x: string]: any; className: any; variant: any; }'.
src/components/CampaignBuilder.tsx(1652,28): error TS2362: The left-hand side of an arithmetic operation must be of type 'any', 'number', 'bigint' or an enum type.
src/components/CampaignBuilder.tsx(1681,24): error TS2741: Property 'variant' is missing in type '{ children: string; className: string; }' but required in type '{ [x: string]: any; className: any; variant: any; }'.
src/components/CustomRatesModal.tsx(109,8): error TS2322: Type '{ children: Element[]; className: string; }' is not assignable to type 'IntrinsicAttributes & RefAttributes<unknown>'.
  Property 'children' does not exist on type 'IntrinsicAttributes & RefAttributes<unknown>'.
src/components/CustomRatesModal.tsx(110,10): error TS2741: Property 'className' is missing in type '{ children: Element; }' but required in type '{ [x: string]: any; className: any; }'.
src/components/CustomRatesModal.tsx(111,12): error TS2559: Type '{ children: string; }' has no properties in common with type 'IntrinsicAttributes & RefAttributes<unknown>'.
src/components/CustomRatesModal.tsx(149,10): error TS2741: Property 'className' is missing in type '{ children: Element[]; }' but required in type '{ [x: string]: any; className: any; }'.
src/components/JobBoardContent.tsx(204,35): error TS2339: Property 'functions' does not exist on type '{ get<T = any>(url: string, config?: RequestConfig): Promise<T>; post<T = any>(url: string, data?: any, config?: RequestConfig): Promise<T>; readonly entities: any; readonly integrations: any; readonly auth: any; }'.
src/components/JobBoardContent.tsx(271,16): error TS2339: Property 'functions' does not exist on type '{ get<T = any>(url: string, config?: RequestConfig): Promise<T>; post<T = any>(url: string, data?: any, config?: RequestConfig): Promise<T>; readonly entities: any; readonly integrations: any; readonly auth: any; }'.
src/components/JobBoardContent.tsx(281,16): error TS2339: Property 'functions' does not exist on type '{ get<T = any>(url: string, config?: RequestConfig): Promise<T>; post<T = any>(url: string, data?: any, config?: RequestConfig): Promise<T>; readonly entities: any; readonly integrations: any; readonly auth: any; }'.
src/components/JobBoardContent.tsx(351,20): error TS2362: The left-hand side of an arithmetic operation must be of type 'any', 'number', 'bigint' or an enum type.
src/components/JobBoardContent.tsx(351,26): error TS2363: The right-hand side of an arithmetic operation must be of type 'any', 'number', 'bigint' or an enum type.
src/components/JobBoardContent.tsx(384,19): error TS2362: The left-hand side of an arithmetic operation must be of type 'any', 'number', 'bigint' or an enum type.
src/components/JobBoardContent.tsx(384,41): error TS2363: The right-hand side of an arithmetic operation must be of type 'any', 'number', 'bigint' or an enum type.
src/components/JobBoardContent.tsx(388,19): error TS2362: The left-hand side of an arithmetic operation must be of type 'any', 'number', 'bigint' or an enum type.
src/components/JobBoardContent.tsx(388,41): error TS2363: The right-hand side of an arithmetic operation must be of type 'any', 'number', 'bigint' or an enum type.
src/components/JobBoardContent.tsx(396,16): error TS2362: The left-hand side of an arithmetic operation must be of type 'any', 'number', 'bigint' or an enum type.
src/components/JobBoardContent.tsx(396,38): error TS2363: The right-hand side of an arithmetic operation must be of type 'any', 'number', 'bigint' or an enum type.
src/components/JobBoardContent.tsx(571,18): error TS2741: Property 'variant' is missing in type '{ children: number; className: string; }' but required in type '{ [x: string]: any; className: any; variant: any; }'.
src/components/JobBoardContent.tsx(624,27): error TS2322: Type '{ id: string; checked: boolean; onCheckedChange: () => void; }' is not assignable to type 'IntrinsicAttributes & RefAttributes<unknown>'.
  Property 'id' does not exist on type 'IntrinsicAttributes & RefAttributes<unknown>'.
src/components/JobBoardContent.tsx(647,27): error TS2322: Type '{ id: string; checked: boolean; onCheckedChange: () => void; }' is not assignable to type 'IntrinsicAttributes & RefAttributes<unknown>'.
  Property 'id' does not exist on type 'IntrinsicAttributes & RefAttributes<unknown>'.
src/components/JobBoardContent.tsx(673,27): error TS2322: Type '{ id: string; checked: boolean; onCheckedChange: () => void; }' is not assignable to type 'IntrinsicAttributes & RefAttributes<unknown>'.
  Property 'id' does not exist on type 'IntrinsicAttributes & RefAttributes<unknown>'.
src/components/JobBoardContent.tsx(757,24): error TS2741: Property 'variant' is missing in type '{ children: any; key: any; className: string; }' but required in type '{ [x: string]: any; className: any; variant: any; }'.
src/components/JobBoardContent.tsx(901,24): error TS2741: Property 'variant' is missing in type '{ children: any; key: any; className: string; }' but required in type '{ [x: string]: any; className: any; variant: any; }'.
src/components/JobBoardContent.tsx(909,24): error TS2741: Property 'variant' is missing in type '{ children: any; className: string; }' but required in type '{ [x: string]: any; className: any; variant: any; }'.
src/components/JobBoardContent.tsx(967,28): error TS2741: Property 'variant' is missing in type '{ children: any; key: any; className: string; }' but required in type '{ [x: string]: any; className: any; variant: any; }'.
src/components/VideoEditor.tsx(23,55): error TS2307: Cannot find module '@hello-pangea/dnd' or its corresponding type declarations.
src/components/VideoEditor.tsx(139,66): error TS2339: Property 'currentTime' does not exist on type 'EventTarget'.
src/components/VideoEditor.tsx(211,38): error TS2345: Argument of type 'string' is not assignable to parameter of type 'SetStateAction<number>'.
src/components/VideoEditor.tsx(318,17): error TS2322: Type '{ value: number[]; onValueChange: ([v]: [any]) => void; min: number; max: number; step: number; }' is not assignable to type 'IntrinsicAttributes & RefAttributes<unknown>'.
  Property 'value' does not exist on type 'IntrinsicAttributes & RefAttributes<unknown>'.
src/components/VideoEditor.tsx(331,17): error TS2322: Type '{ value: number[]; onValueChange: ([v]: [any]) => void; min: number; max: number; step: number; }' is not assignable to type 'IntrinsicAttributes & RefAttributes<unknown>'.
  Property 'value' does not exist on type 'IntrinsicAttributes & RefAttributes<unknown>'.
src/components/VideoEditor.tsx(344,17): error TS2322: Type '{ value: number[]; onValueChange: ([v]: [any]) => void; min: number; max: number; step: number; }' is not assignable to type 'IntrinsicAttributes & RefAttributes<unknown>'.
  Property 'value' does not exist on type 'IntrinsicAttributes & RefAttributes<unknown>'.
src/components/VideoEditor.tsx(357,17): error TS2322: Type '{ value: number[]; onValueChange: ([v]: [any]) => void; min: number; max: number; step: number; }' is not assignable to type 'IntrinsicAttributes & RefAttributes<unknown>'.
  Property 'value' does not exist on type 'IntrinsicAttributes & RefAttributes<unknown>'.
src/components/ui/accordion.tsx(9,43): error TS2339: Property 'className' does not exist on type '{}'.
src/components/ui/accordion.tsx(11,5): error TS2322: Type 'ForwardedRef<unknown>' is not assignable to type 'LegacyRef<HTMLDivElement>'.
  Type 'MutableRefObject<unknown>' is not assignable to type 'LegacyRef<HTMLDivElement>'.
    Type 'MutableRefObject<unknown>' is not assignable to type 'RefObject<HTMLDivElement>'.
      Types of property 'current' are incompatible.
        Type '{}' is missing the following properties from type 'HTMLDivElement': align, addEventListener, removeEventListener, accessKey, and 315 more.
src/components/ui/accordion.tsx(19,6): error TS2339: Property 'className' does not exist on type '{}'.
src/components/ui/accordion.tsx(19,17): error TS2339: Property 'children' does not exist on type '{}'.
src/components/ui/accordion.tsx(22,9): error TS2322: Type 'ForwardedRef<unknown>' is not assignable to type 'LegacyRef<HTMLButtonElement>'.
  Type 'MutableRefObject<unknown>' is not assignable to type 'LegacyRef<HTMLButtonElement>'.
    Type 'MutableRefObject<unknown>' is not assignable to type 'RefObject<HTMLButtonElement>'.
      Types of property 'current' are incompatible.
        Type '{}' is missing the following properties from type 'HTMLButtonElement': disabled, form, formAction, formEnctype, and 333 more.
src/components/ui/accordion.tsx(38,6): error TS2339: Property 'className' does not exist on type '{}'.
src/components/ui/accordion.tsx(38,17): error TS2339: Property 'children' does not exist on type '{}'.
src/components/ui/accordion.tsx(40,7): error TS2322: Type 'ForwardedRef<unknown>' is not assignable to type 'LegacyRef<HTMLDivElement>'.
  Type 'MutableRefObject<unknown>' is not assignable to type 'LegacyRef<HTMLDivElement>'.
    Type 'MutableRefObject<unknown>' is not assignable to type 'RefObject<HTMLDivElement>'.
      Types of property 'current' are incompatible.
        Type '{}' is missing the following properties from type 'HTMLDivElement': align, addEventListener, removeEventListener, accessKey, and 315 more.
src/components/ui/alert-dialog.tsx(13,48): error TS2339: Property 'className' does not exist on type '{}'.
src/components/ui/alert-dialog.tsx(20,5): error TS2322: Type 'ForwardedRef<unknown>' is not assignable to type 'LegacyRef<HTMLDivElement>'.
  Type 'MutableRefObject<unknown>' is not assignable to type 'LegacyRef<HTMLDivElement>'.
    Type 'MutableRefObject<unknown>' is not assignable to type 'RefObject<HTMLDivElement>'.
      Types of property 'current' are incompatible.
        Type '{}' is missing the following properties from type 'HTMLDivElement': align, addEventListener, removeEventListener, accessKey, and 315 more.
src/components/ui/alert-dialog.tsx(25,48): error TS2339: Property 'className' does not exist on type '{}'.
src/components/ui/alert-dialog.tsx(29,7): error TS2322: Type 'ForwardedRef<unknown>' is not assignable to type 'LegacyRef<HTMLDivElement>'.
  Type 'MutableRefObject<unknown>' is not assignable to type 'LegacyRef<HTMLDivElement>'.
    Type 'MutableRefObject<unknown>' is not assignable to type 'RefObject<HTMLDivElement>'.
      Types of property 'current' are incompatible.
        Type '{}' is missing the following properties from type 'HTMLDivElement': align, addEventListener, removeEventListener, accessKey, and 315 more.
src/components/ui/alert-dialog.tsx(62,46): error TS2339: Property 'className' does not exist on type '{}'.
src/components/ui/alert-dialog.tsx(64,5): error TS2322: Type 'ForwardedRef<unknown>' is not assignable to type 'LegacyRef<HTMLHeadingElement>'.
  Type 'MutableRefObject<unknown>' is not assignable to type 'LegacyRef<HTMLHeadingElement>'.
    Type 'MutableRefObject<unknown>' is not assignable to type 'RefObject<HTMLHeadingElement>'.
      Types of property 'current' are incompatible.
        Type '{}' is missing the following properties from type 'HTMLHeadingElement': align, addEventListener, removeEventListener, accessKey, and 315 more.
src/components/ui/alert-dialog.tsx(72,6): error TS2339: Property 'className' does not exist on type '{}'.
src/components/ui/alert-dialog.tsx(74,7): error TS2322: Type 'ForwardedRef<unknown>' is not assignable to type 'LegacyRef<HTMLParagraphElement>'.
  Type 'MutableRefObject<unknown>' is not assignable to type 'LegacyRef<HTMLParagraphElement>'.
    Type 'MutableRefObject<unknown>' is not assignable to type 'RefObject<HTMLParagraphElement>'.
      Types of property 'current' are incompatible.
        Type '{}' is missing the following properties from type 'HTMLParagraphElement': align, addEventListener, removeEventListener, accessKey, and 315 more.
src/components/ui/alert-dialog.tsx(83,47): error TS2339: Property 'className' does not exist on type '{}'.
src/components/ui/alert-dialog.tsx(85,5): error TS2322: Type 'ForwardedRef<unknown>' is not assignable to type 'LegacyRef<HTMLButtonElement>'.
  Type 'MutableRefObject<unknown>' is not assignable to type 'LegacyRef<HTMLButtonElement>'.
    Type 'MutableRefObject<unknown>' is not assignable to type 'RefObject<HTMLButtonElement>'.
      Types of property 'current' are incompatible.
        Type '{}' is missing the following properties from type 'HTMLButtonElement': disabled, form, formAction, formEnctype, and 333 more.
src/components/ui/alert-dialog.tsx(92,47): error TS2339: Property 'className' does not exist on type '{}'.
src/components/ui/alert-dialog.tsx(94,5): error TS2322: Type 'ForwardedRef<unknown>' is not assignable to type 'LegacyRef<HTMLButtonElement>'.
  Type 'MutableRefObject<unknown>' is not assignable to type 'LegacyRef<HTMLButtonElement>'.
    Type 'MutableRefObject<unknown>' is not assignable to type 'RefObject<HTMLButtonElement>'.
      Types of property 'current' are incompatible.
        Type '{}' is missing the following properties from type 'HTMLButtonElement': disabled, form, formAction, formEnctype, and 333 more.
src/components/ui/alert.tsx(22,35): error TS2339: Property 'className' does not exist on type '{}'.
src/components/ui/alert.tsx(22,46): error TS2339: Property 'variant' does not exist on type '{}'.
src/components/ui/alert.tsx(24,5): error TS2322: Type 'ForwardedRef<unknown>' is not assignable to type 'LegacyRef<HTMLDivElement>'.
  Type 'MutableRefObject<unknown>' is not assignable to type 'LegacyRef<HTMLDivElement>'.
    Type 'MutableRefObject<unknown>' is not assignable to type 'RefObject<HTMLDivElement>'.
      Types of property 'current' are incompatible.
        Type '{}' is missing the following properties from type 'HTMLDivElement': align, addEventListener, removeEventListener, accessKey, and 315 more.
src/components/ui/alert.tsx(32,40): error TS2339: Property 'className' does not exist on type '{}'.
src/components/ui/alert.tsx(34,5): error TS2322: Type 'ForwardedRef<unknown>' is not assignable to type 'LegacyRef<HTMLHeadingElement>'.
  Type 'MutableRefObject<unknown>' is not assignable to type 'LegacyRef<HTMLHeadingElement>'.
    Type 'MutableRefObject<unknown>' is not assignable to type 'RefObject<HTMLHeadingElement>'.
      Types of property 'current' are incompatible.
        Type '{}' is missing the following properties from type 'HTMLHeadingElement': align, addEventListener, removeEventListener, accessKey, and 315 more.
src/components/ui/alert.tsx(41,46): error TS2339: Property 'className' does not exist on type '{}'.
src/components/ui/alert.tsx(43,5): error TS2322: Type 'ForwardedRef<unknown>' is not assignable to type 'LegacyRef<HTMLDivElement>'.
  Type 'MutableRefObject<unknown>' is not assignable to type 'LegacyRef<HTMLDivElement>'.
    Type 'MutableRefObject<unknown>' is not assignable to type 'RefObject<HTMLDivElement>'.
      Types of property 'current' are incompatible.
        Type '{}' is missing the following properties from type 'HTMLDivElement': align, addEventListener, removeEventListener, accessKey, and 315 more.
src/components/ui/avatar.tsx(8,36): error TS2339: Property 'className' does not exist on type '{}'.
src/components/ui/avatar.tsx(10,5): error TS2322: Type 'ForwardedRef<unknown>' is not assignable to type 'LegacyRef<HTMLSpanElement>'.
  Type 'MutableRefObject<unknown>' is not assignable to type 'LegacyRef<HTMLSpanElement>'.
    Type 'MutableRefObject<unknown>' is not assignable to type 'RefObject<HTMLSpanElement>'.
      Types of property 'current' are incompatible.
        Type '{}' is missing the following properties from type 'HTMLSpanElement': addEventListener, removeEventListener, accessKey, accessKeyLabel, and 314 more.
src/components/ui/avatar.tsx(20,41): error TS2339: Property 'className' does not exist on type '{}'.
src/components/ui/avatar.tsx(22,5): error TS2322: Type 'ForwardedRef<unknown>' is not assignable to type 'LegacyRef<HTMLImageElement>'.
  Type 'MutableRefObject<unknown>' is not assignable to type 'LegacyRef<HTMLImageElement>'.
    Type 'MutableRefObject<unknown>' is not assignable to type 'RefObject<HTMLImageElement>'.
      Types of property 'current' are incompatible.
        Type '{}' is missing the following properties from type 'HTMLImageElement': align, alt, border, complete, and 341 more.
src/components/ui/avatar.tsx(29,44): error TS2339: Property 'className' does not exist on type '{}'.
src/components/ui/avatar.tsx(31,5): error TS2322: Type 'ForwardedRef<unknown>' is not assignable to type 'LegacyRef<HTMLSpanElement>'.
  Type 'MutableRefObject<unknown>' is not assignable to type 'LegacyRef<HTMLSpanElement>'.
    Type 'MutableRefObject<unknown>' is not assignable to type 'RefObject<HTMLSpanElement>'.
      Types of property 'current' are incompatible.
        Type '{}' is missing the following properties from type 'HTMLSpanElement': addEventListener, removeEventListener, accessKey, accessKeyLabel, and 314 more.
src/components/ui/breadcrumb.tsx(8,8): error TS2322: Type 'ForwardedRef<unknown>' is not assignable to type 'LegacyRef<HTMLElement>'.
  Type 'MutableRefObject<unknown>' is not assignable to type 'LegacyRef<HTMLElement>'.
    Type 'MutableRefObject<unknown>' is not assignable to type 'RefObject<HTMLElement>'.
      Types of property 'current' are incompatible.
        Type '{}' is missing the following properties from type 'HTMLElement': accessKey, accessKeyLabel, autocapitalize, autocorrect, and 314 more.
src/components/ui/breadcrumb.tsx(12,44): error TS2339: Property 'className' does not exist on type '{}'.
src/components/ui/breadcrumb.tsx(14,5): error TS2322: Type 'ForwardedRef<unknown>' is not assignable to type 'LegacyRef<HTMLOListElement>'.
  Type 'MutableRefObject<unknown>' is not assignable to type 'LegacyRef<HTMLOListElement>'.
    Type 'MutableRefObject<unknown>' is not assignable to type 'RefObject<HTMLOListElement>'.
      Types of property 'current' are incompatible.
        Type '{}' is missing the following properties from type 'HTMLOListElement': compact, reversed, start, type, and 318 more.
src/components/ui/breadcrumb.tsx(24,44): error TS2339: Property 'className' does not exist on type '{}'.
src/components/ui/breadcrumb.tsx(26,5): error TS2322: Type 'ForwardedRef<unknown>' is not assignable to type 'LegacyRef<HTMLLIElement>'.
  Type 'MutableRefObject<unknown>' is not assignable to type 'LegacyRef<HTMLLIElement>'.
    Type 'MutableRefObject<unknown>' is not assignable to type 'RefObject<HTMLLIElement>'.
      Types of property 'current' are incompatible.
        Type '{}' is missing the following properties from type 'HTMLLIElement': type, value, addEventListener, removeEventListener, and 316 more.
src/components/ui/breadcrumb.tsx(34,6): error TS2339: Property 'asChild' does not exist on type '{}'.
src/components/ui/breadcrumb.tsx(34,15): error TS2339: Property 'className' does not exist on type '{}'.
src/components/ui/breadcrumb.tsx(39,9): error TS2322: Type 'ForwardedRef<unknown>' is not assignable to type 'LegacyRef<HTMLAnchorElement>'.
  Type 'MutableRefObject<unknown>' is not assignable to type 'LegacyRef<HTMLAnchorElement>'.
    Type 'MutableRefObject<unknown>' is not assignable to type 'RefObject<HTMLAnchorElement>'.
      Types of property 'current' are incompatible.
        Type '{}' is missing the following properties from type 'HTMLAnchorElement': charset, coords, download, hreflang, and 339 more.
src/components/ui/breadcrumb.tsx(48,44): error TS2339: Property 'className' does not exist on type '{}'.
src/components/ui/breadcrumb.tsx(50,5): error TS2322: Type 'ForwardedRef<unknown>' is not assignable to type 'LegacyRef<HTMLSpanElement>'.
  Type 'MutableRefObject<unknown>' is not assignable to type 'LegacyRef<HTMLSpanElement>'.
    Type 'MutableRefObject<unknown>' is not assignable to type 'RefObject<HTMLSpanElement>'.
      Types of property 'current' are incompatible.
        Type '{}' is missing the following properties from type 'HTMLSpanElement': addEventListener, removeEventListener, accessKey, accessKeyLabel, and 314 more.
src/components/ui/carousel.tsx(23,7): error TS2339: Property 'orientation' does not exist on type '{}'.
src/components/ui/carousel.tsx(24,7): error TS2339: Property 'opts' does not exist on type '{}'.
src/components/ui/carousel.tsx(25,7): error TS2339: Property 'setApi' does not exist on type '{}'.
src/components/ui/carousel.tsx(26,7): error TS2339: Property 'plugins' does not exist on type '{}'.
src/components/ui/carousel.tsx(27,7): error TS2339: Property 'className' does not exist on type '{}'.
src/components/ui/carousel.tsx(28,7): error TS2339: Property 'children' does not exist on type '{}'.
src/components/ui/carousel.tsx(110,11): error TS2322: Type 'ForwardedRef<unknown>' is not assignable to type 'LegacyRef<HTMLDivElement>'.
  Type 'MutableRefObject<unknown>' is not assignable to type 'LegacyRef<HTMLDivElement>'.
    Type 'MutableRefObject<unknown>' is not assignable to type 'RefObject<HTMLDivElement>'.
      Types of property 'current' are incompatible.
        Type '{}' is missing the following properties from type 'HTMLDivElement': align, addEventListener, removeEventListener, accessKey, and 315 more.
src/components/ui/carousel.tsx(125,45): error TS2339: Property 'className' does not exist on type '{}'.
src/components/ui/carousel.tsx(131,9): error TS2322: Type 'ForwardedRef<unknown>' is not assignable to type 'LegacyRef<HTMLDivElement>'.
  Type 'MutableRefObject<unknown>' is not assignable to type 'LegacyRef<HTMLDivElement>'.
    Type 'MutableRefObject<unknown>' is not assignable to type 'RefObject<HTMLDivElement>'.
      Types of property 'current' are incompatible.
        Type '{}' is missing the following properties from type 'HTMLDivElement': align, addEventListener, removeEventListener, accessKey, and 315 more.
src/components/ui/carousel.tsx(144,42): error TS2339: Property 'className' does not exist on type '{}'.
src/components/ui/carousel.tsx(149,7): error TS2322: Type 'ForwardedRef<unknown>' is not assignable to type 'LegacyRef<HTMLDivElement>'.
  Type 'MutableRefObject<unknown>' is not assignable to type 'LegacyRef<HTMLDivElement>'.
    Type 'MutableRefObject<unknown>' is not assignable to type 'RefObject<HTMLDivElement>'.
      Types of property 'current' are incompatible.
        Type '{}' is missing the following properties from type 'HTMLDivElement': align, addEventListener, removeEventListener, accessKey, and 315 more.
src/components/ui/carousel.tsx(164,6): error TS2339: Property 'className' does not exist on type '{}'.
src/components/ui/carousel.tsx(164,17): error TS2339: Property 'variant' does not exist on type '{}'.
src/components/ui/carousel.tsx(164,38): error TS2339: Property 'size' does not exist on type '{}'.
src/components/ui/carousel.tsx(169,9): error TS2322: Type 'ForwardedRef<unknown>' is not assignable to type 'LegacyRef<HTMLButtonElement>'.
  Type 'MutableRefObject<unknown>' is not assignable to type 'LegacyRef<HTMLButtonElement>'.
    Type 'MutableRefObject<unknown>' is not assignable to type 'RefObject<HTMLButtonElement>'.
      Types of property 'current' are incompatible.
        Type '{}' is missing the following properties from type 'HTMLButtonElement': disabled, form, formAction, formEnctype, and 333 more.
src/components/ui/carousel.tsx(192,6): error TS2339: Property 'className' does not exist on type '{}'.
src/components/ui/carousel.tsx(192,17): error TS2339: Property 'variant' does not exist on type '{}'.
src/components/ui/carousel.tsx(192,38): error TS2339: Property 'size' does not exist on type '{}'.
src/components/ui/carousel.tsx(197,9): error TS2322: Type 'ForwardedRef<unknown>' is not assignable to type 'LegacyRef<HTMLButtonElement>'.
  Type 'MutableRefObject<unknown>' is not assignable to type 'LegacyRef<HTMLButtonElement>'.
    Type 'MutableRefObject<unknown>' is not assignable to type 'RefObject<HTMLButtonElement>'.
      Types of property 'current' are incompatible.
        Type '{}' is missing the following properties from type 'HTMLButtonElement': disabled, form, formAction, formEnctype, and 333 more.
src/components/ui/chart.tsx(26,6): error TS2339: Property 'id' does not exist on type '{}'.
src/components/ui/chart.tsx(26,10): error TS2339: Property 'className' does not exist on type '{}'.
src/components/ui/chart.tsx(26,21): error TS2339: Property 'children' does not exist on type '{}'.
src/components/ui/chart.tsx(26,31): error TS2339: Property 'config' does not exist on type '{}'.
src/components/ui/chart.tsx(34,11): error TS2322: Type 'ForwardedRef<unknown>' is not assignable to type 'LegacyRef<HTMLDivElement>'.
  Type 'MutableRefObject<unknown>' is not assignable to type 'LegacyRef<HTMLDivElement>'.
    Type 'MutableRefObject<unknown>' is not assignable to type 'RefObject<HTMLDivElement>'.
      Types of property 'current' are incompatible.
        Type '{}' is missing the following properties from type 'HTMLDivElement': align, addEventListener, removeEventListener, accessKey, and 315 more.
src/components/ui/chart.tsx(54,28): error TS2339: Property 'theme' does not exist on type 'unknown'.
src/components/ui/chart.tsx(54,44): error TS2339: Property 'color' does not exist on type 'unknown'.
src/components/ui/chart.tsx(70,30): error TS2339: Property 'theme' does not exist on type 'unknown'.
src/components/ui/chart.tsx(70,59): error TS2339: Property 'color' does not exist on type 'unknown'.
src/components/ui/chart.tsx(88,7): error TS2339: Property 'active' does not exist on type '{}'.
src/components/ui/chart.tsx(89,7): error TS2339: Property 'payload' does not exist on type '{}'.
src/components/ui/chart.tsx(90,7): error TS2339: Property 'className' does not exist on type '{}'.
src/components/ui/chart.tsx(91,7): error TS2339: Property 'indicator' does not exist on type '{}'.
src/components/ui/chart.tsx(92,7): error TS2339: Property 'hideLabel' does not exist on type '{}'.
src/components/ui/chart.tsx(93,7): error TS2339: Property 'hideIndicator' does not exist on type '{}'.
src/components/ui/chart.tsx(94,7): error TS2339: Property 'label' does not exist on type '{}'.
src/components/ui/chart.tsx(95,7): error TS2339: Property 'labelFormatter' does not exist on type '{}'.
src/components/ui/chart.tsx(96,7): error TS2339: Property 'labelClassName' does not exist on type '{}'.
src/components/ui/chart.tsx(97,7): error TS2339: Property 'formatter' does not exist on type '{}'.
src/components/ui/chart.tsx(98,7): error TS2339: Property 'color' does not exist on type '{}'.
src/components/ui/chart.tsx(99,7): error TS2339: Property 'nameKey' does not exist on type '{}'.
src/components/ui/chart.tsx(100,7): error TS2339: Property 'labelKey' does not exist on type '{}'.
src/components/ui/chart.tsx(150,9): error TS2322: Type 'ForwardedRef<unknown>' is not assignable to type 'LegacyRef<HTMLDivElement>'.
  Type 'MutableRefObject<unknown>' is not assignable to type 'LegacyRef<HTMLDivElement>'.
    Type 'MutableRefObject<unknown>' is not assignable to type 'RefObject<HTMLDivElement>'.
      Types of property 'current' are incompatible.
        Type '{}' is missing the following properties from type 'HTMLDivElement': align, addEventListener, removeEventListener, accessKey, and 315 more.
src/components/ui/chart.tsx(191,29): error TS2353: Object literal may only specify known properties, and '"--color-bg"' does not exist in type 'Properties<string | number, string & {}>'.
src/components/ui/chart.tsx(231,7): error TS2339: Property 'className' does not exist on type '{}'.
src/components/ui/chart.tsx(231,18): error TS2339: Property 'hideIcon' does not exist on type '{}'.
src/components/ui/chart.tsx(231,36): error TS2339: Property 'payload' does not exist on type '{}'.
src/components/ui/chart.tsx(231,45): error TS2339: Property 'verticalAlign' does not exist on type '{}'.
src/components/ui/chart.tsx(231,71): error TS2339: Property 'nameKey' does not exist on type '{}'.
src/components/ui/chart.tsx(242,9): error TS2322: Type 'ForwardedRef<unknown>' is not assignable to type 'LegacyRef<HTMLDivElement>'.
  Type 'MutableRefObject<unknown>' is not assignable to type 'LegacyRef<HTMLDivElement>'.
    Type 'MutableRefObject<unknown>' is not assignable to type 'RefObject<HTMLDivElement>'.
      Types of property 'current' are incompatible.
        Type '{}' is missing the following properties from type 'HTMLDivElement': align, addEventListener, removeEventListener, accessKey, and 315 more.
src/components/ui/checkbox.tsx(7,38): error TS2339: Property 'className' does not exist on type '{}'.
src/components/ui/checkbox.tsx(9,5): error TS2322: Type 'ForwardedRef<unknown>' is not assignable to type 'LegacyRef<HTMLButtonElement>'.
  Type 'MutableRefObject<unknown>' is not assignable to type 'LegacyRef<HTMLButtonElement>'.
    Type 'MutableRefObject<unknown>' is not assignable to type 'RefObject<HTMLButtonElement>'.
      Types of property 'current' are incompatible.
        Type '{}' is missing the following properties from type 'HTMLButtonElement': disabled, form, formAction, formEnctype, and 333 more.
src/components/ui/command.tsx(8,37): error TS2339: Property 'className' does not exist on type '{}'.
src/components/ui/command.tsx(10,5): error TS2322: Type 'ForwardedRef<unknown>' is not assignable to type 'LegacyRef<HTMLDivElement>'.
  Type 'MutableRefObject<unknown>' is not assignable to type 'LegacyRef<HTMLDivElement>'.
    Type 'MutableRefObject<unknown>' is not assignable to type 'RefObject<HTMLDivElement>'.
      Types of property 'current' are incompatible.
        Type '{}' is missing the following properties from type 'HTMLDivElement': align, addEventListener, removeEventListener, accessKey, and 315 more.
src/components/ui/command.tsx(23,8): error TS2322: Type '{ children: Element; className: string; }' is not assignable to type 'IntrinsicAttributes & RefAttributes<unknown>'.
  Property 'children' does not exist on type 'IntrinsicAttributes & RefAttributes<unknown>'.
src/components/ui/command.tsx(24,10): error TS2322: Type '{ children: any; className: string; }' is not assignable to type 'IntrinsicAttributes & RefAttributes<unknown>'.
  Property 'children' does not exist on type 'IntrinsicAttributes & RefAttributes<unknown>'.
src/components/ui/command.tsx(32,42): error TS2339: Property 'className' does not exist on type '{}'.
src/components/ui/command.tsx(36,7): error TS2322: Type 'ForwardedRef<unknown>' is not assignable to type 'LegacyRef<HTMLInputElement>'.
  Type 'MutableRefObject<unknown>' is not assignable to type 'LegacyRef<HTMLInputElement>'.
    Type 'MutableRefObject<unknown>' is not assignable to type 'RefObject<HTMLInputElement>'.
      Types of property 'current' are incompatible.
        Type '{}' is missing the following properties from type 'HTMLInputElement': accept, align, alt, autocomplete, and 373 more.
src/components/ui/command.tsx(48,41): error TS2339: Property 'className' does not exist on type '{}'.
src/components/ui/command.tsx(50,5): error TS2322: Type 'ForwardedRef<unknown>' is not assignable to type 'LegacyRef<HTMLDivElement>'.
  Type 'MutableRefObject<unknown>' is not assignable to type 'LegacyRef<HTMLDivElement>'.
    Type 'MutableRefObject<unknown>' is not assignable to type 'RefObject<HTMLDivElement>'.
      Types of property 'current' are incompatible.
        Type '{}' is missing the following properties from type 'HTMLDivElement': align, addEventListener, removeEventListener, accessKey, and 315 more.
src/components/ui/command.tsx(60,5): error TS2322: Type 'ForwardedRef<unknown>' is not assignable to type 'LegacyRef<HTMLDivElement>'.
  Type 'MutableRefObject<unknown>' is not assignable to type 'LegacyRef<HTMLDivElement>'.
    Type 'MutableRefObject<unknown>' is not assignable to type 'RefObject<HTMLDivElement>'.
      Types of property 'current' are incompatible.
        Type '{}' is missing the following properties from type 'HTMLDivElement': align, addEventListener, removeEventListener, accessKey, and 315 more.
src/components/ui/command.tsx(68,42): error TS2339: Property 'className' does not exist on type '{}'.
src/components/ui/command.tsx(70,5): error TS2322: Type 'ForwardedRef<unknown>' is not assignable to type 'LegacyRef<HTMLDivElement>'.
  Type 'MutableRefObject<unknown>' is not assignable to type 'LegacyRef<HTMLDivElement>'.
    Type 'MutableRefObject<unknown>' is not assignable to type 'RefObject<HTMLDivElement>'.
      Types of property 'current' are incompatible.
        Type '{}' is missing the following properties from type 'HTMLDivElement': align, addEventListener, removeEventListener, accessKey, and 315 more.
src/components/ui/command.tsx(81,46): error TS2339: Property 'className' does not exist on type '{}'.
src/components/ui/command.tsx(83,5): error TS2322: Type 'ForwardedRef<unknown>' is not assignable to type 'LegacyRef<HTMLDivElement>'.
  Type 'MutableRefObject<unknown>' is not assignable to type 'LegacyRef<HTMLDivElement>'.
    Type 'MutableRefObject<unknown>' is not assignable to type 'RefObject<HTMLDivElement>'.
      Types of property 'current' are incompatible.
        Type '{}' is missing the following properties from type 'HTMLDivElement': align, addEventListener, removeEventListener, accessKey, and 315 more.
src/components/ui/command.tsx(90,41): error TS2339: Property 'className' does not exist on type '{}'.
src/components/ui/command.tsx(92,5): error TS2322: Type 'ForwardedRef<unknown>' is not assignable to type 'LegacyRef<HTMLDivElement>'.
  Type 'MutableRefObject<unknown>' is not assignable to type 'LegacyRef<HTMLDivElement>'.
    Type 'MutableRefObject<unknown>' is not assignable to type 'RefObject<HTMLDivElement>'.
      Types of property 'current' are incompatible.
        Type '{}' is missing the following properties from type 'HTMLDivElement': align, addEventListener, removeEventListener, accessKey, and 315 more.
src/components/ui/context-menu.tsx(20,6): error TS2339: Property 'className' does not exist on type '{}'.
src/components/ui/context-menu.tsx(20,17): error TS2339: Property 'inset' does not exist on type '{}'.
src/components/ui/context-menu.tsx(20,24): error TS2339: Property 'children' does not exist on type '{}'.
src/components/ui/context-menu.tsx(22,7): error TS2322: Type 'ForwardedRef<unknown>' is not assignable to type 'LegacyRef<HTMLDivElement>'.
  Type 'MutableRefObject<unknown>' is not assignable to type 'LegacyRef<HTMLDivElement>'.
    Type 'MutableRefObject<unknown>' is not assignable to type 'RefObject<HTMLDivElement>'.
      Types of property 'current' are incompatible.
        Type '{}' is missing the following properties from type 'HTMLDivElement': align, addEventListener, removeEventListener, accessKey, and 315 more.
src/components/ui/context-menu.tsx(38,6): error TS2339: Property 'className' does not exist on type '{}'.
src/components/ui/context-menu.tsx(40,7): error TS2322: Type 'ForwardedRef<unknown>' is not assignable to type 'LegacyRef<HTMLDivElement>'.
  Type 'MutableRefObject<unknown>' is not assignable to type 'LegacyRef<HTMLDivElement>'.
    Type 'MutableRefObject<unknown>' is not assignable to type 'RefObject<HTMLDivElement>'.
      Types of property 'current' are incompatible.
        Type '{}' is missing the following properties from type 'HTMLDivElement': align, addEventListener, removeEventListener, accessKey, and 315 more.
src/components/ui/context-menu.tsx(51,48): error TS2339: Property 'className' does not exist on type '{}'.
src/components/ui/context-menu.tsx(54,7): error TS2322: Type 'ForwardedRef<unknown>' is not assignable to type 'LegacyRef<HTMLDivElement>'.
  Type 'MutableRefObject<unknown>' is not assignable to type 'LegacyRef<HTMLDivElement>'.
    Type 'MutableRefObject<unknown>' is not assignable to type 'RefObject<HTMLDivElement>'.
      Types of property 'current' are incompatible.
        Type '{}' is missing the following properties from type 'HTMLDivElement': align, addEventListener, removeEventListener, accessKey, and 315 more.
src/components/ui/context-menu.tsx(66,6): error TS2339: Property 'className' does not exist on type '{}'.
src/components/ui/context-menu.tsx(66,17): error TS2339: Property 'inset' does not exist on type '{}'.
src/components/ui/context-menu.tsx(68,7): error TS2322: Type 'ForwardedRef<unknown>' is not assignable to type 'LegacyRef<HTMLDivElement>'.
  Type 'MutableRefObject<unknown>' is not assignable to type 'LegacyRef<HTMLDivElement>'.
    Type 'MutableRefObject<unknown>' is not assignable to type 'RefObject<HTMLDivElement>'.
      Types of property 'current' are incompatible.
        Type '{}' is missing the following properties from type 'HTMLDivElement': align, addEventListener, removeEventListener, accessKey, and 315 more.
src/components/ui/context-menu.tsx(81,6): error TS2339: Property 'className' does not exist on type '{}'.
src/components/ui/context-menu.tsx(81,17): error TS2339: Property 'children' does not exist on type '{}'.
src/components/ui/context-menu.tsx(81,27): error TS2339: Property 'checked' does not exist on type '{}'.
src/components/ui/context-menu.tsx(83,7): error TS2322: Type 'ForwardedRef<unknown>' is not assignable to type 'LegacyRef<HTMLDivElement>'.
  Type 'MutableRefObject<unknown>' is not assignable to type 'LegacyRef<HTMLDivElement>'.
    Type 'MutableRefObject<unknown>' is not assignable to type 'RefObject<HTMLDivElement>'.
      Types of property 'current' are incompatible.
        Type '{}' is missing the following properties from type 'HTMLDivElement': align, addEventListener, removeEventListener, accessKey, and 315 more.
src/components/ui/context-menu.tsx(104,6): error TS2339: Property 'className' does not exist on type '{}'.
src/components/ui/context-menu.tsx(104,17): error TS2339: Property 'children' does not exist on type '{}'.
src/components/ui/context-menu.tsx(106,7): error TS2322: Type 'ForwardedRef<unknown>' is not assignable to type 'LegacyRef<HTMLDivElement>'.
  Type 'MutableRefObject<unknown>' is not assignable to type 'LegacyRef<HTMLDivElement>'.
    Type 'MutableRefObject<unknown>' is not assignable to type 'RefObject<HTMLDivElement>'.
      Types of property 'current' are incompatible.
        Type '{}' is missing the following properties from type 'HTMLDivElement': align, addEventListener, removeEventListener, accessKey, and 315 more.
src/components/ui/context-menu.tsx(125,6): error TS2339: Property 'className' does not exist on type '{}'.
src/components/ui/context-menu.tsx(125,17): error TS2339: Property 'inset' does not exist on type '{}'.
src/components/ui/context-menu.tsx(127,7): error TS2322: Type 'ForwardedRef<unknown>' is not assignable to type 'LegacyRef<HTMLDivElement>'.
  Type 'MutableRefObject<unknown>' is not assignable to type 'LegacyRef<HTMLDivElement>'.
    Type 'MutableRefObject<unknown>' is not assignable to type 'RefObject<HTMLDivElement>'.
      Types of property 'current' are incompatible.
        Type '{}' is missing the following properties from type 'HTMLDivElement': align, addEventListener, removeEventListener, accessKey, and 315 more.
src/components/ui/context-menu.tsx(140,6): error TS2339: Property 'className' does not exist on type '{}'.
src/components/ui/context-menu.tsx(142,7): error TS2322: Type 'ForwardedRef<unknown>' is not assignable to type 'LegacyRef<HTMLDivElement>'.
  Type 'MutableRefObject<unknown>' is not assignable to type 'LegacyRef<HTMLDivElement>'.
    Type 'MutableRefObject<unknown>' is not assignable to type 'RefObject<HTMLDivElement>'.
      Types of property 'current' are incompatible.
        Type '{}' is missing the following properties from type 'HTMLDivElement': align, addEventListener, removeEventListener, accessKey, and 315 more.
src/components/ui/dialog.tsx(17,43): error TS2339: Property 'className' does not exist on type '{}'.
src/components/ui/dialog.tsx(19,5): error TS2322: Type 'ForwardedRef<unknown>' is not assignable to type 'LegacyRef<HTMLDivElement>'.
  Type 'MutableRefObject<unknown>' is not assignable to type 'LegacyRef<HTMLDivElement>'.
    Type 'MutableRefObject<unknown>' is not assignable to type 'RefObject<HTMLDivElement>'.
      Types of property 'current' are incompatible.
        Type '{}' is missing the following properties from type 'HTMLDivElement': align, addEventListener, removeEventListener, accessKey, and 315 more.
src/components/ui/dialog.tsx(30,6): error TS2339: Property 'className' does not exist on type '{}'.
src/components/ui/dialog.tsx(30,17): error TS2339: Property 'children' does not exist on type '{}'.
src/components/ui/dialog.tsx(34,9): error TS2322: Type 'ForwardedRef<unknown>' is not assignable to type 'LegacyRef<HTMLDivElement>'.
  Type 'MutableRefObject<unknown>' is not assignable to type 'LegacyRef<HTMLDivElement>'.
    Type 'MutableRefObject<unknown>' is not assignable to type 'RefObject<HTMLDivElement>'.
      Types of property 'current' are incompatible.
        Type '{}' is missing the following properties from type 'HTMLDivElement': align, addEventListener, removeEventListener, accessKey, and 315 more.
src/components/ui/dialog.tsx(74,41): error TS2339: Property 'className' does not exist on type '{}'.
src/components/ui/dialog.tsx(76,5): error TS2322: Type 'ForwardedRef<unknown>' is not assignable to type 'LegacyRef<HTMLHeadingElement>'.
  Type 'MutableRefObject<unknown>' is not assignable to type 'LegacyRef<HTMLHeadingElement>'.
    Type 'MutableRefObject<unknown>' is not assignable to type 'RefObject<HTMLHeadingElement>'.
      Types of property 'current' are incompatible.
        Type '{}' is missing the following properties from type 'HTMLHeadingElement': align, addEventListener, removeEventListener, accessKey, and 315 more.
src/components/ui/dialog.tsx(86,47): error TS2339: Property 'className' does not exist on type '{}'.
src/components/ui/dialog.tsx(88,5): error TS2322: Type 'ForwardedRef<unknown>' is not assignable to type 'LegacyRef<HTMLParagraphElement>'.
  Type 'MutableRefObject<unknown>' is not assignable to type 'LegacyRef<HTMLParagraphElement>'.
    Type 'MutableRefObject<unknown>' is not assignable to type 'RefObject<HTMLParagraphElement>'.
      Types of property 'current' are incompatible.
        Type '{}' is missing the following properties from type 'HTMLParagraphElement': align, addEventListener, removeEventListener, accessKey, and 315 more.
src/components/ui/drawer.tsx(22,43): error TS2339: Property 'className' does not exist on type '{}'.
src/components/ui/drawer.tsx(24,5): error TS2322: Type 'ForwardedRef<unknown>' is not assignable to type 'LegacyRef<HTMLDivElement>'.
  Type 'MutableRefObject<unknown>' is not assignable to type 'LegacyRef<HTMLDivElement>'.
    Type 'MutableRefObject<unknown>' is not assignable to type 'RefObject<HTMLDivElement>'.
      Types of property 'current' are incompatible.
        Type '{}' is missing the following properties from type 'HTMLDivElement': align, addEventListener, removeEventListener, accessKey, and 315 more.
src/components/ui/drawer.tsx(32,6): error TS2339: Property 'className' does not exist on type '{}'.
src/components/ui/drawer.tsx(32,17): error TS2339: Property 'children' does not exist on type '{}'.
src/components/ui/drawer.tsx(36,9): error TS2322: Type 'ForwardedRef<unknown>' is not assignable to type 'LegacyRef<HTMLDivElement>'.
  Type 'MutableRefObject<unknown>' is not assignable to type 'LegacyRef<HTMLDivElement>'.
    Type 'MutableRefObject<unknown>' is not assignable to type 'RefObject<HTMLDivElement>'.
      Types of property 'current' are incompatible.
        Type '{}' is missing the following properties from type 'HTMLDivElement': align, addEventListener, removeEventListener, accessKey, and 315 more.
src/components/ui/drawer.tsx(67,41): error TS2339: Property 'className' does not exist on type '{}'.
src/components/ui/drawer.tsx(69,5): error TS2322: Type 'ForwardedRef<unknown>' is not assignable to type 'LegacyRef<HTMLHeadingElement>'.
  Type 'MutableRefObject<unknown>' is not assignable to type 'LegacyRef<HTMLHeadingElement>'.
    Type 'MutableRefObject<unknown>' is not assignable to type 'RefObject<HTMLHeadingElement>'.
      Types of property 'current' are incompatible.
        Type '{}' is missing the following properties from type 'HTMLHeadingElement': align, addEventListener, removeEventListener, accessKey, and 315 more.
src/components/ui/drawer.tsx(79,47): error TS2339: Property 'className' does not exist on type '{}'.
src/components/ui/drawer.tsx(81,5): error TS2322: Type 'ForwardedRef<unknown>' is not assignable to type 'LegacyRef<HTMLParagraphElement>'.
  Type 'MutableRefObject<unknown>' is not assignable to type 'LegacyRef<HTMLParagraphElement>'.
    Type 'MutableRefObject<unknown>' is not assignable to type 'RefObject<HTMLParagraphElement>'.
      Types of property 'current' are incompatible.
        Type '{}' is missing the following properties from type 'HTMLParagraphElement': align, addEventListener, removeEventListener, accessKey, and 315 more.
src/components/ui/form.tsx(16,8): error TS2741: Property 'render' is missing in type '{}' but required in type '{ render: ({ field, fieldState, formState, }: { field: ControllerRenderProps<FieldValues, string>; fieldState: ControllerFieldState; formState: UseFormStateReturn<FieldValues>; }) => ReactElement<...>; }'.
src/components/ui/form.tsx(26,49): error TS2339: Property 'name' does not exist on type '{}'.
src/components/ui/form.tsx(32,11): error TS2339: Property 'id' does not exist on type '{}'.
src/components/ui/form.tsx(36,24): error TS2339: Property 'name' does not exist on type '{}'.
src/components/ui/form.tsx(46,38): error TS2339: Property 'className' does not exist on type '{}'.
src/components/ui/form.tsx(51,12): error TS2322: Type 'ForwardedRef<unknown>' is not assignable to type 'LegacyRef<HTMLDivElement>'.
  Type 'MutableRefObject<unknown>' is not assignable to type 'LegacyRef<HTMLDivElement>'.
    Type 'MutableRefObject<unknown>' is not assignable to type 'RefObject<HTMLDivElement>'.
      Types of property 'current' are incompatible.
        Type '{}' is missing the following properties from type 'HTMLDivElement': align, addEventListener, removeEventListener, accessKey, and 315 more.
src/components/ui/form.tsx(57,39): error TS2339: Property 'className' does not exist on type '{}'.
src/components/ui/form.tsx(62,7): error TS2322: Type 'ForwardedRef<unknown>' is not assignable to type 'LegacyRef<HTMLLabelElement>'.
  Type 'MutableRefObject<unknown>' is not assignable to type 'LegacyRef<HTMLLabelElement>'.
    Type 'MutableRefObject<unknown>' is not assignable to type 'RefObject<HTMLLabelElement>'.
      Types of property 'current' are incompatible.
        Type '{}' is missing the following properties from type 'HTMLLabelElement': control, form, htmlFor, addEventListener, and 317 more.
src/components/ui/form.tsx(77,7): error TS2322: Type 'ForwardedRef<unknown>' is not assignable to type 'LegacyRef<HTMLElement>'.
  Type 'MutableRefObject<unknown>' is not assignable to type 'LegacyRef<HTMLElement>'.
    Type 'MutableRefObject<unknown>' is not assignable to type 'RefObject<HTMLElement>'.
      Types of property 'current' are incompatible.
        Type '{}' is missing the following properties from type 'HTMLElement': accessKey, accessKeyLabel, autocapitalize, autocorrect, and 314 more.
src/components/ui/form.tsx(91,45): error TS2339: Property 'className' does not exist on type '{}'.
src/components/ui/form.tsx(96,7): error TS2322: Type 'ForwardedRef<unknown>' is not assignable to type 'LegacyRef<HTMLParagraphElement>'.
  Type 'MutableRefObject<unknown>' is not assignable to type 'LegacyRef<HTMLParagraphElement>'.
    Type 'MutableRefObject<unknown>' is not assignable to type 'RefObject<HTMLParagraphElement>'.
      Types of property 'current' are incompatible.
        Type '{}' is missing the following properties from type 'HTMLParagraphElement': align, addEventListener, removeEventListener, accessKey, and 315 more.
src/components/ui/form.tsx(106,6): error TS2339: Property 'className' does not exist on type '{}'.
src/components/ui/form.tsx(106,17): error TS2339: Property 'children' does not exist on type '{}'.
src/components/ui/form.tsx(116,9): error TS2322: Type 'ForwardedRef<unknown>' is not assignable to type 'LegacyRef<HTMLParagraphElement>'.
  Type 'MutableRefObject<unknown>' is not assignable to type 'LegacyRef<HTMLParagraphElement>'.
    Type 'MutableRefObject<unknown>' is not assignable to type 'RefObject<HTMLParagraphElement>'.
      Types of property 'current' are incompatible.
        Type '{}' is missing the following properties from type 'HTMLParagraphElement': align, addEventListener, removeEventListener, accessKey, and 315 more.
src/components/ui/hover-card.tsx(13,6): error TS2339: Property 'className' does not exist on type '{}'.
src/components/ui/hover-card.tsx(13,17): error TS2339: Property 'align' does not exist on type '{}'.
src/components/ui/hover-card.tsx(13,35): error TS2339: Property 'sideOffset' does not exist on type '{}'.
src/components/ui/hover-card.tsx(15,7): error TS2322: Type 'ForwardedRef<unknown>' is not assignable to type 'LegacyRef<HTMLDivElement>'.
  Type 'MutableRefObject<unknown>' is not assignable to type 'LegacyRef<HTMLDivElement>'.
    Type 'MutableRefObject<unknown>' is not assignable to type 'RefObject<HTMLDivElement>'.
      Types of property 'current' are incompatible.
        Type '{}' is missing the following properties from type 'HTMLDivElement': align, addEventListener, removeEventListener, accessKey, and 315 more.
src/components/ui/input-otp.tsx(8,6): error TS2339: Property 'className' does not exist on type '{}'.
src/components/ui/input-otp.tsx(8,17): error TS2339: Property 'containerClassName' does not exist on type '{}'.
src/components/ui/input-otp.tsx(10,7): error TS2322: Type 'ForwardedRef<unknown>' is not assignable to type 'LegacyRef<HTMLInputElement>'.
  Type 'MutableRefObject<unknown>' is not assignable to type 'LegacyRef<HTMLInputElement>'.
    Type 'MutableRefObject<unknown>' is not assignable to type 'RefObject<HTMLInputElement>'.
      Types of property 'current' are incompatible.
        Type '{}' is missing the following properties from type 'HTMLInputElement': accept, align, alt, autocomplete, and 373 more.
src/components/ui/input-otp.tsx(22,43): error TS2339: Property 'className' does not exist on type '{}'.
src/components/ui/input-otp.tsx(23,8): error TS2322: Type 'ForwardedRef<unknown>' is not assignable to type 'LegacyRef<HTMLDivElement>'.
  Type 'MutableRefObject<unknown>' is not assignable to type 'LegacyRef<HTMLDivElement>'.
    Type 'MutableRefObject<unknown>' is not assignable to type 'RefObject<HTMLDivElement>'.
      Types of property 'current' are incompatible.
        Type '{}' is missing the following properties from type 'HTMLDivElement': align, addEventListener, removeEventListener, accessKey, and 315 more.
src/components/ui/input-otp.tsx(27,42): error TS2339: Property 'index' does not exist on type '{}'.
src/components/ui/input-otp.tsx(27,49): error TS2339: Property 'className' does not exist on type '{}'.
src/components/ui/input-otp.tsx(33,7): error TS2322: Type 'ForwardedRef<unknown>' is not assignable to type 'LegacyRef<HTMLDivElement>'.
  Type 'MutableRefObject<unknown>' is not assignable to type 'LegacyRef<HTMLDivElement>'.
    Type 'MutableRefObject<unknown>' is not assignable to type 'RefObject<HTMLDivElement>'.
      Types of property 'current' are incompatible.
        Type '{}' is missing the following properties from type 'HTMLDivElement': align, addEventListener, removeEventListener, accessKey, and 315 more.
src/components/ui/input-otp.tsx(53,8): error TS2322: Type 'ForwardedRef<unknown>' is not assignable to type 'LegacyRef<HTMLDivElement>'.
  Type 'MutableRefObject<unknown>' is not assignable to type 'LegacyRef<HTMLDivElement>'.
    Type 'MutableRefObject<unknown>' is not assignable to type 'RefObject<HTMLDivElement>'.
      Types of property 'current' are incompatible.
        Type '{}' is missing the following properties from type 'HTMLDivElement': align, addEventListener, removeEventListener, accessKey, and 315 more.
src/components/ui/menubar.tsx(29,37): error TS2339: Property 'className' does not exist on type '{}'.
src/components/ui/menubar.tsx(31,5): error TS2322: Type 'ForwardedRef<unknown>' is not assignable to type 'LegacyRef<HTMLDivElement>'.
  Type 'MutableRefObject<unknown>' is not assignable to type 'LegacyRef<HTMLDivElement>'.
    Type 'MutableRefObject<unknown>' is not assignable to type 'RefObject<HTMLDivElement>'.
      Types of property 'current' are incompatible.
        Type '{}' is missing the following properties from type 'HTMLDivElement': align, addEventListener, removeEventListener, accessKey, and 315 more.
src/components/ui/menubar.tsx(41,44): error TS2339: Property 'className' does not exist on type '{}'.
src/components/ui/menubar.tsx(43,5): error TS2322: Type 'ForwardedRef<unknown>' is not assignable to type 'LegacyRef<HTMLButtonElement>'.
  Type 'MutableRefObject<unknown>' is not assignable to type 'LegacyRef<HTMLButtonElement>'.
    Type 'MutableRefObject<unknown>' is not assignable to type 'RefObject<HTMLButtonElement>'.
      Types of property 'current' are incompatible.
        Type '{}' is missing the following properties from type 'HTMLButtonElement': disabled, form, formAction, formEnctype, and 333 more.
src/components/ui/menubar.tsx(54,6): error TS2339: Property 'className' does not exist on type '{}'.
src/components/ui/menubar.tsx(54,17): error TS2339: Property 'inset' does not exist on type '{}'.
src/components/ui/menubar.tsx(54,24): error TS2339: Property 'children' does not exist on type '{}'.
src/components/ui/menubar.tsx(56,7): error TS2322: Type 'ForwardedRef<unknown>' is not assignable to type 'LegacyRef<HTMLDivElement>'.
  Type 'MutableRefObject<unknown>' is not assignable to type 'LegacyRef<HTMLDivElement>'.
    Type 'MutableRefObject<unknown>' is not assignable to type 'RefObject<HTMLDivElement>'.
      Types of property 'current' are incompatible.
        Type '{}' is missing the following properties from type 'HTMLDivElement': align, addEventListener, removeEventListener, accessKey, and 315 more.
src/components/ui/menubar.tsx(71,47): error TS2339: Property 'className' does not exist on type '{}'.
src/components/ui/menubar.tsx(73,5): error TS2322: Type 'ForwardedRef<unknown>' is not assignable to type 'LegacyRef<HTMLDivElement>'.
  Type 'MutableRefObject<unknown>' is not assignable to type 'LegacyRef<HTMLDivElement>'.
    Type 'MutableRefObject<unknown>' is not assignable to type 'RefObject<HTMLDivElement>'.
      Types of property 'current' are incompatible.
        Type '{}' is missing the following properties from type 'HTMLDivElement': align, addEventListener, removeEventListener, accessKey, and 315 more.
src/components/ui/menubar.tsx(85,7): error TS2339: Property 'className' does not exist on type '{}'.
src/components/ui/menubar.tsx(85,18): error TS2339: Property 'align' does not exist on type '{}'.
src/components/ui/menubar.tsx(85,35): error TS2339: Property 'alignOffset' does not exist on type '{}'.
src/components/ui/menubar.tsx(85,53): error TS2339: Property 'sideOffset' does not exist on type '{}'.
src/components/ui/menubar.tsx(90,9): error TS2322: Type 'ForwardedRef<unknown>' is not assignable to type 'LegacyRef<HTMLDivElement>'.
  Type 'MutableRefObject<unknown>' is not assignable to type 'LegacyRef<HTMLDivElement>'.
    Type 'MutableRefObject<unknown>' is not assignable to type 'RefObject<HTMLDivElement>'.
      Types of property 'current' are incompatible.
        Type '{}' is missing the following properties from type 'HTMLDivElement': align, addEventListener, removeEventListener, accessKey, and 315 more.
src/components/ui/menubar.tsx(105,41): error TS2339: Property 'className' does not exist on type '{}'.
src/components/ui/menubar.tsx(105,52): error TS2339: Property 'inset' does not exist on type '{}'.
src/components/ui/menubar.tsx(107,5): error TS2322: Type 'ForwardedRef<unknown>' is not assignable to type 'LegacyRef<HTMLDivElement>'.
  Type 'MutableRefObject<unknown>' is not assignable to type 'LegacyRef<HTMLDivElement>'.
    Type 'MutableRefObject<unknown>' is not assignable to type 'RefObject<HTMLDivElement>'.
      Types of property 'current' are incompatible.
        Type '{}' is missing the following properties from type 'HTMLDivElement': align, addEventListener, removeEventListener, accessKey, and 315 more.
src/components/ui/menubar.tsx(119,6): error TS2339: Property 'className' does not exist on type '{}'.
src/components/ui/menubar.tsx(119,17): error TS2339: Property 'children' does not exist on type '{}'.
src/components/ui/menubar.tsx(119,27): error TS2339: Property 'checked' does not exist on type '{}'.
src/components/ui/menubar.tsx(121,7): error TS2322: Type 'ForwardedRef<unknown>' is not assignable to type 'LegacyRef<HTMLDivElement>'.
  Type 'MutableRefObject<unknown>' is not assignable to type 'LegacyRef<HTMLDivElement>'.
    Type 'MutableRefObject<unknown>' is not assignable to type 'RefObject<HTMLDivElement>'.
      Types of property 'current' are incompatible.
        Type '{}' is missing the following properties from type 'HTMLDivElement': align, addEventListener, removeEventListener, accessKey, and 315 more.
src/components/ui/menubar.tsx(141,6): error TS2339: Property 'className' does not exist on type '{}'.
src/components/ui/menubar.tsx(141,17): error TS2339: Property 'children' does not exist on type '{}'.
src/components/ui/menubar.tsx(143,7): error TS2322: Type 'ForwardedRef<unknown>' is not assignable to type 'LegacyRef<HTMLDivElement>'.
  Type 'MutableRefObject<unknown>' is not assignable to type 'LegacyRef<HTMLDivElement>'.
    Type 'MutableRefObject<unknown>' is not assignable to type 'RefObject<HTMLDivElement>'.
      Types of property 'current' are incompatible.
        Type '{}' is missing the following properties from type 'HTMLDivElement': align, addEventListener, removeEventListener, accessKey, and 315 more.
src/components/ui/menubar.tsx(161,42): error TS2339: Property 'className' does not exist on type '{}'.
src/components/ui/menubar.tsx(161,53): error TS2339: Property 'inset' does not exist on type '{}'.
src/components/ui/menubar.tsx(163,5): error TS2322: Type 'ForwardedRef<unknown>' is not assignable to type 'LegacyRef<HTMLDivElement>'.
  Type 'MutableRefObject<unknown>' is not assignable to type 'LegacyRef<HTMLDivElement>'.
    Type 'MutableRefObject<unknown>' is not assignable to type 'RefObject<HTMLDivElement>'.
      Types of property 'current' are incompatible.
        Type '{}' is missing the following properties from type 'HTMLDivElement': align, addEventListener, removeEventListener, accessKey, and 315 more.
src/components/ui/menubar.tsx(174,46): error TS2339: Property 'className' does not exist on type '{}'.
src/components/ui/menubar.tsx(176,5): error TS2322: Type 'ForwardedRef<unknown>' is not assignable to type 'LegacyRef<HTMLDivElement>'.
  Type 'MutableRefObject<unknown>' is not assignable to type 'LegacyRef<HTMLDivElement>'.
    Type 'MutableRefObject<unknown>' is not assignable to type 'RefObject<HTMLDivElement>'.
      Types of property 'current' are incompatible.
        Type '{}' is missing the following properties from type 'HTMLDivElement': align, addEventListener, removeEventListener, accessKey, and 315 more.
src/components/ui/navigation-menu.tsx(9,6): error TS2339: Property 'className' does not exist on type '{}'.
src/components/ui/navigation-menu.tsx(9,17): error TS2339: Property 'children' does not exist on type '{}'.
src/components/ui/navigation-menu.tsx(11,7): error TS2322: Type 'ForwardedRef<unknown>' is not assignable to type 'LegacyRef<HTMLElement>'.
  Type 'MutableRefObject<unknown>' is not assignable to type 'LegacyRef<HTMLElement>'.
    Type 'MutableRefObject<unknown>' is not assignable to type 'RefObject<HTMLElement>'.
      Types of property 'current' are incompatible.
        Type '{}' is missing the following properties from type 'HTMLElement': accessKey, accessKeyLabel, autocapitalize, autocorrect, and 314 more.
src/components/ui/navigation-menu.tsx(25,48): error TS2339: Property 'className' does not exist on type '{}'.
src/components/ui/navigation-menu.tsx(27,5): error TS2322: Type 'ForwardedRef<unknown>' is not assignable to type 'LegacyRef<HTMLUListElement>'.
  Type 'MutableRefObject<unknown>' is not assignable to type 'LegacyRef<HTMLUListElement>'.
    Type 'MutableRefObject<unknown>' is not assignable to type 'RefObject<HTMLUListElement>'.
      Types of property 'current' are incompatible.
        Type '{}' is missing the following properties from type 'HTMLUListElement': compact, type, addEventListener, removeEventListener, and 316 more.
src/components/ui/navigation-menu.tsx(44,6): error TS2339: Property 'className' does not exist on type '{}'.
src/components/ui/navigation-menu.tsx(44,17): error TS2339: Property 'children' does not exist on type '{}'.
src/components/ui/navigation-menu.tsx(46,7): error TS2322: Type 'ForwardedRef<unknown>' is not assignable to type 'LegacyRef<HTMLButtonElement>'.
  Type 'MutableRefObject<unknown>' is not assignable to type 'LegacyRef<HTMLButtonElement>'.
    Type 'MutableRefObject<unknown>' is not assignable to type 'RefObject<HTMLButtonElement>'.
      Types of property 'current' are incompatible.
        Type '{}' is missing the following properties from type 'HTMLButtonElement': disabled, form, formAction, formEnctype, and 333 more.
src/components/ui/navigation-menu.tsx(61,6): error TS2339: Property 'className' does not exist on type '{}'.
src/components/ui/navigation-menu.tsx(63,7): error TS2322: Type 'ForwardedRef<unknown>' is not assignable to type 'LegacyRef<HTMLDivElement>'.
  Type 'MutableRefObject<unknown>' is not assignable to type 'LegacyRef<HTMLDivElement>'.
    Type 'MutableRefObject<unknown>' is not assignable to type 'RefObject<HTMLDivElement>'.
      Types of property 'current' are incompatible.
        Type '{}' is missing the following properties from type 'HTMLDivElement': align, addEventListener, removeEventListener, accessKey, and 315 more.
src/components/ui/navigation-menu.tsx(77,6): error TS2339: Property 'className' does not exist on type '{}'.
src/components/ui/navigation-menu.tsx(84,9): error TS2322: Type 'ForwardedRef<unknown>' is not assignable to type 'LegacyRef<HTMLDivElement>'.
  Type 'MutableRefObject<unknown>' is not assignable to type 'LegacyRef<HTMLDivElement>'.
    Type 'MutableRefObject<unknown>' is not assignable to type 'RefObject<HTMLDivElement>'.
      Types of property 'current' are incompatible.
        Type '{}' is missing the following properties from type 'HTMLDivElement': align, addEventListener, removeEventListener, accessKey, and 315 more.
src/components/ui/navigation-menu.tsx(94,6): error TS2339: Property 'className' does not exist on type '{}'.
src/components/ui/navigation-menu.tsx(96,7): error TS2322: Type 'ForwardedRef<unknown>' is not assignable to type 'LegacyRef<HTMLDivElement>'.
  Type 'MutableRefObject<unknown>' is not assignable to type 'LegacyRef<HTMLDivElement>'.
    Type 'MutableRefObject<unknown>' is not assignable to type 'RefObject<HTMLDivElement>'.
      Types of property 'current' are incompatible.
        Type '{}' is missing the following properties from type 'HTMLDivElement': align, addEventListener, removeEventListener, accessKey, and 315 more.
src/components/ui/pagination.tsx(17,47): error TS2339: Property 'className' does not exist on type '{}'.
src/components/ui/pagination.tsx(19,5): error TS2322: Type 'ForwardedRef<unknown>' is not assignable to type 'LegacyRef<HTMLUListElement>'.
  Type 'MutableRefObject<unknown>' is not assignable to type 'LegacyRef<HTMLUListElement>'.
    Type 'MutableRefObject<unknown>' is not assignable to type 'RefObject<HTMLUListElement>'.
      Types of property 'current' are incompatible.
        Type '{}' is missing the following properties from type 'HTMLUListElement': compact, type, addEventListener, removeEventListener, and 316 more.
src/components/ui/pagination.tsx(26,44): error TS2339: Property 'className' does not exist on type '{}'.
src/components/ui/pagination.tsx(27,7): error TS2322: Type 'ForwardedRef<unknown>' is not assignable to type 'LegacyRef<HTMLLIElement>'.
  Type 'MutableRefObject<unknown>' is not assignable to type 'LegacyRef<HTMLLIElement>'.
    Type 'MutableRefObject<unknown>' is not assignable to type 'RefObject<HTMLLIElement>'.
      Types of property 'current' are incompatible.
        Type '{}' is missing the following properties from type 'HTMLLIElement': type, value, addEventListener, removeEventListener, and 316 more.
src/components/ui/pagination.tsx(37,9): error TS2322: Type 'string' is not assignable to type '"default" | "sm" | "lg" | "icon"'.
src/components/ui/pagination.tsx(47,4): error TS2741: Property 'isActive' is missing in type '{ children: Element[]; "aria-label": string; size: string; className: string; }' but required in type '{ [x: string]: any; className: any; isActive: any; size?: string; }'.
src/components/ui/pagination.tsx(60,4): error TS2741: Property 'isActive' is missing in type '{ children: Element[]; "aria-label": string; size: string; className: string; }' but required in type '{ [x: string]: any; className: any; isActive: any; size?: string; }'.
src/components/ui/popover.tsx(13,6): error TS2339: Property 'className' does not exist on type '{}'.
src/components/ui/popover.tsx(13,17): error TS2339: Property 'align' does not exist on type '{}'.
src/components/ui/popover.tsx(13,35): error TS2339: Property 'sideOffset' does not exist on type '{}'.
src/components/ui/popover.tsx(16,9): error TS2322: Type 'ForwardedRef<unknown>' is not assignable to type 'LegacyRef<HTMLDivElement>'.
  Type 'MutableRefObject<unknown>' is not assignable to type 'LegacyRef<HTMLDivElement>'.
    Type 'MutableRefObject<unknown>' is not assignable to type 'RefObject<HTMLDivElement>'.
      Types of property 'current' are incompatible.
        Type '{}' is missing the following properties from type 'HTMLDivElement': align, addEventListener, removeEventListener, accessKey, and 315 more.
src/components/ui/radio-group.tsx(7,40): error TS2339: Property 'className' does not exist on type '{}'.
src/components/ui/radio-group.tsx(12,7): error TS2322: Type 'ForwardedRef<unknown>' is not assignable to type 'LegacyRef<HTMLDivElement>'.
  Type 'MutableRefObject<unknown>' is not assignable to type 'LegacyRef<HTMLDivElement>'.
    Type 'MutableRefObject<unknown>' is not assignable to type 'RefObject<HTMLDivElement>'.
      Types of property 'current' are incompatible.
        Type '{}' is missing the following properties from type 'HTMLDivElement': align, addEventListener, removeEventListener, accessKey, and 315 more.
src/components/ui/radio-group.tsx(18,44): error TS2339: Property 'className' does not exist on type '{}'.
src/components/ui/radio-group.tsx(21,7): error TS2322: Type 'ForwardedRef<unknown>' is not assignable to type 'LegacyRef<HTMLButtonElement>'.
  Type 'MutableRefObject<unknown>' is not assignable to type 'LegacyRef<HTMLButtonElement>'.
    Type 'MutableRefObject<unknown>' is not assignable to type 'RefObject<HTMLButtonElement>'.
      Types of property 'current' are incompatible.
        Type '{}' is missing the following properties from type 'HTMLButtonElement': disabled, form, formAction, formEnctype, and 333 more.
src/components/ui/resizable.tsx(9,4): error TS2741: Property 'direction' is missing in type '{ className: string; }' but required in type '{ autoSaveId?: string; className?: string; direction: Direction; id?: string; keyboardResizeBy?: number; onLayout?: PanelGroupOnLayout; storage?: PanelGroupStorage; style?: CSSProperties; tagName?: keyof HTMLElementTagNameMap; dir?: "auto" | ... 1 more ... | "rtl"; }'.
src/components/ui/scroll-area.tsx(7,6): error TS2339: Property 'className' does not exist on type '{}'.
src/components/ui/scroll-area.tsx(7,17): error TS2339: Property 'children' does not exist on type '{}'.
src/components/ui/scroll-area.tsx(9,7): error TS2322: Type 'ForwardedRef<unknown>' is not assignable to type 'LegacyRef<HTMLDivElement>'.
  Type 'MutableRefObject<unknown>' is not assignable to type 'LegacyRef<HTMLDivElement>'.
    Type 'MutableRefObject<unknown>' is not assignable to type 'RefObject<HTMLDivElement>'.
      Types of property 'current' are incompatible.
        Type '{}' is missing the following properties from type 'HTMLDivElement': align, addEventListener, removeEventListener, accessKey, and 315 more.
src/components/ui/scroll-area.tsx(24,6): error TS2339: Property 'className' does not exist on type '{}'.
src/components/ui/scroll-area.tsx(24,17): error TS2339: Property 'orientation' does not exist on type '{}'.
src/components/ui/scroll-area.tsx(26,7): error TS2322: Type 'ForwardedRef<unknown>' is not assignable to type 'LegacyRef<HTMLDivElement>'.
  Type 'MutableRefObject<unknown>' is not assignable to type 'LegacyRef<HTMLDivElement>'.
    Type 'MutableRefObject<unknown>' is not assignable to type 'RefObject<HTMLDivElement>'.
      Types of property 'current' are incompatible.
        Type '{}' is missing the following properties from type 'HTMLDivElement': align, addEventListener, removeEventListener, accessKey, and 315 more.
src/components/ui/separator.tsx(8,7): error TS2339: Property 'className' does not exist on type '{}'.
src/components/ui/separator.tsx(8,18): error TS2339: Property 'orientation' does not exist on type '{}'.
src/components/ui/separator.tsx(8,46): error TS2339: Property 'decorative' does not exist on type '{}'.
src/components/ui/separator.tsx(12,7): error TS2322: Type 'ForwardedRef<unknown>' is not assignable to type 'LegacyRef<HTMLDivElement>'.
  Type 'MutableRefObject<unknown>' is not assignable to type 'LegacyRef<HTMLDivElement>'.
    Type 'MutableRefObject<unknown>' is not assignable to type 'RefObject<HTMLDivElement>'.
      Types of property 'current' are incompatible.
        Type '{}' is missing the following properties from type 'HTMLDivElement': align, addEventListener, removeEventListener, accessKey, and 315 more.
src/components/ui/sheet.tsx(17,42): error TS2339: Property 'className' does not exist on type '{}'.
src/components/ui/sheet.tsx(24,5): error TS2322: Type 'ForwardedRef<unknown>' is not assignable to type 'LegacyRef<HTMLDivElement>'.
  Type 'MutableRefObject<unknown>' is not assignable to type 'LegacyRef<HTMLDivElement>'.
    Type 'MutableRefObject<unknown>' is not assignable to type 'RefObject<HTMLDivElement>'.
      Types of property 'current' are incompatible.
        Type '{}' is missing the following properties from type 'HTMLDivElement': align, addEventListener, removeEventListener, accessKey, and 315 more.
src/components/ui/sheet.tsx(49,6): error TS2339: Property 'side' does not exist on type '{}'.
src/components/ui/sheet.tsx(49,22): error TS2339: Property 'className' does not exist on type '{}'.
src/components/ui/sheet.tsx(49,33): error TS2339: Property 'children' does not exist on type '{}'.
src/components/ui/sheet.tsx(53,9): error TS2322: Type 'ForwardedRef<unknown>' is not assignable to type 'LegacyRef<HTMLDivElement>'.
  Type 'MutableRefObject<unknown>' is not assignable to type 'LegacyRef<HTMLDivElement>'.
    Type 'MutableRefObject<unknown>' is not assignable to type 'RefObject<HTMLDivElement>'.
      Types of property 'current' are incompatible.
        Type '{}' is missing the following properties from type 'HTMLDivElement': align, addEventListener, removeEventListener, accessKey, and 315 more.
src/components/ui/sheet.tsx(90,40): error TS2339: Property 'className' does not exist on type '{}'.
src/components/ui/sheet.tsx(92,5): error TS2322: Type 'ForwardedRef<unknown>' is not assignable to type 'LegacyRef<HTMLHeadingElement>'.
  Type 'MutableRefObject<unknown>' is not assignable to type 'LegacyRef<HTMLHeadingElement>'.
    Type 'MutableRefObject<unknown>' is not assignable to type 'RefObject<HTMLHeadingElement>'.
      Types of property 'current' are incompatible.
        Type '{}' is missing the following properties from type 'HTMLHeadingElement': align, addEventListener, removeEventListener, accessKey, and 315 more.
src/components/ui/sheet.tsx(99,46): error TS2339: Property 'className' does not exist on type '{}'.
src/components/ui/sheet.tsx(101,5): error TS2322: Type 'ForwardedRef<unknown>' is not assignable to type 'LegacyRef<HTMLParagraphElement>'.
  Type 'MutableRefObject<unknown>' is not assignable to type 'LegacyRef<HTMLParagraphElement>'.
    Type 'MutableRefObject<unknown>' is not assignable to type 'RefObject<HTMLParagraphElement>'.
      Types of property 'current' are incompatible.
        Type '{}' is missing the following properties from type 'HTMLParagraphElement': align, addEventListener, removeEventListener, accessKey, and 315 more.
src/components/ui/sidebar.tsx(41,7): error TS2339: Property 'defaultOpen' does not exist on type '{}'.
src/components/ui/sidebar.tsx(42,7): error TS2339: Property 'open' does not exist on type '{}'.
src/components/ui/sidebar.tsx(43,7): error TS2339: Property 'onOpenChange' does not exist on type '{}'.
src/components/ui/sidebar.tsx(44,7): error TS2339: Property 'className' does not exist on type '{}'.
src/components/ui/sidebar.tsx(45,7): error TS2339: Property 'style' does not exist on type '{}'.
src/components/ui/sidebar.tsx(46,7): error TS2339: Property 'children' does not exist on type '{}'.
src/components/ui/sidebar.tsx(134,13): error TS2322: Type 'ForwardedRef<unknown>' is not assignable to type 'LegacyRef<HTMLDivElement>'.
  Type 'MutableRefObject<unknown>' is not assignable to type 'LegacyRef<HTMLDivElement>'.
    Type 'MutableRefObject<unknown>' is not assignable to type 'RefObject<HTMLDivElement>'.
      Types of property 'current' are incompatible.
        Type '{}' is missing the following properties from type 'HTMLDivElement': align, addEventListener, removeEventListener, accessKey, and 315 more.
src/components/ui/sidebar.tsx(149,7): error TS2339: Property 'side' does not exist on type '{}'.
src/components/ui/sidebar.tsx(150,7): error TS2339: Property 'variant' does not exist on type '{}'.
src/components/ui/sidebar.tsx(151,7): error TS2339: Property 'collapsible' does not exist on type '{}'.
src/components/ui/sidebar.tsx(152,7): error TS2339: Property 'className' does not exist on type '{}'.
src/components/ui/sidebar.tsx(153,7): error TS2339: Property 'children' does not exist on type '{}'.
src/components/ui/sidebar.tsx(167,11): error TS2322: Type 'ForwardedRef<unknown>' is not assignable to type 'LegacyRef<HTMLDivElement>'.
  Type 'MutableRefObject<unknown>' is not assignable to type 'LegacyRef<HTMLDivElement>'.
    Type 'MutableRefObject<unknown>' is not assignable to type 'RefObject<HTMLDivElement>'.
      Types of property 'current' are incompatible.
        Type '{}' is missing the following properties from type 'HTMLDivElement': align, addEventListener, removeEventListener, accessKey, and 315 more.
src/components/ui/sidebar.tsx(178,12): error TS2322: Type '{ children: Element; "data-sidebar": string; "data-mobile": string; className: string; style: { "--sidebar-width": string; }; side: any; }' is not assignable to type 'IntrinsicAttributes & RefAttributes<unknown>'.
  Property 'children' does not exist on type 'IntrinsicAttributes & RefAttributes<unknown>'.
src/components/ui/sidebar.tsx(195,9): error TS2322: Type 'ForwardedRef<unknown>' is not assignable to type 'LegacyRef<HTMLDivElement>'.
  Type 'MutableRefObject<unknown>' is not assignable to type 'LegacyRef<HTMLDivElement>'.
    Type 'MutableRefObject<unknown>' is not assignable to type 'RefObject<HTMLDivElement>'.
      Types of property 'current' are incompatible.
        Type '{}' is missing the following properties from type 'HTMLDivElement': align, addEventListener, removeEventListener, accessKey, and 315 more.
src/components/ui/sidebar.tsx(241,6): error TS2339: Property 'className' does not exist on type '{}'.
src/components/ui/sidebar.tsx(241,17): error TS2339: Property 'onClick' does not exist on type '{}'.
src/components/ui/sidebar.tsx(246,9): error TS2322: Type 'ForwardedRef<unknown>' is not assignable to type 'LegacyRef<HTMLButtonElement>'.
  Type 'MutableRefObject<unknown>' is not assignable to type 'LegacyRef<HTMLButtonElement>'.
    Type 'MutableRefObject<unknown>' is not assignable to type 'RefObject<HTMLButtonElement>'.
      Types of property 'current' are incompatible.
        Type '{}' is missing the following properties from type 'HTMLButtonElement': disabled, form, formAction, formEnctype, and 333 more.
src/components/ui/sidebar.tsx(265,41): error TS2339: Property 'className' does not exist on type '{}'.
src/components/ui/sidebar.tsx(270,7): error TS2322: Type 'ForwardedRef<unknown>' is not assignable to type 'LegacyRef<HTMLButtonElement>'.
  Type 'MutableRefObject<unknown>' is not assignable to type 'LegacyRef<HTMLButtonElement>'.
    Type 'MutableRefObject<unknown>' is not assignable to type 'RefObject<HTMLButtonElement>'.
      Types of property 'current' are incompatible.
        Type '{}' is missing the following properties from type 'HTMLButtonElement': disabled, form, formAction, formEnctype, and 333 more.
src/components/ui/sidebar.tsx(291,42): error TS2339: Property 'className' does not exist on type '{}'.
src/components/ui/sidebar.tsx(294,7): error TS2322: Type 'ForwardedRef<unknown>' is not assignable to type 'LegacyRef<HTMLElement>'.
  Type 'MutableRefObject<unknown>' is not assignable to type 'LegacyRef<HTMLElement>'.
    Type 'MutableRefObject<unknown>' is not assignable to type 'RefObject<HTMLElement>'.
      Types of property 'current' are incompatible.
        Type '{}' is missing the following properties from type 'HTMLElement': accessKey, accessKeyLabel, autocapitalize, autocorrect, and 314 more.
src/components/ui/sidebar.tsx(306,42): error TS2339: Property 'className' does not exist on type '{}'.
src/components/ui/sidebar.tsx(309,7): error TS2322: Type 'ForwardedRef<unknown>' is not assignable to type 'LegacyRef<HTMLInputElement>'.
  Type 'MutableRefObject<unknown>' is not assignable to type 'LegacyRef<HTMLInputElement>'.
    Type 'MutableRefObject<unknown>' is not assignable to type 'RefObject<HTMLInputElement>'.
      Types of property 'current' are incompatible.
        Type '{}' is missing the following properties from type 'HTMLInputElement': accept, align, alt, autocomplete, and 373 more.
src/components/ui/sidebar.tsx(321,43): error TS2339: Property 'className' does not exist on type '{}'.
src/components/ui/sidebar.tsx(324,7): error TS2322: Type 'ForwardedRef<unknown>' is not assignable to type 'LegacyRef<HTMLDivElement>'.
  Type 'MutableRefObject<unknown>' is not assignable to type 'LegacyRef<HTMLDivElement>'.
    Type 'MutableRefObject<unknown>' is not assignable to type 'RefObject<HTMLDivElement>'.
      Types of property 'current' are incompatible.
        Type '{}' is missing the following properties from type 'HTMLDivElement': align, addEventListener, removeEventListener, accessKey, and 315 more.
src/components/ui/sidebar.tsx(333,43): error TS2339: Property 'className' does not exist on type '{}'.
src/components/ui/sidebar.tsx(336,7): error TS2322: Type 'ForwardedRef<unknown>' is not assignable to type 'LegacyRef<HTMLDivElement>'.
  Type 'MutableRefObject<unknown>' is not assignable to type 'LegacyRef<HTMLDivElement>'.
    Type 'MutableRefObject<unknown>' is not assignable to type 'RefObject<HTMLDivElement>'.
      Types of property 'current' are incompatible.
        Type '{}' is missing the following properties from type 'HTMLDivElement': align, addEventListener, removeEventListener, accessKey, and 315 more.
src/components/ui/sidebar.tsx(345,46): error TS2339: Property 'className' does not exist on type '{}'.
src/components/ui/sidebar.tsx(350,7): error TS2322: Type '{ ref: ForwardedRef<unknown>; "data-sidebar": string; className: string; }' is not assignable to type 'IntrinsicAttributes & RefAttributes<unknown>'.
  Property 'className' does not exist on type 'IntrinsicAttributes & RefAttributes<unknown>'.
src/components/ui/sidebar.tsx(357,44): error TS2339: Property 'className' does not exist on type '{}'.
src/components/ui/sidebar.tsx(360,7): error TS2322: Type 'ForwardedRef<unknown>' is not assignable to type 'LegacyRef<HTMLDivElement>'.
  Type 'MutableRefObject<unknown>' is not assignable to type 'LegacyRef<HTMLDivElement>'.
    Type 'MutableRefObject<unknown>' is not assignable to type 'RefObject<HTMLDivElement>'.
      Types of property 'current' are incompatible.
        Type '{}' is missing the following properties from type 'HTMLDivElement': align, addEventListener, removeEventListener, accessKey, and 315 more.
src/components/ui/sidebar.tsx(372,42): error TS2339: Property 'className' does not exist on type '{}'.
src/components/ui/sidebar.tsx(375,7): error TS2322: Type 'ForwardedRef<unknown>' is not assignable to type 'LegacyRef<HTMLDivElement>'.
  Type 'MutableRefObject<unknown>' is not assignable to type 'LegacyRef<HTMLDivElement>'.
    Type 'MutableRefObject<unknown>' is not assignable to type 'RefObject<HTMLDivElement>'.
      Types of property 'current' are incompatible.
        Type '{}' is missing the following properties from type 'HTMLDivElement': align, addEventListener, removeEventListener, accessKey, and 315 more.
src/components/ui/sidebar.tsx(385,6): error TS2339: Property 'className' does not exist on type '{}'.
src/components/ui/sidebar.tsx(385,17): error TS2339: Property 'asChild' does not exist on type '{}'.
src/components/ui/sidebar.tsx(390,9): error TS2322: Type 'ForwardedRef<unknown>' is not assignable to type 'LegacyRef<HTMLDivElement>'.
  Type 'MutableRefObject<unknown>' is not assignable to type 'LegacyRef<HTMLDivElement>'.
    Type 'MutableRefObject<unknown>' is not assignable to type 'RefObject<HTMLDivElement>'.
      Types of property 'current' are incompatible.
        Type '{}' is missing the following properties from type 'HTMLDivElement': align, addEventListener, removeEventListener, accessKey, and 315 more.
src/components/ui/sidebar.tsx(405,6): error TS2339: Property 'className' does not exist on type '{}'.
src/components/ui/sidebar.tsx(405,17): error TS2339: Property 'asChild' does not exist on type '{}'.
src/components/ui/sidebar.tsx(410,9): error TS2322: Type 'ForwardedRef<unknown>' is not assignable to type 'LegacyRef<HTMLButtonElement>'.
  Type 'MutableRefObject<unknown>' is not assignable to type 'LegacyRef<HTMLButtonElement>'.
    Type 'MutableRefObject<unknown>' is not assignable to type 'RefObject<HTMLButtonElement>'.
      Types of property 'current' are incompatible.
        Type '{}' is missing the following properties from type 'HTMLButtonElement': disabled, form, formAction, formEnctype, and 333 more.
src/components/ui/sidebar.tsx(426,49): error TS2339: Property 'className' does not exist on type '{}'.
src/components/ui/sidebar.tsx(428,5): error TS2322: Type 'ForwardedRef<unknown>' is not assignable to type 'LegacyRef<HTMLDivElement>'.
  Type 'MutableRefObject<unknown>' is not assignable to type 'LegacyRef<HTMLDivElement>'.
    Type 'MutableRefObject<unknown>' is not assignable to type 'RefObject<HTMLDivElement>'.
      Types of property 'current' are incompatible.
        Type '{}' is missing the following properties from type 'HTMLDivElement': align, addEventListener, removeEventListener, accessKey, and 315 more.
src/components/ui/sidebar.tsx(436,41): error TS2339: Property 'className' does not exist on type '{}'.
src/components/ui/sidebar.tsx(438,5): error TS2322: Type 'ForwardedRef<unknown>' is not assignable to type 'LegacyRef<HTMLUListElement>'.
  Type 'MutableRefObject<unknown>' is not assignable to type 'LegacyRef<HTMLUListElement>'.
    Type 'MutableRefObject<unknown>' is not assignable to type 'RefObject<HTMLUListElement>'.
      Types of property 'current' are incompatible.
        Type '{}' is missing the following properties from type 'HTMLUListElement': compact, type, addEventListener, removeEventListener, and 316 more.
src/components/ui/sidebar.tsx(446,45): error TS2339: Property 'className' does not exist on type '{}'.
src/components/ui/sidebar.tsx(448,5): error TS2322: Type 'ForwardedRef<unknown>' is not assignable to type 'LegacyRef<HTMLLIElement>'.
  Type 'MutableRefObject<unknown>' is not assignable to type 'LegacyRef<HTMLLIElement>'.
    Type 'MutableRefObject<unknown>' is not assignable to type 'RefObject<HTMLLIElement>'.
      Types of property 'current' are incompatible.
        Type '{}' is missing the following properties from type 'HTMLLIElement': type, value, addEventListener, removeEventListener, and 316 more.
src/components/ui/sidebar.tsx(481,7): error TS2339: Property 'asChild' does not exist on type '{}'.
src/components/ui/sidebar.tsx(482,7): error TS2339: Property 'isActive' does not exist on type '{}'.
src/components/ui/sidebar.tsx(483,7): error TS2339: Property 'variant' does not exist on type '{}'.
src/components/ui/sidebar.tsx(484,7): error TS2339: Property 'size' does not exist on type '{}'.
src/components/ui/sidebar.tsx(485,7): error TS2339: Property 'tooltip' does not exist on type '{}'.
src/components/ui/sidebar.tsx(486,7): error TS2339: Property 'className' does not exist on type '{}'.
src/components/ui/sidebar.tsx(496,9): error TS2322: Type 'ForwardedRef<unknown>' is not assignable to type 'LegacyRef<HTMLButtonElement>'.
  Type 'MutableRefObject<unknown>' is not assignable to type 'LegacyRef<HTMLButtonElement>'.
    Type 'MutableRefObject<unknown>' is not assignable to type 'RefObject<HTMLButtonElement>'.
      Types of property 'current' are incompatible.
        Type '{}' is missing the following properties from type 'HTMLButtonElement': disabled, form, formAction, formEnctype, and 333 more.
src/components/ui/sidebar.tsx(531,6): error TS2339: Property 'className' does not exist on type '{}'.
src/components/ui/sidebar.tsx(531,17): error TS2339: Property 'asChild' does not exist on type '{}'.
src/components/ui/sidebar.tsx(531,34): error TS2339: Property 'showOnHover' does not exist on type '{}'.
src/components/ui/sidebar.tsx(536,9): error TS2322: Type 'ForwardedRef<unknown>' is not assignable to type 'LegacyRef<HTMLButtonElement>'.
  Type 'MutableRefObject<unknown>' is not assignable to type 'LegacyRef<HTMLButtonElement>'.
    Type 'MutableRefObject<unknown>' is not assignable to type 'RefObject<HTMLButtonElement>'.
      Types of property 'current' are incompatible.
        Type '{}' is missing the following properties from type 'HTMLButtonElement': disabled, form, formAction, formEnctype, and 333 more.
src/components/ui/sidebar.tsx(557,46): error TS2339: Property 'className' does not exist on type '{}'.
src/components/ui/sidebar.tsx(559,5): error TS2322: Type 'ForwardedRef<unknown>' is not assignable to type 'LegacyRef<HTMLDivElement>'.
  Type 'MutableRefObject<unknown>' is not assignable to type 'LegacyRef<HTMLDivElement>'.
    Type 'MutableRefObject<unknown>' is not assignable to type 'RefObject<HTMLDivElement>'.
      Types of property 'current' are incompatible.
        Type '{}' is missing the following properties from type 'HTMLDivElement': align, addEventListener, removeEventListener, accessKey, and 315 more.
src/components/ui/sidebar.tsx(576,6): error TS2339: Property 'className' does not exist on type '{}'.
src/components/ui/sidebar.tsx(576,17): error TS2339: Property 'showIcon' does not exist on type '{}'.
src/components/ui/sidebar.tsx(584,9): error TS2322: Type 'ForwardedRef<unknown>' is not assignable to type 'LegacyRef<HTMLDivElement>'.
  Type 'MutableRefObject<unknown>' is not assignable to type 'LegacyRef<HTMLDivElement>'.
    Type 'MutableRefObject<unknown>' is not assignable to type 'RefObject<HTMLDivElement>'.
      Types of property 'current' are incompatible.
        Type '{}' is missing the following properties from type 'HTMLDivElement': align, addEventListener, removeEventListener, accessKey, and 315 more.
src/components/ui/sidebar.tsx(608,44): error TS2339: Property 'className' does not exist on type '{}'.
src/components/ui/sidebar.tsx(610,5): error TS2322: Type 'ForwardedRef<unknown>' is not assignable to type 'LegacyRef<HTMLUListElement>'.
  Type 'MutableRefObject<unknown>' is not assignable to type 'LegacyRef<HTMLUListElement>'.
    Type 'MutableRefObject<unknown>' is not assignable to type 'RefObject<HTMLUListElement>'.
      Types of property 'current' are incompatible.
        Type '{}' is missing the following properties from type 'HTMLUListElement': compact, type, addEventListener, removeEventListener, and 316 more.
src/components/ui/sidebar.tsx(623,7): error TS2322: Type 'ForwardedRef<unknown>' is not assignable to type 'LegacyRef<HTMLLIElement>'.
  Type 'MutableRefObject<unknown>' is not assignable to type 'LegacyRef<HTMLLIElement>'.
    Type 'MutableRefObject<unknown>' is not assignable to type 'RefObject<HTMLLIElement>'.
      Types of property 'current' are incompatible.
        Type '{}' is missing the following properties from type 'HTMLLIElement': type, value, addEventListener, removeEventListener, and 316 more.
src/components/ui/sidebar.tsx(628,6): error TS2339: Property 'asChild' does not exist on type '{}'.
src/components/ui/sidebar.tsx(628,23): error TS2339: Property 'size' does not exist on type '{}'.
src/components/ui/sidebar.tsx(628,36): error TS2339: Property 'isActive' does not exist on type '{}'.
src/components/ui/sidebar.tsx(628,46): error TS2339: Property 'className' does not exist on type '{}'.
src/components/ui/sidebar.tsx(633,9): error TS2322: Type 'ForwardedRef<unknown>' is not assignable to type 'LegacyRef<HTMLAnchorElement>'.
  Type 'MutableRefObject<unknown>' is not assignable to type 'LegacyRef<HTMLAnchorElement>'.
    Type 'MutableRefObject<unknown>' is not assignable to type 'RefObject<HTMLAnchorElement>'.
      Types of property 'current' are incompatible.
        Type '{}' is missing the following properties from type 'HTMLAnchorElement': charset, coords, download, hreflang, and 339 more.
src/components/ui/slider.tsx(6,36): error TS2339: Property 'className' does not exist on type '{}'.
src/components/ui/slider.tsx(8,5): error TS2322: Type 'ForwardedRef<unknown>' is not assignable to type 'LegacyRef<HTMLSpanElement>'.
  Type 'MutableRefObject<unknown>' is not assignable to type 'LegacyRef<HTMLSpanElement>'.
    Type 'MutableRefObject<unknown>' is not assignable to type 'RefObject<HTMLSpanElement>'.
      Types of property 'current' are incompatible.
        Type '{}' is missing the following properties from type 'HTMLSpanElement': addEventListener, removeEventListener, accessKey, accessKeyLabel, and 314 more.
src/components/ui/sonner.tsx(10,7): error TS2322: Type 'string' is not assignable to type '"light" | "dark" | "system"'.
src/components/ui/switch.tsx(6,36): error TS2339: Property 'className' does not exist on type '{}'.
src/components/ui/switch.tsx(13,5): error TS2322: Type 'ForwardedRef<unknown>' is not assignable to type 'LegacyRef<HTMLButtonElement>'.
  Type 'MutableRefObject<unknown>' is not assignable to type 'LegacyRef<HTMLButtonElement>'.
    Type 'MutableRefObject<unknown>' is not assignable to type 'RefObject<HTMLButtonElement>'.
      Types of property 'current' are incompatible.
        Type '{}' is missing the following properties from type 'HTMLButtonElement': disabled, form, formAction, formEnctype, and 333 more.
src/components/ui/table.tsx(5,35): error TS2339: Property 'className' does not exist on type '{}'.
src/components/ui/table.tsx(8,7): error TS2322: Type 'ForwardedRef<unknown>' is not assignable to type 'LegacyRef<HTMLTableElement>'.
  Type 'MutableRefObject<unknown>' is not assignable to type 'LegacyRef<HTMLTableElement>'.
    Type 'MutableRefObject<unknown>' is not assignable to type 'RefObject<HTMLTableElement>'.
      Types of property 'current' are incompatible.
        Type '{}' is missing the following properties from type 'HTMLTableElement': align, bgColor, border, caption, and 337 more.
src/components/ui/table.tsx(16,41): error TS2339: Property 'className' does not exist on type '{}'.
src/components/ui/table.tsx(17,10): error TS2322: Type 'ForwardedRef<unknown>' is not assignable to type 'LegacyRef<HTMLTableSectionElement>'.
  Type 'MutableRefObject<unknown>' is not assignable to type 'LegacyRef<HTMLTableSectionElement>'.
    Type 'MutableRefObject<unknown>' is not assignable to type 'RefObject<HTMLTableSectionElement>'.
      Types of property 'current' are incompatible.
        Type '{}' is missing the following properties from type 'HTMLTableSectionElement': align, ch, chOff, rows, and 321 more.
src/components/ui/table.tsx(21,39): error TS2339: Property 'className' does not exist on type '{}'.
src/components/ui/table.tsx(23,5): error TS2322: Type 'ForwardedRef<unknown>' is not assignable to type 'LegacyRef<HTMLTableSectionElement>'.
  Type 'MutableRefObject<unknown>' is not assignable to type 'LegacyRef<HTMLTableSectionElement>'.
    Type 'MutableRefObject<unknown>' is not assignable to type 'RefObject<HTMLTableSectionElement>'.
      Types of property 'current' are incompatible.
        Type '{}' is missing the following properties from type 'HTMLTableSectionElement': align, ch, chOff, rows, and 321 more.
src/components/ui/table.tsx(30,41): error TS2339: Property 'className' does not exist on type '{}'.
src/components/ui/table.tsx(32,5): error TS2322: Type 'ForwardedRef<unknown>' is not assignable to type 'LegacyRef<HTMLTableSectionElement>'.
  Type 'MutableRefObject<unknown>' is not assignable to type 'LegacyRef<HTMLTableSectionElement>'.
    Type 'MutableRefObject<unknown>' is not assignable to type 'RefObject<HTMLTableSectionElement>'.
      Types of property 'current' are incompatible.
        Type '{}' is missing the following properties from type 'HTMLTableSectionElement': align, ch, chOff, rows, and 321 more.
src/components/ui/table.tsx(42,38): error TS2339: Property 'className' does not exist on type '{}'.
src/components/ui/table.tsx(44,5): error TS2322: Type 'ForwardedRef<unknown>' is not assignable to type 'LegacyRef<HTMLTableRowElement>'.
  Type 'MutableRefObject<unknown>' is not assignable to type 'LegacyRef<HTMLTableRowElement>'.
    Type 'MutableRefObject<unknown>' is not assignable to type 'RefObject<HTMLTableRowElement>'.
      Types of property 'current' are incompatible.
        Type '{}' is missing the following properties from type 'HTMLTableRowElement': align, bgColor, cells, ch, and 324 more.
src/components/ui/table.tsx(54,39): error TS2339: Property 'className' does not exist on type '{}'.
src/components/ui/table.tsx(56,5): error TS2322: Type 'ForwardedRef<unknown>' is not assignable to type 'LegacyRef<HTMLTableHeaderCellElement>'.
  Type 'MutableRefObject<unknown>' is not assignable to type 'LegacyRef<HTMLTableHeaderCellElement>'.
    Type 'MutableRefObject<unknown>' is not assignable to type 'RefObject<HTMLTableHeaderCellElement>'.
      Types of property 'current' are incompatible.
        Type '{}' is missing the following properties from type 'HTMLTableHeaderCellElement': addEventListener, removeEventListener, abbr, align, and 329 more.
src/components/ui/table.tsx(66,39): error TS2339: Property 'className' does not exist on type '{}'.
src/components/ui/table.tsx(68,5): error TS2322: Type 'ForwardedRef<unknown>' is not assignable to type 'LegacyRef<HTMLTableDataCellElement>'.
  Type 'MutableRefObject<unknown>' is not assignable to type 'LegacyRef<HTMLTableDataCellElement>'.
    Type 'MutableRefObject<unknown>' is not assignable to type 'RefObject<HTMLTableDataCellElement>'.
      Types of property 'current' are incompatible.
        Type '{}' is missing the following properties from type 'HTMLTableDataCellElement': addEventListener, removeEventListener, abbr, align, and 329 more.
src/components/ui/table.tsx(78,42): error TS2339: Property 'className' does not exist on type '{}'.
src/components/ui/table.tsx(80,5): error TS2322: Type 'ForwardedRef<unknown>' is not assignable to type 'LegacyRef<HTMLElement>'.
  Type 'MutableRefObject<unknown>' is not assignable to type 'LegacyRef<HTMLElement>'.
    Type 'MutableRefObject<unknown>' is not assignable to type 'RefObject<HTMLElement>'.
      Types of property 'current' are incompatible.
        Type '{}' is missing the following properties from type 'HTMLElement': accessKey, accessKeyLabel, autocapitalize, autocorrect, and 314 more.
src/components/ui/tabs.tsx(8,38): error TS2339: Property 'className' does not exist on type '{}'.
src/components/ui/tabs.tsx(10,5): error TS2322: Type 'ForwardedRef<unknown>' is not assignable to type 'LegacyRef<HTMLDivElement>'.
  Type 'MutableRefObject<unknown>' is not assignable to type 'LegacyRef<HTMLDivElement>'.
    Type 'MutableRefObject<unknown>' is not assignable to type 'RefObject<HTMLDivElement>'.
      Types of property 'current' are incompatible.
        Type '{}' is missing the following properties from type 'HTMLDivElement': align, addEventListener, removeEventListener, accessKey, and 315 more.
src/components/ui/tabs.tsx(20,41): error TS2339: Property 'className' does not exist on type '{}'.
src/components/ui/tabs.tsx(22,5): error TS2322: Type 'ForwardedRef<unknown>' is not assignable to type 'LegacyRef<HTMLButtonElement>'.
  Type 'MutableRefObject<unknown>' is not assignable to type 'LegacyRef<HTMLButtonElement>'.
    Type 'MutableRefObject<unknown>' is not assignable to type 'RefObject<HTMLButtonElement>'.
      Types of property 'current' are incompatible.
        Type '{}' is missing the following properties from type 'HTMLButtonElement': disabled, form, formAction, formEnctype, and 333 more.
src/components/ui/tabs.tsx(32,41): error TS2339: Property 'className' does not exist on type '{}'.
src/components/ui/tabs.tsx(34,5): error TS2322: Type 'ForwardedRef<unknown>' is not assignable to type 'LegacyRef<HTMLDivElement>'.
  Type 'MutableRefObject<unknown>' is not assignable to type 'LegacyRef<HTMLDivElement>'.
    Type 'MutableRefObject<unknown>' is not assignable to type 'RefObject<HTMLDivElement>'.
      Types of property 'current' are incompatible.
        Type '{}' is missing the following properties from type 'HTMLDivElement': align, addEventListener, removeEventListener, accessKey, and 315 more.
src/components/ui/toast.tsx(8,5): error TS2322: Type 'ForwardedRef<unknown>' is not assignable to type 'LegacyRef<HTMLDivElement>'.
  Type 'MutableRefObject<unknown>' is not assignable to type 'LegacyRef<HTMLDivElement>'.
    Type 'MutableRefObject<unknown>' is not assignable to type 'RefObject<HTMLDivElement>'.
      Types of property 'current' are incompatible.
        Type '{}' is missing the following properties from type 'HTMLDivElement': align, addEventListener, removeEventListener, accessKey, and 315 more.
src/components/ui/toast.tsx(17,5): error TS2322: Type 'ForwardedRef<unknown>' is not assignable to type 'LegacyRef<HTMLDivElement>'.
  Type 'MutableRefObject<unknown>' is not assignable to type 'LegacyRef<HTMLDivElement>'.
    Type 'MutableRefObject<unknown>' is not assignable to type 'RefObject<HTMLDivElement>'.
      Types of property 'current' are incompatible.
        Type '{}' is missing the following properties from type 'HTMLDivElement': align, addEventListener, removeEventListener, accessKey, and 315 more.
src/components/ui/toast.tsx(40,35): error TS2339: Property 'className' does not exist on type '{}'.
src/components/ui/toast.tsx(40,46): error TS2339: Property 'variant' does not exist on type '{}'.
src/components/ui/toast.tsx(43,7): error TS2322: Type 'ForwardedRef<unknown>' is not assignable to type 'LegacyRef<HTMLDivElement>'.
  Type 'MutableRefObject<unknown>' is not assignable to type 'LegacyRef<HTMLDivElement>'.
    Type 'MutableRefObject<unknown>' is not assignable to type 'RefObject<HTMLDivElement>'.
      Types of property 'current' are incompatible.
        Type '{}' is missing the following properties from type 'HTMLDivElement': align, addEventListener, removeEventListener, accessKey, and 315 more.
src/components/ui/toast.tsx(51,41): error TS2339: Property 'className' does not exist on type '{}'.
src/components/ui/toast.tsx(53,5): error TS2322: Type 'ForwardedRef<unknown>' is not assignable to type 'LegacyRef<HTMLDivElement>'.
  Type 'MutableRefObject<unknown>' is not assignable to type 'LegacyRef<HTMLDivElement>'.
    Type 'MutableRefObject<unknown>' is not assignable to type 'RefObject<HTMLDivElement>'.
      Types of property 'current' are incompatible.
        Type '{}' is missing the following properties from type 'HTMLDivElement': align, addEventListener, removeEventListener, accessKey, and 315 more.
src/components/ui/toast.tsx(63,40): error TS2339: Property 'className' does not exist on type '{}'.
src/components/ui/toast.tsx(65,5): error TS2322: Type 'ForwardedRef<unknown>' is not assignable to type 'LegacyRef<HTMLButtonElement>'.
  Type 'MutableRefObject<unknown>' is not assignable to type 'LegacyRef<HTMLButtonElement>'.
    Type 'MutableRefObject<unknown>' is not assignable to type 'RefObject<HTMLButtonElement>'.
      Types of property 'current' are incompatible.
        Type '{}' is missing the following properties from type 'HTMLButtonElement': disabled, form, formAction, formEnctype, and 333 more.
src/components/ui/toast.tsx(78,40): error TS2339: Property 'className' does not exist on type '{}'.
src/components/ui/toast.tsx(80,5): error TS2322: Type 'ForwardedRef<unknown>' is not assignable to type 'LegacyRef<HTMLDivElement>'.
  Type 'MutableRefObject<unknown>' is not assignable to type 'LegacyRef<HTMLDivElement>'.
    Type 'MutableRefObject<unknown>' is not assignable to type 'RefObject<HTMLDivElement>'.
      Types of property 'current' are incompatible.
        Type '{}' is missing the following properties from type 'HTMLDivElement': align, addEventListener, removeEventListener, accessKey, and 315 more.
src/components/ui/toast.tsx(87,46): error TS2339: Property 'className' does not exist on type '{}'.
src/components/ui/toast.tsx(88,8): error TS2322: Type 'ForwardedRef<unknown>' is not assignable to type 'LegacyRef<HTMLDivElement>'.
  Type 'MutableRefObject<unknown>' is not assignable to type 'LegacyRef<HTMLDivElement>'.
    Type 'MutableRefObject<unknown>' is not assignable to type 'RefObject<HTMLDivElement>'.
      Types of property 'current' are incompatible.
        Type '{}' is missing the following properties from type 'HTMLDivElement': align, addEventListener, removeEventListener, accessKey, and 315 more.
src/components/ui/toaster.tsx(15,6): error TS2559: Type '{ children: (Element | Element[])[]; }' has no properties in common with type 'IntrinsicAttributes & RefAttributes<unknown>'.
src/components/ui/toaster.tsx(20,26): error TS2559: Type '{ children: any; }' has no properties in common with type 'IntrinsicAttributes & RefAttributes<unknown>'.
src/components/ui/toaster.tsx(22,18): error TS2559: Type '{ children: any; }' has no properties in common with type 'IntrinsicAttributes & RefAttributes<unknown>'.
src/components/ui/toaster.tsx(26,25): error TS2322: Type '{ onClick: () => any; }' is not assignable to type 'IntrinsicAttributes & RefAttributes<unknown>'.
  Property 'onClick' does not exist on type 'IntrinsicAttributes & RefAttributes<unknown>'.
src/components/ui/toggle-group.tsx(14,6): error TS2339: Property 'className' does not exist on type '{}'.
src/components/ui/toggle-group.tsx(14,17): error TS2339: Property 'variant' does not exist on type '{}'.
src/components/ui/toggle-group.tsx(14,26): error TS2339: Property 'size' does not exist on type '{}'.
src/components/ui/toggle-group.tsx(14,32): error TS2339: Property 'children' does not exist on type '{}'.
src/components/ui/toggle-group.tsx(16,7): error TS2322: Type 'ForwardedRef<unknown>' is not assignable to type 'LegacyRef<HTMLDivElement>'.
  Type 'MutableRefObject<unknown>' is not assignable to type 'LegacyRef<HTMLDivElement>'.
    Type 'MutableRefObject<unknown>' is not assignable to type 'RefObject<HTMLDivElement>'.
      Types of property 'current' are incompatible.
        Type '{}' is missing the following properties from type 'HTMLDivElement': align, addEventListener, removeEventListener, accessKey, and 315 more.
src/components/ui/toggle-group.tsx(30,6): error TS2339: Property 'className' does not exist on type '{}'.
src/components/ui/toggle-group.tsx(30,17): error TS2339: Property 'children' does not exist on type '{}'.
src/components/ui/toggle-group.tsx(30,27): error TS2339: Property 'variant' does not exist on type '{}'.
src/components/ui/toggle-group.tsx(30,36): error TS2339: Property 'size' does not exist on type '{}'.
src/components/ui/toggle-group.tsx(35,9): error TS2322: Type 'ForwardedRef<unknown>' is not assignable to type 'LegacyRef<HTMLButtonElement>'.
  Type 'MutableRefObject<unknown>' is not assignable to type 'LegacyRef<HTMLButtonElement>'.
    Type 'MutableRefObject<unknown>' is not assignable to type 'RefObject<HTMLButtonElement>'.
      Types of property 'current' are incompatible.
        Type '{}' is missing the following properties from type 'HTMLButtonElement': disabled, form, formAction, formEnctype, and 333 more.
src/components/ui/toggle.tsx(30,6): error TS2339: Property 'className' does not exist on type '{}'.
src/components/ui/toggle.tsx(30,17): error TS2339: Property 'variant' does not exist on type '{}'.
src/components/ui/toggle.tsx(30,26): error TS2339: Property 'size' does not exist on type '{}'.
src/components/ui/toggle.tsx(32,7): error TS2322: Type 'ForwardedRef<unknown>' is not assignable to type 'LegacyRef<HTMLButtonElement>'.
  Type 'MutableRefObject<unknown>' is not assignable to type 'LegacyRef<HTMLButtonElement>'.
    Type 'MutableRefObject<unknown>' is not assignable to type 'RefObject<HTMLButtonElement>'.
      Types of property 'current' are incompatible.
        Type '{}' is missing the following properties from type 'HTMLButtonElement': disabled, form, formAction, formEnctype, and 333 more.
src/components/ui/tooltip.tsx(15,6): error TS2339: Property 'className' does not exist on type '{}'.
src/components/ui/tooltip.tsx(15,17): error TS2339: Property 'sideOffset' does not exist on type '{}'.
src/components/ui/tooltip.tsx(18,9): error TS2322: Type 'ForwardedRef<unknown>' is not assignable to type 'LegacyRef<HTMLDivElement>'.
  Type 'MutableRefObject<unknown>' is not assignable to type 'LegacyRef<HTMLDivElement>'.
    Type 'MutableRefObject<unknown>' is not assignable to type 'RefObject<HTMLDivElement>'.
      Types of property 'current' are incompatible.
        Type '{}' is missing the following properties from type 'HTMLDivElement': align, addEventListener, removeEventListener, accessKey, and 315 more.
src/lib/firebase.ts(1,31): error TS2307: Cannot find module 'firebase/app' or its corresponding type declarations.
src/lib/firebase.ts(2,25): error TS2307: Cannot find module 'firebase/auth' or its corresponding type declarations.
src/lib/firebase.ts(3,28): error TS2307: Cannot find module 'firebase/storage' or its corresponding type declarations.
src/pages/AICreators.tsx(776,22): error TS2741: Property 'variant' is missing in type '{ children: string; key: number; className: string; }' but required in type '{ [x: string]: any; className: any; variant: any; }'.
src/pages/AICreators.tsx(908,14): error TS2322: Type '{ children: Element[]; value: string; className: string; }' is not assignable to type 'IntrinsicAttributes & RefAttributes<unknown>'.
  Property 'children' does not exist on type 'IntrinsicAttributes & RefAttributes<unknown>'.
src/pages/AICreators.tsx(912,16): error TS2322: Type '{ children: string; className: string; }' is not assignable to type 'IntrinsicAttributes & RefAttributes<unknown>'.
  Property 'children' does not exist on type 'IntrinsicAttributes & RefAttributes<unknown>'.
src/pages/AICreators.tsx(915,16): error TS2322: Type '{ children: string; className: string; }' is not assignable to type 'IntrinsicAttributes & RefAttributes<unknown>'.
  Property 'children' does not exist on type 'IntrinsicAttributes & RefAttributes<unknown>'.
src/pages/AICreators.tsx(923,14): error TS2322: Type '{ children: Element[]; value: string; className: string; }' is not assignable to type 'IntrinsicAttributes & RefAttributes<unknown>'.
  Property 'children' does not exist on type 'IntrinsicAttributes & RefAttributes<unknown>'.
src/pages/AICreators.tsx(927,16): error TS2322: Type '{ children: string; className: string; }' is not assignable to type 'IntrinsicAttributes & RefAttributes<unknown>'.
  Property 'children' does not exist on type 'IntrinsicAttributes & RefAttributes<unknown>'.
src/pages/AICreators.tsx(930,16): error TS2322: Type '{ children: string; className: string; }' is not assignable to type 'IntrinsicAttributes & RefAttributes<unknown>'.
  Property 'children' does not exist on type 'IntrinsicAttributes & RefAttributes<unknown>'.
src/pages/AICreators.tsx(937,14): error TS2322: Type '{ children: Element[]; value: string; className: string; }' is not assignable to type 'IntrinsicAttributes & RefAttributes<unknown>'.
  Property 'children' does not exist on type 'IntrinsicAttributes & RefAttributes<unknown>'.
src/pages/AICreators.tsx(941,16): error TS2322: Type '{ children: string; className: string; }' is not assignable to type 'IntrinsicAttributes & RefAttributes<unknown>'.
  Property 'children' does not exist on type 'IntrinsicAttributes & RefAttributes<unknown>'.
src/pages/AICreators.tsx(944,16): error TS2322: Type '{ children: string; className: string; }' is not assignable to type 'IntrinsicAttributes & RefAttributes<unknown>'.
  Property 'children' does not exist on type 'IntrinsicAttributes & RefAttributes<unknown>'.
src/pages/AICreators.tsx(952,14): error TS2322: Type '{ children: Element[]; value: string; className: string; }' is not assignable to type 'IntrinsicAttributes & RefAttributes<unknown>'.
  Property 'children' does not exist on type 'IntrinsicAttributes & RefAttributes<unknown>'.
src/pages/AICreators.tsx(956,16): error TS2322: Type '{ children: string; className: string; }' is not assignable to type 'IntrinsicAttributes & RefAttributes<unknown>'.
  Property 'children' does not exist on type 'IntrinsicAttributes & RefAttributes<unknown>'.
src/pages/AICreators.tsx(959,16): error TS2322: Type '{ children: string; className: string; }' is not assignable to type 'IntrinsicAttributes & RefAttributes<unknown>'.
  Property 'children' does not exist on type 'IntrinsicAttributes & RefAttributes<unknown>'.
src/pages/AICreators.tsx(966,14): error TS2322: Type '{ children: Element[]; value: string; className: string; }' is not assignable to type 'IntrinsicAttributes & RefAttributes<unknown>'.
  Property 'children' does not exist on type 'IntrinsicAttributes & RefAttributes<unknown>'.
src/pages/AICreators.tsx(970,16): error TS2322: Type '{ children: string; className: string; }' is not assignable to type 'IntrinsicAttributes & RefAttributes<unknown>'.
  Property 'children' does not exist on type 'IntrinsicAttributes & RefAttributes<unknown>'.
src/pages/AICreators.tsx(973,16): error TS2322: Type '{ children: string; className: string; }' is not assignable to type 'IntrinsicAttributes & RefAttributes<unknown>'.
  Property 'children' does not exist on type 'IntrinsicAttributes & RefAttributes<unknown>'.
src/pages/AICreators.tsx(980,14): error TS2322: Type '{ children: Element[]; value: string; className: string; }' is not assignable to type 'IntrinsicAttributes & RefAttributes<unknown>'.
  Property 'children' does not exist on type 'IntrinsicAttributes & RefAttributes<unknown>'.
src/pages/AICreators.tsx(984,16): error TS2322: Type '{ children: string; className: string; }' is not assignable to type 'IntrinsicAttributes & RefAttributes<unknown>'.
  Property 'children' does not exist on type 'IntrinsicAttributes & RefAttributes<unknown>'.
src/pages/AICreators.tsx(987,16): error TS2322: Type '{ children: string; className: string; }' is not assignable to type 'IntrinsicAttributes & RefAttributes<unknown>'.
  Property 'children' does not exist on type 'IntrinsicAttributes & RefAttributes<unknown>'.
src/pages/AICreators.tsx(994,14): error TS2322: Type '{ children: Element[]; value: string; className: string; }' is not assignable to type 'IntrinsicAttributes & RefAttributes<unknown>'.
  Property 'children' does not exist on type 'IntrinsicAttributes & RefAttributes<unknown>'.
src/pages/AICreators.tsx(998,16): error TS2322: Type '{ children: string; className: string; }' is not assignable to type 'IntrinsicAttributes & RefAttributes<unknown>'.
  Property 'children' does not exist on type 'IntrinsicAttributes & RefAttributes<unknown>'.
src/pages/AICreators.tsx(1001,16): error TS2322: Type '{ children: string; className: string; }' is not assignable to type 'IntrinsicAttributes & RefAttributes<unknown>'.
  Property 'children' does not exist on type 'IntrinsicAttributes & RefAttributes<unknown>'.
src/pages/AICreators.tsx(1007,14): error TS2322: Type '{ children: Element[]; value: string; className: string; }' is not assignable to type 'IntrinsicAttributes & RefAttributes<unknown>'.
  Property 'children' does not exist on type 'IntrinsicAttributes & RefAttributes<unknown>'.
src/pages/AICreators.tsx(1011,16): error TS2322: Type '{ children: string; className: string; }' is not assignable to type 'IntrinsicAttributes & RefAttributes<unknown>'.
  Property 'children' does not exist on type 'IntrinsicAttributes & RefAttributes<unknown>'.
src/pages/AICreators.tsx(1014,16): error TS2322: Type '{ children: string; className: string; }' is not assignable to type 'IntrinsicAttributes & RefAttributes<unknown>'.
  Property 'children' does not exist on type 'IntrinsicAttributes & RefAttributes<unknown>'.
src/pages/AICreators.tsx(1019,14): error TS2322: Type '{ children: Element[]; value: string; className: string; }' is not assignable to type 'IntrinsicAttributes & RefAttributes<unknown>'.
  Property 'children' does not exist on type 'IntrinsicAttributes & RefAttributes<unknown>'.
src/pages/AICreators.tsx(1023,16): error TS2322: Type '{ children: string; className: string; }' is not assignable to type 'IntrinsicAttributes & RefAttributes<unknown>'.
  Property 'children' does not exist on type 'IntrinsicAttributes & RefAttributes<unknown>'.
src/pages/AICreators.tsx(1026,16): error TS2322: Type '{ children: string; className: string; }' is not assignable to type 'IntrinsicAttributes & RefAttributes<unknown>'.
  Property 'children' does not exist on type 'IntrinsicAttributes & RefAttributes<unknown>'.
src/pages/AITalentBoard.tsx(244,35): error TS2339: Property 'functions' does not exist on type '{ get<T = any>(url: string, config?: RequestConfig): Promise<T>; post<T = any>(url: string, data?: any, config?: RequestConfig): Promise<T>; readonly entities: any; readonly integrations: any; readonly auth: any; }'.
src/pages/AITalentBoard.tsx(379,16): error TS2339: Property 'functions' does not exist on type '{ get<T = any>(url: string, config?: RequestConfig): Promise<T>; post<T = any>(url: string, data?: any, config?: RequestConfig): Promise<T>; readonly entities: any; readonly integrations: any; readonly auth: any; }'.
src/pages/AITalentBoard.tsx(389,16): error TS2339: Property 'functions' does not exist on type '{ get<T = any>(url: string, config?: RequestConfig): Promise<T>; post<T = any>(url: string, data?: any, config?: RequestConfig): Promise<T>; readonly entities: any; readonly integrations: any; readonly auth: any; }'.
src/pages/AITalentBoard.tsx(436,20): error TS2362: The left-hand side of an arithmetic operation must be of type 'any', 'number', 'bigint' or an enum type.
src/pages/AITalentBoard.tsx(436,26): error TS2363: The right-hand side of an arithmetic operation must be of type 'any', 'number', 'bigint' or an enum type.
src/pages/AITalentBoard.tsx(495,16): error TS2362: The left-hand side of an arithmetic operation must be of type 'any', 'number', 'bigint' or an enum type.
src/pages/AITalentBoard.tsx(495,38): error TS2363: The right-hand side of an arithmetic operation must be of type 'any', 'number', 'bigint' or an enum type.
src/pages/AITalentBoard.tsx(499,16): error TS2362: The left-hand side of an arithmetic operation must be of type 'any', 'number', 'bigint' or an enum type.
src/pages/AITalentBoard.tsx(499,38): error TS2363: The right-hand side of an arithmetic operation must be of type 'any', 'number', 'bigint' or an enum type.
src/pages/AITalentBoard.tsx(509,16): error TS2362: The left-hand side of an arithmetic operation must be of type 'any', 'number', 'bigint' or an enum type.
src/pages/AITalentBoard.tsx(509,38): error TS2363: The right-hand side of an arithmetic operation must be of type 'any', 'number', 'bigint' or an enum type.
src/pages/AITalentBoard.tsx(714,18): error TS2741: Property 'variant' is missing in type '{ children: number; className: string; }' but required in type '{ [x: string]: any; className: any; variant: any; }'.
src/pages/AITalentBoard.tsx(767,27): error TS2322: Type '{ id: string; checked: boolean; onCheckedChange: () => void; }' is not assignable to type 'IntrinsicAttributes & RefAttributes<unknown>'.
  Property 'id' does not exist on type 'IntrinsicAttributes & RefAttributes<unknown>'.
src/pages/AITalentBoard.tsx(790,27): error TS2322: Type '{ id: string; checked: boolean; onCheckedChange: () => void; }' is not assignable to type 'IntrinsicAttributes & RefAttributes<unknown>'.
  Property 'id' does not exist on type 'IntrinsicAttributes & RefAttributes<unknown>'.
src/pages/AITalentBoard.tsx(816,27): error TS2322: Type '{ id: string; checked: boolean; onCheckedChange: () => void; }' is not assignable to type 'IntrinsicAttributes & RefAttributes<unknown>'.
  Property 'id' does not exist on type 'IntrinsicAttributes & RefAttributes<unknown>'.
src/pages/AITalentBoard.tsx(898,24): error TS2741: Property 'variant' is missing in type '{ children: any; key: any; className: string; }' but required in type '{ [x: string]: any; className: any; variant: any; }'.
src/pages/AITalentBoard.tsx(1044,24): error TS2741: Property 'variant' is missing in type '{ children: any; key: any; className: string; }' but required in type '{ [x: string]: any; className: any; variant: any; }'.
src/pages/AITalentBoard.tsx(1052,24): error TS2741: Property 'variant' is missing in type '{ children: any; className: string; }' but required in type '{ [x: string]: any; className: any; variant: any; }'.
src/pages/AITalentBoard.tsx(1110,28): error TS2741: Property 'variant' is missing in type '{ children: any; key: any; className: string; }' but required in type '{ [x: string]: any; className: any; variant: any; }'.
src/pages/AddTalent.tsx(132,36): error TS2345: Argument of type 'unknown' is not assignable to parameter of type 'Blob | MediaSource'.
src/pages/AddTalent.tsx(133,22): error TS2339: Property 'name' does not exist on type 'unknown'.
src/pages/AddTalent.tsx(942,16): error TS2322: Type '{ children: Element[]; className: string; }' is not assignable to type 'IntrinsicAttributes & RefAttributes<unknown>'.
  Property 'children' does not exist on type 'IntrinsicAttributes & RefAttributes<unknown>'.
src/pages/AddTalent.tsx(944,18): error TS2322: Type '{ children: string; className: string; }' is not assignable to type 'IntrinsicAttributes & RefAttributes<unknown>'.
  Property 'children' does not exist on type 'IntrinsicAttributes & RefAttributes<unknown>'.
src/pages/AdminCredits.tsx(53,26): error TS2339: Property 'email' does not exist on type 'void'.
src/pages/AdminCredits.tsx(53,33): error TS2339: Property 'amount' does not exist on type 'void'.
src/pages/AdminCredits.tsx(53,41): error TS2339: Property 'plan' does not exist on type 'void'.
src/pages/AdminCredits.tsx(80,26): error TS2339: Property 'email' does not exist on type 'void'.
src/pages/AdminCredits.tsx(80,33): error TS2339: Property 'amount' does not exist on type 'void'.
src/pages/AdminCredits.tsx(136,14): error TS2741: Property 'variant' is missing in type '{ children: string; className: string; }' but required in type '{ [x: string]: any; className: any; variant: any; }'.
src/pages/AdminCredits.tsx(183,26): error TS2741: Property 'variant' is missing in type '{ children: any[]; className: string; }' but required in type '{ [x: string]: any; className: any; variant: any; }'.
src/pages/AdminCredits.tsx(187,28): error TS2741: Property 'variant' is missing in type '{ children: any; className: string; }' but required in type '{ [x: string]: any; className: any; variant: any; }'.
src/pages/AdminCredits.tsx(224,26): error TS2741: Property 'variant' is missing in type '{ children: any; className: string; }' but required in type '{ [x: string]: any; className: any; variant: any; }'.
src/pages/AdminCredits.tsx(281,51): error TS2345: Argument of type '{ email: any; amount: number; plan: string; }' is not assignable to parameter of type 'void'.
src/pages/AdminCredits.tsx(321,54): error TS2345: Argument of type '{ email: any; amount: number; }' is not assignable to parameter of type 'void'.
src/pages/AdminCredits.tsx(348,53): error TS2345: Argument of type '{ email: any; amount: number; plan: string; }' is not assignable to parameter of type 'void'.
src/pages/AdminCredits.tsx(420,26): error TS2741: Property 'variant' is missing in type '{ children: any; className: string; }' but required in type '{ [x: string]: any; className: any; variant: any; }'.
src/pages/AdminCredits.tsx(425,26): error TS2741: Property 'variant' is missing in type '{ children: any; className: string; }' but required in type '{ [x: string]: any; className: any; variant: any; }'.
src/pages/BrandCampaignDashboard.tsx(164,10): error TS2322: Type '{ children: Element[]; className: string; }' is not assignable to type 'IntrinsicAttributes & RefAttributes<unknown>'.
  Property 'children' does not exist on type 'IntrinsicAttributes & RefAttributes<unknown>'.
src/pages/BrandCampaignDashboard.tsx(166,12): error TS2322: Type '{ children: (string | Element)[]; className: string; }' is not assignable to type 'IntrinsicAttributes & RefAttributes<unknown>'.
  Property 'children' does not exist on type 'IntrinsicAttributes & RefAttributes<unknown>'.
src/pages/BrandCampaignDashboard.tsx(352,22): error TS2741: Property 'variant' is missing in type '{ children: string; className: string; }' but required in type '{ [x: string]: any; className: any; variant: any; }'.
src/pages/BrandCampaignDashboard.tsx(399,24): error TS2741: Property 'variant' is missing in type '{ children: string; key: number; className: string; }' but required in type '{ [x: string]: any; className: any; variant: any; }'.
src/pages/BrandCampaignDashboard.tsx(529,26): error TS2741: Property 'variant' is missing in type '{ children: (string | Element)[]; className: string; }' but required in type '{ [x: string]: any; className: any; variant: any; }'.
src/pages/BrandCampaignDashboard.tsx(582,20): error TS2322: Type '{ children: Element[]; className: string; }' is not assignable to type 'IntrinsicAttributes & RefAttributes<unknown>'.
  Property 'children' does not exist on type 'IntrinsicAttributes & RefAttributes<unknown>'.
src/pages/BrandCampaignDashboard.tsx(584,22): error TS2322: Type '{ children: string; className: string; }' is not assignable to type 'IntrinsicAttributes & RefAttributes<unknown>'.
  Property 'children' does not exist on type 'IntrinsicAttributes & RefAttributes<unknown>'.
src/pages/BrandCampaignDashboard.tsx(675,24): error TS2322: Type '{ children: Element[]; className: string; }' is not assignable to type 'IntrinsicAttributes & RefAttributes<unknown>'.
  Property 'children' does not exist on type 'IntrinsicAttributes & RefAttributes<unknown>'.
src/pages/BrandCampaignDashboard.tsx(677,26): error TS2322: Type '{ children: (string | Element)[]; className: string; }' is not assignable to type 'IntrinsicAttributes & RefAttributes<unknown>'.
  Property 'children' does not exist on type 'IntrinsicAttributes & RefAttributes<unknown>'.
src/pages/BrandCampaignDashboard.tsx(778,18): error TS2322: Type '{ children: Element[]; className: string; }' is not assignable to type 'IntrinsicAttributes & RefAttributes<unknown>'.
  Property 'children' does not exist on type 'IntrinsicAttributes & RefAttributes<unknown>'.
src/pages/BrandCampaignDashboard.tsx(780,20): error TS2322: Type '{ children: (string | Element)[]; className: string; }' is not assignable to type 'IntrinsicAttributes & RefAttributes<unknown>'.
  Property 'children' does not exist on type 'IntrinsicAttributes & RefAttributes<unknown>'.
src/pages/BrandCampaignDashboard.tsx(870,16): error TS2322: Type '{ children: Element[]; className: string; }' is not assignable to type 'IntrinsicAttributes & RefAttributes<unknown>'.
  Property 'children' does not exist on type 'IntrinsicAttributes & RefAttributes<unknown>'.
src/pages/BrandCampaignDashboard.tsx(872,18): error TS2322: Type '{ children: string; className: string; }' is not assignable to type 'IntrinsicAttributes & RefAttributes<unknown>'.
  Property 'children' does not exist on type 'IntrinsicAttributes & RefAttributes<unknown>'.
src/pages/BrandCampaignDashboard.tsx(1065,20): error TS2741: Property 'variant' is missing in type '{ children: any; className: string; }' but required in type '{ [x: string]: any; className: any; variant: any; }'.
src/pages/BrandCampaignDashboard.tsx(1125,30): error TS2741: Property 'variant' is missing in type '{ children: string; className: string; }' but required in type '{ [x: string]: any; className: any; variant: any; }'.
src/pages/BrandCompany.tsx(104,14): error TS2322: Type '{ children: Element[]; value: string; className: string; }' is not assignable to type 'IntrinsicAttributes & RefAttributes<unknown>'.
  Property 'children' does not exist on type 'IntrinsicAttributes & RefAttributes<unknown>'.
src/pages/BrandCompany.tsx(108,16): error TS2322: Type '{ children: string; className: string; }' is not assignable to type 'IntrinsicAttributes & RefAttributes<unknown>'.
  Property 'children' does not exist on type 'IntrinsicAttributes & RefAttributes<unknown>'.
src/pages/BrandCompany.tsx(111,16): error TS2322: Type '{ children: string; className: string; }' is not assignable to type 'IntrinsicAttributes & RefAttributes<unknown>'.
  Property 'children' does not exist on type 'IntrinsicAttributes & RefAttributes<unknown>'.
src/pages/BrandCompany.tsx(115,14): error TS2322: Type '{ children: Element[]; value: string; className: string; }' is not assignable to type 'IntrinsicAttributes & RefAttributes<unknown>'.
  Property 'children' does not exist on type 'IntrinsicAttributes & RefAttributes<unknown>'.
src/pages/BrandCompany.tsx(119,16): error TS2322: Type '{ children: string; className: string; }' is not assignable to type 'IntrinsicAttributes & RefAttributes<unknown>'.
  Property 'children' does not exist on type 'IntrinsicAttributes & RefAttributes<unknown>'.
src/pages/BrandCompany.tsx(122,16): error TS2322: Type '{ children: string; className: string; }' is not assignable to type 'IntrinsicAttributes & RefAttributes<unknown>'.
  Property 'children' does not exist on type 'IntrinsicAttributes & RefAttributes<unknown>'.
src/pages/BrandCompany.tsx(126,14): error TS2322: Type '{ children: Element[]; value: string; className: string; }' is not assignable to type 'IntrinsicAttributes & RefAttributes<unknown>'.
  Property 'children' does not exist on type 'IntrinsicAttributes & RefAttributes<unknown>'.
src/pages/BrandCompany.tsx(130,16): error TS2322: Type '{ children: string; className: string; }' is not assignable to type 'IntrinsicAttributes & RefAttributes<unknown>'.
  Property 'children' does not exist on type 'IntrinsicAttributes & RefAttributes<unknown>'.
src/pages/BrandCompany.tsx(133,16): error TS2322: Type '{ children: string; className: string; }' is not assignable to type 'IntrinsicAttributes & RefAttributes<unknown>'.
  Property 'children' does not exist on type 'IntrinsicAttributes & RefAttributes<unknown>'.
src/pages/BrandCompany.tsx(137,14): error TS2322: Type '{ children: Element[]; value: string; className: string; }' is not assignable to type 'IntrinsicAttributes & RefAttributes<unknown>'.
  Property 'children' does not exist on type 'IntrinsicAttributes & RefAttributes<unknown>'.
src/pages/BrandCompany.tsx(141,16): error TS2322: Type '{ children: string; className: string; }' is not assignable to type 'IntrinsicAttributes & RefAttributes<unknown>'.
  Property 'children' does not exist on type 'IntrinsicAttributes & RefAttributes<unknown>'.
src/pages/BrandCompany.tsx(144,16): error TS2322: Type '{ children: string; className: string; }' is not assignable to type 'IntrinsicAttributes & RefAttributes<unknown>'.
  Property 'children' does not exist on type 'IntrinsicAttributes & RefAttributes<unknown>'.
src/pages/BrandCompany.tsx(148,14): error TS2322: Type '{ children: Element[]; value: string; className: string; }' is not assignable to type 'IntrinsicAttributes & RefAttributes<unknown>'.
  Property 'children' does not exist on type 'IntrinsicAttributes & RefAttributes<unknown>'.
src/pages/BrandCompany.tsx(152,16): error TS2322: Type '{ children: string; className: string; }' is not assignable to type 'IntrinsicAttributes & RefAttributes<unknown>'.
  Property 'children' does not exist on type 'IntrinsicAttributes & RefAttributes<unknown>'.
src/pages/BrandCompany.tsx(155,16): error TS2322: Type '{ children: string; className: string; }' is not assignable to type 'IntrinsicAttributes & RefAttributes<unknown>'.
  Property 'children' does not exist on type 'IntrinsicAttributes & RefAttributes<unknown>'.
src/pages/BrandCompany.tsx(159,14): error TS2322: Type '{ children: Element[]; value: string; className: string; }' is not assignable to type 'IntrinsicAttributes & RefAttributes<unknown>'.
  Property 'children' does not exist on type 'IntrinsicAttributes & RefAttributes<unknown>'.
src/pages/BrandCompany.tsx(163,16): error TS2322: Type '{ children: string; className: string; }' is not assignable to type 'IntrinsicAttributes & RefAttributes<unknown>'.
  Property 'children' does not exist on type 'IntrinsicAttributes & RefAttributes<unknown>'.
src/pages/BrandCompany.tsx(166,16): error TS2322: Type '{ children: string; className: string; }' is not assignable to type 'IntrinsicAttributes & RefAttributes<unknown>'.
  Property 'children' does not exist on type 'IntrinsicAttributes & RefAttributes<unknown>'.
src/pages/BrandCompany.tsx(170,14): error TS2322: Type '{ children: Element[]; value: string; className: string; }' is not assignable to type 'IntrinsicAttributes & RefAttributes<unknown>'.
  Property 'children' does not exist on type 'IntrinsicAttributes & RefAttributes<unknown>'.
src/pages/BrandCompany.tsx(174,16): error TS2322: Type '{ children: string; className: string; }' is not assignable to type 'IntrinsicAttributes & RefAttributes<unknown>'.
  Property 'children' does not exist on type 'IntrinsicAttributes & RefAttributes<unknown>'.
src/pages/BrandCompany.tsx(177,16): error TS2322: Type '{ children: string; className: string; }' is not assignable to type 'IntrinsicAttributes & RefAttributes<unknown>'.
  Property 'children' does not exist on type 'IntrinsicAttributes & RefAttributes<unknown>'.
src/pages/BrandCompany.tsx(181,14): error TS2322: Type '{ children: Element[]; value: string; className: string; }' is not assignable to type 'IntrinsicAttributes & RefAttributes<unknown>'.
  Property 'children' does not exist on type 'IntrinsicAttributes & RefAttributes<unknown>'.
src/pages/BrandCompany.tsx(185,16): error TS2322: Type '{ children: string; className: string; }' is not assignable to type 'IntrinsicAttributes & RefAttributes<unknown>'.
  Property 'children' does not exist on type 'IntrinsicAttributes & RefAttributes<unknown>'.
src/pages/BrandCompany.tsx(188,16): error TS2322: Type '{ children: string; className: string; }' is not assignable to type 'IntrinsicAttributes & RefAttributes<unknown>'.
  Property 'children' does not exist on type 'IntrinsicAttributes & RefAttributes<unknown>'.
src/pages/BrandCompany.tsx(192,14): error TS2322: Type '{ children: Element[]; value: string; className: string; }' is not assignable to type 'IntrinsicAttributes & RefAttributes<unknown>'.
  Property 'children' does not exist on type 'IntrinsicAttributes & RefAttributes<unknown>'.
src/pages/BrandCompany.tsx(196,16): error TS2322: Type '{ children: string; className: string; }' is not assignable to type 'IntrinsicAttributes & RefAttributes<unknown>'.
  Property 'children' does not exist on type 'IntrinsicAttributes & RefAttributes<unknown>'.
src/pages/BrandCompany.tsx(199,16): error TS2322: Type '{ children: string; className: string; }' is not assignable to type 'IntrinsicAttributes & RefAttributes<unknown>'.
  Property 'children' does not exist on type 'IntrinsicAttributes & RefAttributes<unknown>'.
src/pages/BrandCompany.tsx(203,14): error TS2322: Type '{ children: Element[]; value: string; className: string; }' is not assignable to type 'IntrinsicAttributes & RefAttributes<unknown>'.
  Property 'children' does not exist on type 'IntrinsicAttributes & RefAttributes<unknown>'.
src/pages/BrandCompany.tsx(207,16): error TS2322: Type '{ children: string; className: string; }' is not assignable to type 'IntrinsicAttributes & RefAttributes<unknown>'.
  Property 'children' does not exist on type 'IntrinsicAttributes & RefAttributes<unknown>'.
src/pages/BrandCompany.tsx(210,16): error TS2322: Type '{ children: string; className: string; }' is not assignable to type 'IntrinsicAttributes & RefAttributes<unknown>'.
  Property 'children' does not exist on type 'IntrinsicAttributes & RefAttributes<unknown>'.
src/pages/BrandCompany.tsx(214,14): error TS2322: Type '{ children: Element[]; value: string; className: string; }' is not assignable to type 'IntrinsicAttributes & RefAttributes<unknown>'.
  Property 'children' does not exist on type 'IntrinsicAttributes & RefAttributes<unknown>'.
src/pages/BrandCompany.tsx(218,16): error TS2322: Type '{ children: string; className: string; }' is not assignable to type 'IntrinsicAttributes & RefAttributes<unknown>'.
  Property 'children' does not exist on type 'IntrinsicAttributes & RefAttributes<unknown>'.
src/pages/BrandCompany.tsx(221,16): error TS2322: Type '{ children: string; className: string; }' is not assignable to type 'IntrinsicAttributes & RefAttributes<unknown>'.
  Property 'children' does not exist on type 'IntrinsicAttributes & RefAttributes<unknown>'.
src/pages/BrandCompany.tsx(225,14): error TS2322: Type '{ children: Element[]; value: string; className: string; }' is not assignable to type 'IntrinsicAttributes & RefAttributes<unknown>'.
  Property 'children' does not exist on type 'IntrinsicAttributes & RefAttributes<unknown>'.
src/pages/BrandCompany.tsx(229,16): error TS2322: Type '{ children: string; className: string; }' is not assignable to type 'IntrinsicAttributes & RefAttributes<unknown>'.
  Property 'children' does not exist on type 'IntrinsicAttributes & RefAttributes<unknown>'.
src/pages/BrandCompany.tsx(232,16): error TS2322: Type '{ children: string; className: string; }' is not assignable to type 'IntrinsicAttributes & RefAttributes<unknown>'.
  Property 'children' does not exist on type 'IntrinsicAttributes & RefAttributes<unknown>'.
src/pages/BrandDashboard.tsx(868,10): error TS2322: Type '{ children: Element[]; className: string; }' is not assignable to type 'IntrinsicAttributes & RefAttributes<unknown>'.
  Property 'children' does not exist on type 'IntrinsicAttributes & RefAttributes<unknown>'.
src/pages/BrandDashboard.tsx(870,12): error TS2322: Type '{ children: (string | Element)[]; className: string; }' is not assignable to type 'IntrinsicAttributes & RefAttributes<unknown>'.
  Property 'children' does not exist on type 'IntrinsicAttributes & RefAttributes<unknown>'.
src/pages/BrandDashboard.tsx(943,22): error TS2741: Property 'variant' is missing in type '{ children: string; className: string; }' but required in type '{ [x: string]: any; className: any; variant: any; }'.
src/pages/BrandDashboard.tsx(1137,16): error TS2741: Property 'variant' is missing in type '{ children: string; className: string; }' but required in type '{ [x: string]: any; className: any; variant: any; }'.
src/pages/BrandDashboard.tsx(1221,22): error TS2741: Property 'variant' is missing in type '{ children: string; className: string; }' but required in type '{ [x: string]: any; className: any; variant: any; }'.
src/pages/BrandDashboard.tsx(1344,16): error TS2741: Property 'variant' is missing in type '{ children: any; className: string; }' but required in type '{ [x: string]: any; className: any; variant: any; }'.
src/pages/BrandDashboard.tsx(1522,22): error TS2741: Property 'variant' is missing in type '{ children: any; key: any; className: string; }' but required in type '{ [x: string]: any; className: any; variant: any; }'.
src/pages/BrandDashboard.tsx(1644,18): error TS2741: Property 'variant' is missing in type '{ children: number; className: string; }' but required in type '{ [x: string]: any; className: any; variant: any; }'.
src/pages/BrandDashboard.tsx(1693,27): error TS2322: Type '{ checked: boolean; onCheckedChange: () => void; }' is not assignable to type 'IntrinsicAttributes & RefAttributes<unknown>'.
  Property 'checked' does not exist on type 'IntrinsicAttributes & RefAttributes<unknown>'.
src/pages/BrandDashboard.tsx(1724,25): error TS2322: Type '{ checked: boolean; onCheckedChange: () => void; }' is not assignable to type 'IntrinsicAttributes & RefAttributes<unknown>'.
  Property 'checked' does not exist on type 'IntrinsicAttributes & RefAttributes<unknown>'.
src/pages/BrandDashboard.tsx(1753,25): error TS2322: Type '{ checked: boolean; onCheckedChange: () => void; }' is not assignable to type 'IntrinsicAttributes & RefAttributes<unknown>'.
  Property 'checked' does not exist on type 'IntrinsicAttributes & RefAttributes<unknown>'.
src/pages/BrandDashboard.tsx(1776,27): error TS2322: Type '{ checked: boolean; onCheckedChange: () => void; }' is not assignable to type 'IntrinsicAttributes & RefAttributes<unknown>'.
  Property 'checked' does not exist on type 'IntrinsicAttributes & RefAttributes<unknown>'.
src/pages/BrandDashboard.tsx(1808,25): error TS2322: Type '{ checked: boolean; onCheckedChange: () => void; }' is not assignable to type 'IntrinsicAttributes & RefAttributes<unknown>'.
  Property 'checked' does not exist on type 'IntrinsicAttributes & RefAttributes<unknown>'.
src/pages/BrandDashboard.tsx(1983,20): error TS2741: Property 'variant' is missing in type '{ children: string; key: string; className: string; }' but required in type '{ [x: string]: any; className: any; variant: any; }'.
src/pages/BrandDashboard.tsx(2105,14): error TS2322: Type '{ children: Element[]; variant: string; }' is not assignable to type 'IntrinsicAttributes & RefAttributes<unknown>'.
  Property 'children' does not exist on type 'IntrinsicAttributes & RefAttributes<unknown>'.
src/pages/BrandDashboard.tsx(2107,16): error TS2559: Type '{ children: string; }' has no properties in common with type 'IntrinsicAttributes & RefAttributes<unknown>'.
src/pages/BrandDashboard.tsx(2271,26): error TS2741: Property 'variant' is missing in type '{ children: string; className: string; }' but required in type '{ [x: string]: any; className: any; variant: any; }'.
src/pages/BrandDashboard.tsx(2287,26): error TS2741: Property 'variant' is missing in type '{ children: string; className: string; }' but required in type '{ [x: string]: any; className: any; variant: any; }'.
src/pages/BrandDashboard.tsx(2336,24): error TS2741: Property 'variant' is missing in type '{ children: string; className: string; }' but required in type '{ [x: string]: any; className: any; variant: any; }'.
src/pages/BrandDashboard.tsx(2346,24): error TS2741: Property 'variant' is missing in type '{ children: string; className: string; }' but required in type '{ [x: string]: any; className: any; variant: any; }'.
src/pages/BrandDashboard.tsx(2356,24): error TS2741: Property 'variant' is missing in type '{ children: string; className: string; }' but required in type '{ [x: string]: any; className: any; variant: any; }'.
src/pages/BrandDashboard.tsx(2492,28): error TS2741: Property 'variant' is missing in type '{ children: string; key: string; className: string; }' but required in type '{ [x: string]: any; className: any; variant: any; }'.
src/pages/BrandDashboard.tsx(2681,16): error TS2741: Property 'variant' is missing in type '{ children: string; className: string; }' but required in type '{ [x: string]: any; className: any; variant: any; }'.
src/pages/BrandDashboard.tsx(2774,16): error TS2322: Type '{ children: Element[]; className: string; }' is not assignable to type 'IntrinsicAttributes & RefAttributes<unknown>'.
  Property 'children' does not exist on type 'IntrinsicAttributes & RefAttributes<unknown>'.
src/pages/BrandDashboard.tsx(2776,18): error TS2322: Type '{ children: string; className: string; }' is not assignable to type 'IntrinsicAttributes & RefAttributes<unknown>'.
  Property 'children' does not exist on type 'IntrinsicAttributes & RefAttributes<unknown>'.
src/pages/BrandDashboard.tsx(2824,18): error TS2741: Property 'variant' is missing in type '{ children: (string | Element)[]; className: string; }' but required in type '{ [x: string]: any; className: any; variant: any; }'.
src/pages/BrandDashboard.tsx(2837,22): error TS2741: Property 'variant' is missing in type '{ children: (string | Element)[]; className: string; }' but required in type '{ [x: string]: any; className: any; variant: any; }'.
src/pages/BrandDashboard.tsx(3005,18): error TS2741: Property 'variant' is missing in type '{ children: string; className: string; }' but required in type '{ [x: string]: any; className: any; variant: any; }'.
src/pages/BrandDashboard.tsx(3169,18): error TS2741: Property 'variant' is missing in type '{ children: (string | Element)[]; className: string; }' but required in type '{ [x: string]: any; className: any; variant: any; }'.
src/pages/BrandDashboard.tsx(3174,16): error TS2741: Property 'variant' is missing in type '{ children: string; className: string; }' but required in type '{ [x: string]: any; className: any; variant: any; }'.
src/pages/BrandDashboard.tsx(3191,14): error TS2322: Type '{ children: Element; className: string; }' is not assignable to type 'IntrinsicAttributes & RefAttributes<unknown>'.
  Property 'children' does not exist on type 'IntrinsicAttributes & RefAttributes<unknown>'.
src/pages/BrandDashboard.tsx(3223,12): error TS2741: Property 'variant' is missing in type '{ children: string; className: string; }' but required in type '{ [x: string]: any; className: any; variant: any; }'.
src/pages/BrandDashboard.tsx(3226,12): error TS2741: Property 'variant' is missing in type '{ children: string; className: string; }' but required in type '{ [x: string]: any; className: any; variant: any; }'.
src/pages/BrandDashboard.tsx(3321,24): error TS2741: Property 'variant' is missing in type '{ children: string; className: string; }' but required in type '{ [x: string]: any; className: any; variant: any; }'.
src/pages/BrandDashboard.tsx(3525,18): error TS2741: Property 'variant' is missing in type '{ children: string; className: string; }' but required in type '{ [x: string]: any; className: any; variant: any; }'.
src/pages/BrandDashboard.tsx(3678,18): error TS2741: Property 'variant' is missing in type '{ children: string; className: string; }' but required in type '{ [x: string]: any; className: any; variant: any; }'.
src/pages/BrandDashboard.tsx(3870,26): error TS2741: Property 'variant' is missing in type '{ children: string; className: string; }' but required in type '{ [x: string]: any; className: any; variant: any; }'.
src/pages/BrandDashboard.tsx(3887,26): error TS2741: Property 'variant' is missing in type '{ children: string; className: string; }' but required in type '{ [x: string]: any; className: any; variant: any; }'.
src/pages/BrandDashboard.tsx(3949,24): error TS2741: Property 'variant' is missing in type '{ children: (string | number)[]; className: string; }' but required in type '{ [x: string]: any; className: any; variant: any; }'.
src/pages/BrandDashboard.tsx(4062,18): error TS2741: Property 'variant' is missing in type '{ children: string; className: string; }' but required in type '{ [x: string]: any; className: any; variant: any; }'.
src/pages/BrandDashboard.tsx(4187,20): error TS2741: Property 'variant' is missing in type '{ children: string; className: string; }' but required in type '{ [x: string]: any; className: any; variant: any; }'.
src/pages/BrandDashboard.tsx(4281,20): error TS2741: Property 'variant' is missing in type '{ children: (string | number)[]; className: string; }' but required in type '{ [x: string]: any; className: any; variant: any; }'.
src/pages/BrandDashboard.tsx(4364,20): error TS2741: Property 'variant' is missing in type '{ children: string; className: string; }' but required in type '{ [x: string]: any; className: any; variant: any; }'.
src/pages/BrandDashboard.tsx(4497,20): error TS2741: Property 'variant' is missing in type '{ children: string; className: string; }' but required in type '{ [x: string]: any; className: any; variant: any; }'.
src/pages/BrandDashboard.tsx(4509,18): error TS2741: Property 'variant' is missing in type '{ children: string; className: string; }' but required in type '{ [x: string]: any; className: any; variant: any; }'.
src/pages/BrandDashboard.tsx(4568,32): error TS2741: Property 'variant' is missing in type '{ children: string; key: string; className: string; }' but required in type '{ [x: string]: any; className: any; variant: any; }'.
src/pages/BrandDashboard.tsx(4584,28): error TS2741: Property 'variant' is missing in type '{ children: string; className: string; }' but required in type '{ [x: string]: any; className: any; variant: any; }'.
src/pages/BrandDashboard.tsx(4645,24): error TS2741: Property 'variant' is missing in type '{ children: (string | number)[]; className: string; }' but required in type '{ [x: string]: any; className: any; variant: any; }'.
src/pages/BrandDashboard.tsx(4809,22): error TS2741: Property 'variant' is missing in type '{ children: string; className: string; }' but required in type '{ [x: string]: any; className: any; variant: any; }'.
src/pages/BrandDashboard.tsx(4899,18): error TS2741: Property 'variant' is missing in type '{ children: string; className: string; }' but required in type '{ [x: string]: any; className: any; variant: any; }'.
src/pages/BrandDashboard.tsx(5082,18): error TS2741: Property 'variant' is missing in type '{ children: string; className: string; }' but required in type '{ [x: string]: any; className: any; variant: any; }'.
src/pages/BrandDashboard.tsx(5339,10): error TS2322: Type '{ children: Element[]; className: string; }' is not assignable to type 'IntrinsicAttributes & RefAttributes<unknown>'.
  Property 'children' does not exist on type 'IntrinsicAttributes & RefAttributes<unknown>'.
src/pages/BrandDashboard.tsx(5340,12): error TS2741: Property 'className' is missing in type '{ children: Element; }' but required in type '{ [x: string]: any; className: any; }'.
src/pages/BrandDashboard.tsx(5341,14): error TS2322: Type '{ children: any[]; className: string; }' is not assignable to type 'IntrinsicAttributes & RefAttributes<unknown>'.
  Property 'children' does not exist on type 'IntrinsicAttributes & RefAttributes<unknown>'.
src/pages/BrandDashboard.tsx(5419,10): error TS2322: Type '{ children: Element[]; className: string; }' is not assignable to type 'IntrinsicAttributes & RefAttributes<unknown>'.
  Property 'children' does not exist on type 'IntrinsicAttributes & RefAttributes<unknown>'.
src/pages/BrandDashboard.tsx(5420,12): error TS2741: Property 'className' is missing in type '{ children: Element; }' but required in type '{ [x: string]: any; className: any; }'.
src/pages/BrandDashboard.tsx(5421,14): error TS2322: Type '{ children: string; className: string; }' is not assignable to type 'IntrinsicAttributes & RefAttributes<unknown>'.
  Property 'children' does not exist on type 'IntrinsicAttributes & RefAttributes<unknown>'.
src/pages/BrandDashboard.tsx(5463,26): error TS2741: Property 'variant' is missing in type '{ children: string; className: string; }' but required in type '{ [x: string]: any; className: any; variant: any; }'.
src/pages/BrandDashboard.tsx(5575,10): error TS2322: Type '{ children: Element[]; className: string; }' is not assignable to type 'IntrinsicAttributes & RefAttributes<unknown>'.
  Property 'children' does not exist on type 'IntrinsicAttributes & RefAttributes<unknown>'.
src/pages/BrandDashboard.tsx(5576,12): error TS2741: Property 'className' is missing in type '{ children: Element; }' but required in type '{ [x: string]: any; className: any; }'.
src/pages/BrandDashboard.tsx(5577,14): error TS2322: Type '{ children: string; className: string; }' is not assignable to type 'IntrinsicAttributes & RefAttributes<unknown>'.
  Property 'children' does not exist on type 'IntrinsicAttributes & RefAttributes<unknown>'.
src/pages/BrandDashboard.tsx(5630,14): error TS2322: Type '{ children: Element[]; className: string; }' is not assignable to type 'IntrinsicAttributes & RefAttributes<unknown>'.
  Property 'children' does not exist on type 'IntrinsicAttributes & RefAttributes<unknown>'.
src/pages/BrandDashboard.tsx(5632,16): error TS2322: Type '{ children: (string | Element)[]; className: string; }' is not assignable to type 'IntrinsicAttributes & RefAttributes<unknown>'.
  Property 'children' does not exist on type 'IntrinsicAttributes & RefAttributes<unknown>'.
src/pages/BrandDashboard.tsx(5643,10): error TS2322: Type '{ children: Element[]; className: string; }' is not assignable to type 'IntrinsicAttributes & RefAttributes<unknown>'.
  Property 'children' does not exist on type 'IntrinsicAttributes & RefAttributes<unknown>'.
src/pages/BrandDashboard.tsx(5644,12): error TS2741: Property 'className' is missing in type '{ children: Element[]; }' but required in type '{ [x: string]: any; className: any; }'.
src/pages/BrandDashboard.tsx(5645,14): error TS2322: Type '{ children: any[]; className: string; }' is not assignable to type 'IntrinsicAttributes & RefAttributes<unknown>'.
  Property 'children' does not exist on type 'IntrinsicAttributes & RefAttributes<unknown>'.
src/pages/BrandDashboard.tsx(5915,23): error TS2322: Type '{ checked: boolean; onCheckedChange: (checked: any) => void; }' is not assignable to type 'IntrinsicAttributes & RefAttributes<unknown>'.
  Property 'checked' does not exist on type 'IntrinsicAttributes & RefAttributes<unknown>'.
src/pages/BrandDashboard.tsx(5945,23): error TS2322: Type '{ checked: boolean; onCheckedChange: (checked: any) => void; }' is not assignable to type 'IntrinsicAttributes & RefAttributes<unknown>'.
  Property 'checked' does not exist on type 'IntrinsicAttributes & RefAttributes<unknown>'.
src/pages/BrandDashboard.tsx(5964,31): error TS2322: Type '{ checked: boolean; onCheckedChange: (checked: any) => void; }' is not assignable to type 'IntrinsicAttributes & RefAttributes<unknown>'.
  Property 'checked' does not exist on type 'IntrinsicAttributes & RefAttributes<unknown>'.
src/pages/BrandDashboard.tsx(5981,31): error TS2322: Type '{ checked: boolean; onCheckedChange: (checked: any) => void; }' is not assignable to type 'IntrinsicAttributes & RefAttributes<unknown>'.
  Property 'checked' does not exist on type 'IntrinsicAttributes & RefAttributes<unknown>'.
src/pages/BrandDashboard.tsx(5998,31): error TS2322: Type '{ checked: boolean; onCheckedChange: (checked: any) => void; }' is not assignable to type 'IntrinsicAttributes & RefAttributes<unknown>'.
  Property 'checked' does not exist on type 'IntrinsicAttributes & RefAttributes<unknown>'.
src/pages/BrandDashboard.tsx(6015,31): error TS2322: Type '{ checked: boolean; onCheckedChange: (checked: any) => void; }' is not assignable to type 'IntrinsicAttributes & RefAttributes<unknown>'.
  Property 'checked' does not exist on type 'IntrinsicAttributes & RefAttributes<unknown>'.
src/pages/BrandDashboard.tsx(6037,23): error TS2322: Type '{ checked: boolean; onCheckedChange: (checked: any) => void; }' is not assignable to type 'IntrinsicAttributes & RefAttributes<unknown>'.
  Property 'checked' does not exist on type 'IntrinsicAttributes & RefAttributes<unknown>'.
src/pages/BrandDashboard.tsx(6058,23): error TS2322: Type '{ checked: boolean; onCheckedChange: (checked: any) => void; }' is not assignable to type 'IntrinsicAttributes & RefAttributes<unknown>'.
  Property 'checked' does not exist on type 'IntrinsicAttributes & RefAttributes<unknown>'.
src/pages/BrandDashboard.tsx(6089,18): error TS2322: Type '{ children: Element[]; className: string; }' is not assignable to type 'IntrinsicAttributes & RefAttributes<unknown>'.
  Property 'children' does not exist on type 'IntrinsicAttributes & RefAttributes<unknown>'.
src/pages/BrandDashboard.tsx(6091,20): error TS2322: Type '{ children: (string | Element)[]; className: string; }' is not assignable to type 'IntrinsicAttributes & RefAttributes<unknown>'.
  Property 'children' does not exist on type 'IntrinsicAttributes & RefAttributes<unknown>'.
src/pages/BrandDashboard.tsx(6165,22): error TS2741: Property 'variant' is missing in type '{ children: string; className: string; }' but required in type '{ [x: string]: any; className: any; variant: any; }'.
src/pages/BrandDashboard.tsx(6407,26): error TS2741: Property 'variant' is missing in type '{ children: number; className: string; }' but required in type '{ [x: string]: any; className: any; variant: any; }'.
src/pages/BrandDashboard.tsx(6439,12): error TS2322: Type '{ children: Element[]; className: string; }' is not assignable to type 'IntrinsicAttributes & RefAttributes<unknown>'.
  Property 'children' does not exist on type 'IntrinsicAttributes & RefAttributes<unknown>'.
src/pages/BrandDashboard.tsx(6441,14): error TS2322: Type '{ children: (string | Element)[]; className: string; }' is not assignable to type 'IntrinsicAttributes & RefAttributes<unknown>'.
  Property 'children' does not exist on type 'IntrinsicAttributes & RefAttributes<unknown>'.
src/pages/BrandsStudios.tsx(675,16): error TS2741: Property 'variant' is missing in type '{ children: string; className: string; }' but required in type '{ [x: string]: any; className: any; variant: any; }'.
src/pages/BrandsStudios.tsx(753,18): error TS2741: Property 'variant' is missing in type '{ children: string; className: string; }' but required in type '{ [x: string]: any; className: any; variant: any; }'.
src/pages/BrandsStudios.tsx(859,14): error TS2322: Type '{ children: Element[]; value: string; className: string; }' is not assignable to type 'IntrinsicAttributes & RefAttributes<unknown>'.
  Property 'children' does not exist on type 'IntrinsicAttributes & RefAttributes<unknown>'.
src/pages/BrandsStudios.tsx(863,16): error TS2322: Type '{ children: string; className: string; }' is not assignable to type 'IntrinsicAttributes & RefAttributes<unknown>'.
  Property 'children' does not exist on type 'IntrinsicAttributes & RefAttributes<unknown>'.
src/pages/BrandsStudios.tsx(866,16): error TS2322: Type '{ children: string; className: string; }' is not assignable to type 'IntrinsicAttributes & RefAttributes<unknown>'.
  Property 'children' does not exist on type 'IntrinsicAttributes & RefAttributes<unknown>'.
src/pages/BrandsStudios.tsx(872,14): error TS2322: Type '{ children: Element[]; value: string; className: string; }' is not assignable to type 'IntrinsicAttributes & RefAttributes<unknown>'.
  Property 'children' does not exist on type 'IntrinsicAttributes & RefAttributes<unknown>'.
src/pages/BrandsStudios.tsx(876,16): error TS2322: Type '{ children: string; className: string; }' is not assignable to type 'IntrinsicAttributes & RefAttributes<unknown>'.
  Property 'children' does not exist on type 'IntrinsicAttributes & RefAttributes<unknown>'.
src/pages/BrandsStudios.tsx(879,16): error TS2322: Type '{ children: string; className: string; }' is not assignable to type 'IntrinsicAttributes & RefAttributes<unknown>'.
  Property 'children' does not exist on type 'IntrinsicAttributes & RefAttributes<unknown>'.
src/pages/BrandsStudios.tsx(885,14): error TS2322: Type '{ children: Element[]; value: string; className: string; }' is not assignable to type 'IntrinsicAttributes & RefAttributes<unknown>'.
  Property 'children' does not exist on type 'IntrinsicAttributes & RefAttributes<unknown>'.
src/pages/BrandsStudios.tsx(889,16): error TS2322: Type '{ children: string; className: string; }' is not assignable to type 'IntrinsicAttributes & RefAttributes<unknown>'.
  Property 'children' does not exist on type 'IntrinsicAttributes & RefAttributes<unknown>'.
src/pages/BrandsStudios.tsx(892,16): error TS2322: Type '{ children: string; className: string; }' is not assignable to type 'IntrinsicAttributes & RefAttributes<unknown>'.
  Property 'children' does not exist on type 'IntrinsicAttributes & RefAttributes<unknown>'.
src/pages/BrandsStudios.tsx(898,14): error TS2322: Type '{ children: Element[]; value: string; className: string; }' is not assignable to type 'IntrinsicAttributes & RefAttributes<unknown>'.
  Property 'children' does not exist on type 'IntrinsicAttributes & RefAttributes<unknown>'.
src/pages/BrandsStudios.tsx(902,16): error TS2322: Type '{ children: string; className: string; }' is not assignable to type 'IntrinsicAttributes & RefAttributes<unknown>'.
  Property 'children' does not exist on type 'IntrinsicAttributes & RefAttributes<unknown>'.
src/pages/BrandsStudios.tsx(905,16): error TS2322: Type '{ children: string; className: string; }' is not assignable to type 'IntrinsicAttributes & RefAttributes<unknown>'.
  Property 'children' does not exist on type 'IntrinsicAttributes & RefAttributes<unknown>'.
src/pages/BrandsStudios.tsx(911,14): error TS2322: Type '{ children: Element[]; value: string; className: string; }' is not assignable to type 'IntrinsicAttributes & RefAttributes<unknown>'.
  Property 'children' does not exist on type 'IntrinsicAttributes & RefAttributes<unknown>'.
src/pages/BrandsStudios.tsx(915,16): error TS2322: Type '{ children: string; className: string; }' is not assignable to type 'IntrinsicAttributes & RefAttributes<unknown>'.
  Property 'children' does not exist on type 'IntrinsicAttributes & RefAttributes<unknown>'.
src/pages/BrandsStudios.tsx(918,16): error TS2322: Type '{ children: string; className: string; }' is not assignable to type 'IntrinsicAttributes & RefAttributes<unknown>'.
  Property 'children' does not exist on type 'IntrinsicAttributes & RefAttributes<unknown>'.
src/pages/CreatorDashboard.tsx(1127,16): error TS2741: Property 'variant' is missing in type '{ children: number; className: string; }' but required in type '{ [x: string]: any; className: any; variant: any; }'.
src/pages/CreatorDashboard.tsx(1140,16): error TS2741: Property 'variant' is missing in type '{ children: number; className: string; }' but required in type '{ [x: string]: any; className: any; variant: any; }'.
src/pages/CreatorDashboard.tsx(1169,26): error TS2741: Property 'variant' is missing in type '{ children: string; className: string; }' but required in type '{ [x: string]: any; className: any; variant: any; }'.
src/pages/CreatorDashboard.tsx(1280,34): error TS2741: Property 'variant' is missing in type '{ children: (string | Element)[]; className: string; }' but required in type '{ [x: string]: any; className: any; variant: any; }'.
src/pages/CreatorDashboard.tsx(1286,34): error TS2741: Property 'variant' is missing in type '{ children: (string | Element)[]; className: string; }' but required in type '{ [x: string]: any; className: any; variant: any; }'.
src/pages/CreatorDashboard.tsx(1292,34): error TS2741: Property 'variant' is missing in type '{ children: (string | Element)[]; className: string; }' but required in type '{ [x: string]: any; className: any; variant: any; }'.
src/pages/CreatorDashboard.tsx(1476,20): error TS2322: Type '{ children: Element[]; className: string; }' is not assignable to type 'IntrinsicAttributes & RefAttributes<unknown>'.
  Property 'children' does not exist on type 'IntrinsicAttributes & RefAttributes<unknown>'.
src/pages/CreatorDashboard.tsx(1478,23): error TS2322: Type '{ src: any; }' is not assignable to type 'IntrinsicAttributes & RefAttributes<unknown>'.
  Property 'src' does not exist on type 'IntrinsicAttributes & RefAttributes<unknown>'.
src/pages/CreatorDashboard.tsx(1484,22): error TS2322: Type '{ children: any; className: string; }' is not assignable to type 'IntrinsicAttributes & RefAttributes<unknown>'.
  Property 'children' does not exist on type 'IntrinsicAttributes & RefAttributes<unknown>'.
src/pages/CreatorDashboard.tsx(1671,18): error TS2322: Type '{ children: Element[]; className: string; }' is not assignable to type 'IntrinsicAttributes & RefAttributes<unknown>'.
  Property 'children' does not exist on type 'IntrinsicAttributes & RefAttributes<unknown>'.
src/pages/CreatorDashboard.tsx(1673,21): error TS2322: Type '{ src: any; }' is not assignable to type 'IntrinsicAttributes & RefAttributes<unknown>'.
  Property 'src' does not exist on type 'IntrinsicAttributes & RefAttributes<unknown>'.
src/pages/CreatorDashboard.tsx(1677,20): error TS2322: Type '{ children: any; className: string; }' is not assignable to type 'IntrinsicAttributes & RefAttributes<unknown>'.
  Property 'children' does not exist on type 'IntrinsicAttributes & RefAttributes<unknown>'.
src/pages/CreatorDashboard.tsx(1773,36): error TS2345: Argument of type 'unknown' is not assignable to parameter of type 'Blob | MediaSource'.
src/pages/CreatorDashboard.tsx(1774,22): error TS2339: Property 'name' does not exist on type 'unknown'.
src/pages/CreatorDashboard.tsx(2326,16): error TS2741: Property 'variant' is missing in type '{ children: string; className: string; }' but required in type '{ [x: string]: any; className: any; variant: any; }'.
src/pages/CreatorDashboard.tsx(2346,16): error TS2741: Property 'variant' is missing in type '{ children: (string | number)[]; className: string; }' but required in type '{ [x: string]: any; className: any; variant: any; }'.
src/pages/CreatorDashboard.tsx(2384,24): error TS2741: Property 'variant' is missing in type '{ children: string; className: string; }' but required in type '{ [x: string]: any; className: any; variant: any; }'.
src/pages/CreatorDashboard.tsx(2406,14): error TS2741: Property 'variant' is missing in type '{ children: string; className: string; }' but required in type '{ [x: string]: any; className: any; variant: any; }'.
src/pages/CreatorDashboard.tsx(2658,22): error TS2741: Property 'variant' is missing in type '{ children: string; className: string; }' but required in type '{ [x: string]: any; className: any; variant: any; }'.
src/pages/CreatorDashboard.tsx(3124,20): error TS2741: Property 'variant' is missing in type '{ children: (string | Element)[]; className: string; }' but required in type '{ [x: string]: any; className: any; variant: any; }'.
src/pages/CreatorDashboard.tsx(3169,24): error TS2741: Property 'variant' is missing in type '{ children: string; className: string; }' but required in type '{ [x: string]: any; className: any; variant: any; }'.
src/pages/CreatorDashboard.tsx(3256,12): error TS2741: Property 'variant' is missing in type '{ children: (string | number)[]; className: string; }' but required in type '{ [x: string]: any; className: any; variant: any; }'.
src/pages/CreatorDashboard.tsx(3362,24): error TS2741: Property 'variant' is missing in type '{ children: any; className: string; }' but required in type '{ [x: string]: any; className: any; variant: any; }'.
src/pages/CreatorDashboard.tsx(3480,28): error TS2741: Property 'variant' is missing in type '{ children: string; className: string; }' but required in type '{ [x: string]: any; className: any; variant: any; }'.
src/pages/CreatorDashboard.tsx(3490,24): error TS2741: Property 'variant' is missing in type '{ children: any; className: string; }' but required in type '{ [x: string]: any; className: any; variant: any; }'.
src/pages/CreatorDashboard.tsx(3585,18): error TS2741: Property 'variant' is missing in type '{ children: string; className: string; }' but required in type '{ [x: string]: any; className: any; variant: any; }'.
src/pages/CreatorDashboard.tsx(4031,12): error TS2741: Property 'variant' is missing in type '{ children: (string | number)[]; className: string; }' but required in type '{ [x: string]: any; className: any; variant: any; }'.
src/pages/CreatorDashboard.tsx(4072,18): error TS2741: Property 'variant' is missing in type '{ children: string; className: string; }' but required in type '{ [x: string]: any; className: any; variant: any; }'.
src/pages/CreatorDashboard.tsx(4098,24): error TS2741: Property 'variant' is missing in type '{ children: any; key: any; className: string; }' but required in type '{ [x: string]: any; className: any; variant: any; }'.
src/pages/CreatorDashboard.tsx(4112,21): error TS2322: Type '{ checked: any; className: string; onCheckedChange: (checked: any) => void; }' is not assignable to type 'IntrinsicAttributes & RefAttributes<unknown>'.
  Property 'checked' does not exist on type 'IntrinsicAttributes & RefAttributes<unknown>'.
src/pages/CreatorDashboard.tsx(4217,18): error TS2741: Property 'variant' is missing in type '{ children: string; className: string; }' but required in type '{ [x: string]: any; className: any; variant: any; }'.
src/pages/CreatorDashboard.tsx(4447,20): error TS2741: Property 'variant' is missing in type '{ children: string; className: string; }' but required in type '{ [x: string]: any; className: any; variant: any; }'.
src/pages/CreatorDashboard.tsx(5087,19): error TS2322: Type '{ checked: any; onCheckedChange: (checked: any) => void; }' is not assignable to type 'IntrinsicAttributes & RefAttributes<unknown>'.
  Property 'checked' does not exist on type 'IntrinsicAttributes & RefAttributes<unknown>'.
src/pages/CreatorDashboard.tsx(5106,25): error TS2322: Type '{ defaultChecked: true; }' is not assignable to type 'IntrinsicAttributes & RefAttributes<unknown>'.
  Property 'defaultChecked' does not exist on type 'IntrinsicAttributes & RefAttributes<unknown>'.
src/pages/CreatorDashboard.tsx(5118,25): error TS2322: Type '{ defaultChecked: true; }' is not assignable to type 'IntrinsicAttributes & RefAttributes<unknown>'.
  Property 'defaultChecked' does not exist on type 'IntrinsicAttributes & RefAttributes<unknown>'.
src/pages/CreatorDashboard.tsx(5174,22): error TS2741: Property 'variant' is missing in type '{ children: string; key: string; onClick: () => void; className: string; }' but required in type '{ [x: string]: any; className: any; variant: any; }'.
src/pages/CreatorDashboard.tsx(5193,24): error TS2322: Type '{ children: Element[]; className: string; }' is not assignable to type 'IntrinsicAttributes & RefAttributes<unknown>'.
  Property 'children' does not exist on type 'IntrinsicAttributes & RefAttributes<unknown>'.
src/pages/CreatorDashboard.tsx(5195,26): error TS2322: Type '{ children: string; className: string; }' is not assignable to type 'IntrinsicAttributes & RefAttributes<unknown>'.
  Property 'children' does not exist on type 'IntrinsicAttributes & RefAttributes<unknown>'.
src/pages/CreatorDashboard.tsx(5220,22): error TS2741: Property 'variant' is missing in type '{ children: string; key: string; onClick: () => void; className: string; }' but required in type '{ [x: string]: any; className: any; variant: any; }'.
src/pages/CreatorDashboard.tsx(5239,24): error TS2322: Type '{ children: Element[]; className: string; }' is not assignable to type 'IntrinsicAttributes & RefAttributes<unknown>'.
  Property 'children' does not exist on type 'IntrinsicAttributes & RefAttributes<unknown>'.
src/pages/CreatorDashboard.tsx(5241,26): error TS2322: Type '{ children: string; className: string; }' is not assignable to type 'IntrinsicAttributes & RefAttributes<unknown>'.
  Property 'children' does not exist on type 'IntrinsicAttributes & RefAttributes<unknown>'.
src/pages/CreatorDashboard.tsx(5307,21): error TS2322: Type '{ checked: any; onCheckedChange: (checked: any) => void; disabled: boolean; }' is not assignable to type 'IntrinsicAttributes & RefAttributes<unknown>'.
  Property 'checked' does not exist on type 'IntrinsicAttributes & RefAttributes<unknown>'.
src/pages/CreatorDashboard.tsx(5369,18): error TS2322: Type '{ children: Element[]; className: string; }' is not assignable to type 'IntrinsicAttributes & RefAttributes<unknown>'.
  Property 'children' does not exist on type 'IntrinsicAttributes & RefAttributes<unknown>'.
src/pages/CreatorDashboard.tsx(5372,23): error TS2322: Type '{ src: any; alt: any; }' is not assignable to type 'IntrinsicAttributes & RefAttributes<unknown>'.
  Property 'src' does not exist on type 'IntrinsicAttributes & RefAttributes<unknown>'.
src/pages/CreatorDashboard.tsx(5376,20): error TS2322: Type '{ children: any; className: string; }' is not assignable to type 'IntrinsicAttributes & RefAttributes<unknown>'.
  Property 'children' does not exist on type 'IntrinsicAttributes & RefAttributes<unknown>'.
src/pages/CreatorDashboard.tsx(5405,22): error TS2322: Type '{ children: Element[]; className: string; }' is not assignable to type 'IntrinsicAttributes & RefAttributes<unknown>'.
  Property 'children' does not exist on type 'IntrinsicAttributes & RefAttributes<unknown>'.
src/pages/CreatorDashboard.tsx(5408,27): error TS2322: Type '{ src: any; alt: any; }' is not assignable to type 'IntrinsicAttributes & RefAttributes<unknown>'.
  Property 'src' does not exist on type 'IntrinsicAttributes & RefAttributes<unknown>'.
src/pages/CreatorDashboard.tsx(5412,24): error TS2322: Type '{ children: any; className: string; }' is not assignable to type 'IntrinsicAttributes & RefAttributes<unknown>'.
  Property 'children' does not exist on type 'IntrinsicAttributes & RefAttributes<unknown>'.
src/pages/CreatorDashboard.tsx(5452,18): error TS2322: Type '{ children: Element[]; className: string; }' is not assignable to type 'IntrinsicAttributes & RefAttributes<unknown>'.
  Property 'children' does not exist on type 'IntrinsicAttributes & RefAttributes<unknown>'.
src/pages/CreatorDashboard.tsx(5455,23): error TS2322: Type '{ src: any; alt: any; }' is not assignable to type 'IntrinsicAttributes & RefAttributes<unknown>'.
  Property 'src' does not exist on type 'IntrinsicAttributes & RefAttributes<unknown>'.
src/pages/CreatorDashboard.tsx(5459,20): error TS2322: Type '{ children: any; className: string; }' is not assignable to type 'IntrinsicAttributes & RefAttributes<unknown>'.
  Property 'children' does not exist on type 'IntrinsicAttributes & RefAttributes<unknown>'.
src/pages/CreatorDashboard.tsx(5489,22): error TS2322: Type '{ children: Element[]; className: string; }' is not assignable to type 'IntrinsicAttributes & RefAttributes<unknown>'.
  Property 'children' does not exist on type 'IntrinsicAttributes & RefAttributes<unknown>'.
src/pages/CreatorDashboard.tsx(5492,27): error TS2322: Type '{ src: any; alt: any; }' is not assignable to type 'IntrinsicAttributes & RefAttributes<unknown>'.
  Property 'src' does not exist on type 'IntrinsicAttributes & RefAttributes<unknown>'.
src/pages/CreatorDashboard.tsx(5496,24): error TS2322: Type '{ children: any; className: string; }' is not assignable to type 'IntrinsicAttributes & RefAttributes<unknown>'.
  Property 'children' does not exist on type 'IntrinsicAttributes & RefAttributes<unknown>'.
src/pages/CreatorDashboard.tsx(5609,26): error TS2741: Property 'variant' is missing in type '{ children: number; className: string; }' but required in type '{ [x: string]: any; className: any; variant: any; }'.
src/pages/CreatorDashboard.tsx(5857,10): error TS2322: Type '{ children: Element[]; className: string; }' is not assignable to type 'IntrinsicAttributes & RefAttributes<unknown>'.
  Property 'children' does not exist on type 'IntrinsicAttributes & RefAttributes<unknown>'.
src/pages/CreatorDashboard.tsx(5858,12): error TS2741: Property 'className' is missing in type '{ children: Element; }' but required in type '{ [x: string]: any; className: any; }'.
src/pages/CreatorDashboard.tsx(5859,14): error TS2322: Type '{ children: string; className: string; }' is not assignable to type 'IntrinsicAttributes & RefAttributes<unknown>'.
  Property 'children' does not exist on type 'IntrinsicAttributes & RefAttributes<unknown>'.
src/pages/CreatorDashboard.tsx(5930,26): error TS2741: Property 'variant' is missing in type '{ children: string; className: string; }' but required in type '{ [x: string]: any; className: any; variant: any; }'.
src/pages/CreatorDashboard.tsx(5981,10): error TS2322: Type '{ children: Element[]; className: string; }' is not assignable to type 'IntrinsicAttributes & RefAttributes<unknown>'.
  Property 'children' does not exist on type 'IntrinsicAttributes & RefAttributes<unknown>'.
src/pages/CreatorDashboard.tsx(5982,12): error TS2741: Property 'className' is missing in type '{ children: Element; }' but required in type '{ [x: string]: any; className: any; }'.
src/pages/CreatorDashboard.tsx(5983,14): error TS2322: Type '{ children: string; className: string; }' is not assignable to type 'IntrinsicAttributes & RefAttributes<unknown>'.
  Property 'children' does not exist on type 'IntrinsicAttributes & RefAttributes<unknown>'.
src/pages/CreatorDashboard.tsx(6101,10): error TS2322: Type '{ children: Element[]; className: string; }' is not assignable to type 'IntrinsicAttributes & RefAttributes<unknown>'.
  Property 'children' does not exist on type 'IntrinsicAttributes & RefAttributes<unknown>'.
src/pages/CreatorDashboard.tsx(6102,12): error TS2741: Property 'className' is missing in type '{ children: Element; }' but required in type '{ [x: string]: any; className: any; }'.
src/pages/CreatorDashboard.tsx(6103,14): error TS2322: Type '{ children: string; className: string; }' is not assignable to type 'IntrinsicAttributes & RefAttributes<unknown>'.
  Property 'children' does not exist on type 'IntrinsicAttributes & RefAttributes<unknown>'.
src/pages/CreatorDashboard.tsx(6224,10): error TS2322: Type '{ children: Element[]; className: string; }' is not assignable to type 'IntrinsicAttributes & RefAttributes<unknown>'.
  Property 'children' does not exist on type 'IntrinsicAttributes & RefAttributes<unknown>'.
src/pages/CreatorDashboard.tsx(6225,12): error TS2741: Property 'className' is missing in type '{ children: Element; }' but required in type '{ [x: string]: any; className: any; }'.
src/pages/CreatorDashboard.tsx(6226,14): error TS2322: Type '{ children: string; className: string; }' is not assignable to type 'IntrinsicAttributes & RefAttributes<unknown>'.
  Property 'children' does not exist on type 'IntrinsicAttributes & RefAttributes<unknown>'.
src/pages/CreatorDashboard.tsx(6358,10): error TS2322: Type '{ children: Element[]; className: string; }' is not assignable to type 'IntrinsicAttributes & RefAttributes<unknown>'.
  Property 'children' does not exist on type 'IntrinsicAttributes & RefAttributes<unknown>'.
src/pages/CreatorDashboard.tsx(6359,12): error TS2741: Property 'className' is missing in type '{ children: Element; }' but required in type '{ [x: string]: any; className: any; }'.
src/pages/CreatorDashboard.tsx(6360,14): error TS2322: Type '{ children: any[]; className: string; }' is not assignable to type 'IntrinsicAttributes & RefAttributes<unknown>'.
  Property 'children' does not exist on type 'IntrinsicAttributes & RefAttributes<unknown>'.
src/pages/CreatorDashboard.tsx(6423,10): error TS2322: Type '{ children: Element[]; className: string; }' is not assignable to type 'IntrinsicAttributes & RefAttributes<unknown>'.
  Property 'children' does not exist on type 'IntrinsicAttributes & RefAttributes<unknown>'.
src/pages/CreatorDashboard.tsx(6424,12): error TS2741: Property 'className' is missing in type '{ children: Element; }' but required in type '{ [x: string]: any; className: any; }'.
src/pages/CreatorDashboard.tsx(6425,14): error TS2322: Type '{ children: string; className: string; }' is not assignable to type 'IntrinsicAttributes & RefAttributes<unknown>'.
  Property 'children' does not exist on type 'IntrinsicAttributes & RefAttributes<unknown>'.
src/pages/CreatorDashboard.tsx(6436,14): error TS2322: Type '{ children: Element[]; className: string; }' is not assignable to type 'IntrinsicAttributes & RefAttributes<unknown>'.
  Property 'children' does not exist on type 'IntrinsicAttributes & RefAttributes<unknown>'.
src/pages/CreatorDashboard.tsx(6438,16): error TS2322: Type '{ children: any[]; className: string; }' is not assignable to type 'IntrinsicAttributes & RefAttributes<unknown>'.
  Property 'children' does not exist on type 'IntrinsicAttributes & RefAttributes<unknown>'.
src/pages/CreatorDashboard.tsx(6500,18): error TS2322: Type '{ children: Element[]; className: string; }' is not assignable to type 'IntrinsicAttributes & RefAttributes<unknown>'.
  Property 'children' does not exist on type 'IntrinsicAttributes & RefAttributes<unknown>'.
src/pages/CreatorDashboard.tsx(6502,20): error TS2322: Type '{ children: (string | Element)[]; className: string; }' is not assignable to type 'IntrinsicAttributes & RefAttributes<unknown>'.
  Property 'children' does not exist on type 'IntrinsicAttributes & RefAttributes<unknown>'.
src/pages/CreatorDashboard.tsx(6560,18): error TS2322: Type '{ children: Element[]; className: string; }' is not assignable to type 'IntrinsicAttributes & RefAttributes<unknown>'.
  Property 'children' does not exist on type 'IntrinsicAttributes & RefAttributes<unknown>'.
src/pages/CreatorDashboard.tsx(6562,20): error TS2322: Type '{ children: (string | Element)[]; className: string; }' is not assignable to type 'IntrinsicAttributes & RefAttributes<unknown>'.
  Property 'children' does not exist on type 'IntrinsicAttributes & RefAttributes<unknown>'.
src/pages/CreatorSignup.tsx(139,25): error TS2339: Property 'id' does not exist on type 'unknown'.
src/pages/CreatorSignup.tsx(406,12): error TS2322: Type '{ children: Element[]; className: string; }' is not assignable to type 'IntrinsicAttributes & RefAttributes<unknown>'.
  Property 'children' does not exist on type 'IntrinsicAttributes & RefAttributes<unknown>'.
src/pages/CreatorSignup.tsx(408,14): error TS2322: Type '{ children: (string | Element)[]; className: string; }' is not assignable to type 'IntrinsicAttributes & RefAttributes<unknown>'.
  Property 'children' does not exist on type 'IntrinsicAttributes & RefAttributes<unknown>'.
src/pages/CreatorSignup.tsx(422,14): error TS2741: Property 'variant' is missing in type '{ children: (string | number)[]; className: string; }' but required in type '{ [x: string]: any; className: any; variant: any; }'.
src/pages/CreatorSignup.tsx(683,25): error TS2322: Type '{ id: string; checked: boolean; onCheckedChange: () => void; className: string; }' is not assignable to type 'IntrinsicAttributes & RefAttributes<unknown>'.
  Property 'id' does not exist on type 'IntrinsicAttributes & RefAttributes<unknown>'.
src/pages/CreatorSignup.tsx(707,27): error TS2322: Type '{ id: string; checked: any; onCheckedChange: () => void; className: string; }' is not assignable to type 'IntrinsicAttributes & RefAttributes<unknown>'.
  Property 'id' does not exist on type 'IntrinsicAttributes & RefAttributes<unknown>'.
src/pages/CreatorSignup.tsx(745,25): error TS2322: Type '{ id: string; checked: boolean; onCheckedChange: () => void; className: string; }' is not assignable to type 'IntrinsicAttributes & RefAttributes<unknown>'.
  Property 'id' does not exist on type 'IntrinsicAttributes & RefAttributes<unknown>'.
src/pages/CreatorSignup.tsx(765,27): error TS2322: Type '{ id: string; checked: any; onCheckedChange: () => void; className: string; }' is not assignable to type 'IntrinsicAttributes & RefAttributes<unknown>'.
  Property 'id' does not exist on type 'IntrinsicAttributes & RefAttributes<unknown>'.
src/pages/DemoTalentDashboard.tsx(352,12): error TS2322: Type '{ children: Element[]; className: string; }' is not assignable to type 'IntrinsicAttributes & RefAttributes<unknown>'.
  Property 'children' does not exist on type 'IntrinsicAttributes & RefAttributes<unknown>'.
src/pages/DemoTalentDashboard.tsx(353,14): error TS2741: Property 'className' is missing in type '{ children: Element; }' but required in type '{ [x: string]: any; className: any; }'.
src/pages/DemoTalentDashboard.tsx(354,16): error TS2322: Type '{ children: string; className: string; }' is not assignable to type 'IntrinsicAttributes & RefAttributes<unknown>'.
  Property 'children' does not exist on type 'IntrinsicAttributes & RefAttributes<unknown>'.
src/pages/DemoTalentDashboard.tsx(477,12): error TS2322: Type '{ children: Element[]; className: string; }' is not assignable to type 'IntrinsicAttributes & RefAttributes<unknown>'.
  Property 'children' does not exist on type 'IntrinsicAttributes & RefAttributes<unknown>'.
src/pages/DemoTalentDashboard.tsx(478,14): error TS2741: Property 'className' is missing in type '{ children: Element; }' but required in type '{ [x: string]: any; className: any; }'.
src/pages/DemoTalentDashboard.tsx(479,16): error TS2322: Type '{ children: (string | Element)[]; className: string; }' is not assignable to type 'IntrinsicAttributes & RefAttributes<unknown>'.
  Property 'children' does not exist on type 'IntrinsicAttributes & RefAttributes<unknown>'.
src/pages/DemoTalentDashboard.tsx(490,16): error TS2322: Type '{ children: Element[]; className: string; }' is not assignable to type 'IntrinsicAttributes & RefAttributes<unknown>'.
  Property 'children' does not exist on type 'IntrinsicAttributes & RefAttributes<unknown>'.
src/pages/DemoTalentDashboard.tsx(491,18): error TS2322: Type '{ children: string; value: string; className: string; }' is not assignable to type 'IntrinsicAttributes & RefAttributes<unknown>'.
  Property 'children' does not exist on type 'IntrinsicAttributes & RefAttributes<unknown>'.
src/pages/DemoTalentDashboard.tsx(494,18): error TS2322: Type '{ children: string; value: string; className: string; }' is not assignable to type 'IntrinsicAttributes & RefAttributes<unknown>'.
  Property 'children' does not exist on type 'IntrinsicAttributes & RefAttributes<unknown>'.
src/pages/DemoTalentDashboard.tsx(497,18): error TS2322: Type '{ children: (string | Element)[]; value: string; className: string; }' is not assignable to type 'IntrinsicAttributes & RefAttributes<unknown>'.
  Property 'children' does not exist on type 'IntrinsicAttributes & RefAttributes<unknown>'.
src/pages/DemoTalentDashboard.tsx(504,16): error TS2322: Type '{ children: Element[]; value: string; className: string; }' is not assignable to type 'IntrinsicAttributes & RefAttributes<unknown>'.
  Property 'children' does not exist on type 'IntrinsicAttributes & RefAttributes<unknown>'.
src/pages/DemoTalentDashboard.tsx(679,16): error TS2322: Type '{ children: Element[]; value: string; className: string; }' is not assignable to type 'IntrinsicAttributes & RefAttributes<unknown>'.
  Property 'children' does not exist on type 'IntrinsicAttributes & RefAttributes<unknown>'.
src/pages/DemoTalentDashboard.tsx(767,28): error TS2741: Property 'variant' is missing in type '{ children: string; key: number; className: string; }' but required in type '{ [x: string]: any; className: any; variant: any; }'.
src/pages/DemoTalentDashboard.tsx(847,16): error TS2322: Type '{ children: Element; value: string; className: string; }' is not assignable to type 'IntrinsicAttributes & RefAttributes<unknown>'.
  Property 'children' does not exist on type 'IntrinsicAttributes & RefAttributes<unknown>'.
src/pages/DemoTalentDashboard.tsx(979,26): error TS2741: Property 'variant' is missing in type '{ children: string; className: string; }' but required in type '{ [x: string]: any; className: any; variant: any; }'.
src/pages/DemoTalentDashboard.tsx(990,26): error TS2741: Property 'variant' is missing in type '{ children: string[]; className: string; }' but required in type '{ [x: string]: any; className: any; variant: any; }'.
src/pages/DemoTalentDashboard.tsx(1090,26): error TS2741: Property 'variant' is missing in type '{ children: string; className: string; }' but required in type '{ [x: string]: any; className: any; variant: any; }'.
src/pages/DemoTalentDashboard.tsx(1101,26): error TS2741: Property 'variant' is missing in type '{ children: string; className: string; }' but required in type '{ [x: string]: any; className: any; variant: any; }'.
src/pages/DemoTalentDashboard.tsx(1121,16): error TS2552: Cannot find name 'Alert'. Did you mean 'alert'?
src/pages/DemoTalentDashboard.tsx(1128,17): error TS2552: Cannot find name 'Alert'. Did you mean 'alert'?
src/pages/DemoTalentDashboard.tsx(1167,22): error TS2741: Property 'variant' is missing in type '{ children: string; className: string; }' but required in type '{ [x: string]: any; className: any; variant: any; }'.
src/pages/DemoTalentDashboard.tsx(1173,24): error TS2741: Property 'variant' is missing in type '{ children: string; className: string; }' but required in type '{ [x: string]: any; className: any; variant: any; }'.
src/pages/DemoTalentDashboard.tsx(1194,26): error TS2741: Property 'variant' is missing in type '{ children: string; key: string; className: string; }' but required in type '{ [x: string]: any; className: any; variant: any; }'.
src/pages/DemoTalentDashboard.tsx(1207,26): error TS2741: Property 'variant' is missing in type '{ children: string; key: string; className: string; }' but required in type '{ [x: string]: any; className: any; variant: any; }'.
src/pages/DemoTalentDashboard.tsx(1233,24): error TS2741: Property 'variant' is missing in type '{ children: (string | Element)[]; className: string; }' but required in type '{ [x: string]: any; className: any; variant: any; }'.
src/pages/DemoTalentDashboard.tsx(1344,26): error TS2741: Property 'variant' is missing in type '{ children: string; className: string; }' but required in type '{ [x: string]: any; className: any; variant: any; }'.
src/pages/DemoTalentDashboard.tsx(1445,18): error TS2741: Property 'variant' is missing in type '{ children: string; className: string; }' but required in type '{ [x: string]: any; className: any; variant: any; }'.
src/pages/Faces.tsx(117,12): error TS2322: Type '{ children: Element[]; className: string; }' is not assignable to type 'IntrinsicAttributes & RefAttributes<unknown>'.
  Property 'children' does not exist on type 'IntrinsicAttributes & RefAttributes<unknown>'.
src/pages/Faces.tsx(119,14): error TS2322: Type '{ children: string; className: string; }' is not assignable to type 'IntrinsicAttributes & RefAttributes<unknown>'.
  Property 'children' does not exist on type 'IntrinsicAttributes & RefAttributes<unknown>'.
src/pages/Faces.tsx(299,31): error TS2322: Type '{ defaultChecked: true; }' is not assignable to type 'IntrinsicAttributes & RefAttributes<unknown>'.
  Property 'defaultChecked' does not exist on type 'IntrinsicAttributes & RefAttributes<unknown>'.
src/pages/Faces.tsx(305,31): error TS2322: Type '{ defaultChecked: true; }' is not assignable to type 'IntrinsicAttributes & RefAttributes<unknown>'.
  Property 'defaultChecked' does not exist on type 'IntrinsicAttributes & RefAttributes<unknown>'.
src/pages/Faces.tsx(796,14): error TS2322: Type '{ children: Element[]; value: string; className: string; }' is not assignable to type 'IntrinsicAttributes & RefAttributes<unknown>'.
  Property 'children' does not exist on type 'IntrinsicAttributes & RefAttributes<unknown>'.
src/pages/Faces.tsx(800,16): error TS2322: Type '{ children: string; className: string; }' is not assignable to type 'IntrinsicAttributes & RefAttributes<unknown>'.
  Property 'children' does not exist on type 'IntrinsicAttributes & RefAttributes<unknown>'.
src/pages/Faces.tsx(803,16): error TS2322: Type '{ children: string; className: string; }' is not assignable to type 'IntrinsicAttributes & RefAttributes<unknown>'.
  Property 'children' does not exist on type 'IntrinsicAttributes & RefAttributes<unknown>'.
src/pages/Faces.tsx(808,14): error TS2322: Type '{ children: Element[]; value: string; className: string; }' is not assignable to type 'IntrinsicAttributes & RefAttributes<unknown>'.
  Property 'children' does not exist on type 'IntrinsicAttributes & RefAttributes<unknown>'.
src/pages/Faces.tsx(812,16): error TS2322: Type '{ children: string; className: string; }' is not assignable to type 'IntrinsicAttributes & RefAttributes<unknown>'.
  Property 'children' does not exist on type 'IntrinsicAttributes & RefAttributes<unknown>'.
src/pages/Faces.tsx(815,16): error TS2322: Type '{ children: string; className: string; }' is not assignable to type 'IntrinsicAttributes & RefAttributes<unknown>'.
  Property 'children' does not exist on type 'IntrinsicAttributes & RefAttributes<unknown>'.
src/pages/Faces.tsx(820,14): error TS2322: Type '{ children: Element[]; value: string; className: string; }' is not assignable to type 'IntrinsicAttributes & RefAttributes<unknown>'.
  Property 'children' does not exist on type 'IntrinsicAttributes & RefAttributes<unknown>'.
src/pages/Faces.tsx(824,16): error TS2322: Type '{ children: string; className: string; }' is not assignable to type 'IntrinsicAttributes & RefAttributes<unknown>'.
  Property 'children' does not exist on type 'IntrinsicAttributes & RefAttributes<unknown>'.
src/pages/Faces.tsx(827,16): error TS2322: Type '{ children: string; className: string; }' is not assignable to type 'IntrinsicAttributes & RefAttributes<unknown>'.
  Property 'children' does not exist on type 'IntrinsicAttributes & RefAttributes<unknown>'.
src/pages/Faces.tsx(832,14): error TS2322: Type '{ children: Element[]; value: string; className: string; }' is not assignable to type 'IntrinsicAttributes & RefAttributes<unknown>'.
  Property 'children' does not exist on type 'IntrinsicAttributes & RefAttributes<unknown>'.
src/pages/Faces.tsx(836,16): error TS2322: Type '{ children: string; className: string; }' is not assignable to type 'IntrinsicAttributes & RefAttributes<unknown>'.
  Property 'children' does not exist on type 'IntrinsicAttributes & RefAttributes<unknown>'.
src/pages/Faces.tsx(839,16): error TS2322: Type '{ children: string; className: string; }' is not assignable to type 'IntrinsicAttributes & RefAttributes<unknown>'.
  Property 'children' does not exist on type 'IntrinsicAttributes & RefAttributes<unknown>'.
src/pages/Faces.tsx(844,14): error TS2322: Type '{ children: Element[]; value: string; className: string; }' is not assignable to type 'IntrinsicAttributes & RefAttributes<unknown>'.
  Property 'children' does not exist on type 'IntrinsicAttributes & RefAttributes<unknown>'.
src/pages/Faces.tsx(848,16): error TS2322: Type '{ children: string; className: string; }' is not assignable to type 'IntrinsicAttributes & RefAttributes<unknown>'.
  Property 'children' does not exist on type 'IntrinsicAttributes & RefAttributes<unknown>'.
src/pages/Faces.tsx(851,16): error TS2322: Type '{ children: string; className: string; }' is not assignable to type 'IntrinsicAttributes & RefAttributes<unknown>'.
  Property 'children' does not exist on type 'IntrinsicAttributes & RefAttributes<unknown>'.
src/pages/Faces.tsx(856,14): error TS2322: Type '{ children: Element[]; value: string; className: string; }' is not assignable to type 'IntrinsicAttributes & RefAttributes<unknown>'.
  Property 'children' does not exist on type 'IntrinsicAttributes & RefAttributes<unknown>'.
src/pages/Faces.tsx(860,16): error TS2322: Type '{ children: string; className: string; }' is not assignable to type 'IntrinsicAttributes & RefAttributes<unknown>'.
  Property 'children' does not exist on type 'IntrinsicAttributes & RefAttributes<unknown>'.
src/pages/Faces.tsx(863,16): error TS2322: Type '{ children: string; className: string; }' is not assignable to type 'IntrinsicAttributes & RefAttributes<unknown>'.
  Property 'children' does not exist on type 'IntrinsicAttributes & RefAttributes<unknown>'.
src/pages/Faces.tsx(868,14): error TS2322: Type '{ children: Element[]; value: string; className: string; }' is not assignable to type 'IntrinsicAttributes & RefAttributes<unknown>'.
  Property 'children' does not exist on type 'IntrinsicAttributes & RefAttributes<unknown>'.
src/pages/Faces.tsx(872,16): error TS2322: Type '{ children: string; className: string; }' is not assignable to type 'IntrinsicAttributes & RefAttributes<unknown>'.
  Property 'children' does not exist on type 'IntrinsicAttributes & RefAttributes<unknown>'.
src/pages/Faces.tsx(875,16): error TS2322: Type '{ children: string; className: string; }' is not assignable to type 'IntrinsicAttributes & RefAttributes<unknown>'.
  Property 'children' does not exist on type 'IntrinsicAttributes & RefAttributes<unknown>'.
src/pages/Faces.tsx(880,14): error TS2322: Type '{ children: Element[]; value: string; className: string; }' is not assignable to type 'IntrinsicAttributes & RefAttributes<unknown>'.
  Property 'children' does not exist on type 'IntrinsicAttributes & RefAttributes<unknown>'.
src/pages/Faces.tsx(884,16): error TS2322: Type '{ children: string; className: string; }' is not assignable to type 'IntrinsicAttributes & RefAttributes<unknown>'.
  Property 'children' does not exist on type 'IntrinsicAttributes & RefAttributes<unknown>'.
src/pages/Faces.tsx(887,16): error TS2322: Type '{ children: string; className: string; }' is not assignable to type 'IntrinsicAttributes & RefAttributes<unknown>'.
  Property 'children' does not exist on type 'IntrinsicAttributes & RefAttributes<unknown>'.
src/pages/Faces.tsx(892,14): error TS2322: Type '{ children: Element[]; value: string; className: string; }' is not assignable to type 'IntrinsicAttributes & RefAttributes<unknown>'.
  Property 'children' does not exist on type 'IntrinsicAttributes & RefAttributes<unknown>'.
src/pages/Faces.tsx(896,16): error TS2322: Type '{ children: string; className: string; }' is not assignable to type 'IntrinsicAttributes & RefAttributes<unknown>'.
  Property 'children' does not exist on type 'IntrinsicAttributes & RefAttributes<unknown>'.
src/pages/Faces.tsx(899,16): error TS2322: Type '{ children: string; className: string; }' is not assignable to type 'IntrinsicAttributes & RefAttributes<unknown>'.
  Property 'children' does not exist on type 'IntrinsicAttributes & RefAttributes<unknown>'.
src/pages/MarketingAgencyDashboard.tsx(361,12): error TS2322: Type '{ children: Element[]; className: string; }' is not assignable to type 'IntrinsicAttributes & RefAttributes<unknown>'.
  Property 'children' does not exist on type 'IntrinsicAttributes & RefAttributes<unknown>'.
src/pages/MarketingAgencyDashboard.tsx(363,14): error TS2322: Type '{ children: Element[]; className: string; }' is not assignable to type 'IntrinsicAttributes & RefAttributes<unknown>'.
  Property 'children' does not exist on type 'IntrinsicAttributes & RefAttributes<unknown>'.
src/pages/MarketingAgencyDashboard.tsx(385,10): error TS2322: Type '{ children: Element[]; className: string; }' is not assignable to type 'IntrinsicAttributes & RefAttributes<unknown>'.
  Property 'children' does not exist on type 'IntrinsicAttributes & RefAttributes<unknown>'.
src/pages/MarketingAgencyDashboard.tsx(387,12): error TS2322: Type '{ children: (string | Element)[]; className: string; }' is not assignable to type 'IntrinsicAttributes & RefAttributes<unknown>'.
  Property 'children' does not exist on type 'IntrinsicAttributes & RefAttributes<unknown>'.
src/pages/MarketingAgencyDashboard.tsx(497,33): error TS2339: Property 'campaign_name' does not exist on type 'unknown'.
src/pages/MarketingAgencyDashboard.tsx(500,33): error TS2339: Property 'generations' does not exist on type 'unknown'.
src/pages/MarketingAgencyDashboard.tsx(527,34): error TS2741: Property 'variant' is missing in type '{ children: any; className: string; }' but required in type '{ [x: string]: any; className: any; variant: any; }'.
src/pages/MarketingAgencyDashboard.tsx(615,26): error TS2741: Property 'variant' is missing in type '{ children: (string | number | Element)[]; className: string; }' but required in type '{ [x: string]: any; className: any; variant: any; }'.
src/pages/MarketingAgencyDashboard.tsx(677,28): error TS2741: Property 'variant' is missing in type '{ children: string; key: string; className: string; }' but required in type '{ [x: string]: any; className: any; variant: any; }'.
src/pages/MarketingAgencyDashboard.tsx(782,24): error TS2741: Property 'variant' is missing in type '{ children: string; className: string; }' but required in type '{ [x: string]: any; className: any; variant: any; }'.
src/pages/MarketingAgencyDashboard.tsx(859,24): error TS2741: Property 'variant' is missing in type '{ children: string; className: string; }' but required in type '{ [x: string]: any; className: any; variant: any; }'.
src/pages/MarketingAgencyDashboard.tsx(954,33): error TS2339: Property 'campaign_name' does not exist on type 'unknown'.
src/pages/MarketingAgencyDashboard.tsx(956,26): error TS2741: Property 'variant' is missing in type '{ children: any[]; className: string; }' but required in type '{ [x: string]: any; className: any; variant: any; }'.
src/pages/MarketingAgencyDashboard.tsx(957,33): error TS2339: Property 'generations' does not exist on type 'unknown'.
src/pages/MarketingAgencyDashboard.tsx(961,31): error TS2339: Property 'generations' does not exist on type 'unknown'.
src/pages/MarketingAgencyDashboard.tsx(977,32): error TS2741: Property 'variant' is missing in type '{ children: any; className: string; }' but required in type '{ [x: string]: any; className: any; variant: any; }'.
src/pages/MarketingAgencyDashboard.tsx(1128,22): error TS2741: Property 'variant' is missing in type '{ children: string; className: string; }' but required in type '{ [x: string]: any; className: any; variant: any; }'.
src/pages/MarketingAgencyDashboard.tsx(1139,22): error TS2741: Property 'variant' is missing in type '{ children: string; className: string; }' but required in type '{ [x: string]: any; className: any; variant: any; }'.
src/pages/MarketingAgencyDashboard.tsx(1357,26): error TS2741: Property 'variant' is missing in type '{ children: any; key: any; className: string; }' but required in type '{ [x: string]: any; className: any; variant: any; }'.
src/pages/OrganizationSignup.tsx(752,27): error TS2322: Type '{ id: string; checked: boolean; onCheckedChange: () => void; className: string; }' is not assignable to type 'IntrinsicAttributes & RefAttributes<unknown>'.
  Property 'id' does not exist on type 'IntrinsicAttributes & RefAttributes<unknown>'.
src/pages/OrganizationSignup.tsx(774,29): error TS2322: Type '{ id: any; checked: boolean; onCheckedChange: () => void; className: string; }' is not assignable to type 'IntrinsicAttributes & RefAttributes<unknown>'.
  Property 'id' does not exist on type 'IntrinsicAttributes & RefAttributes<unknown>'.
src/pages/OrganizationSignup.tsx(818,20): error TS2322: Type '{ children: Element; value: string; onValueChange: (value: any) => void; }' is not assignable to type 'IntrinsicAttributes & RefAttributes<unknown>'.
  Property 'children' does not exist on type 'IntrinsicAttributes & RefAttributes<unknown>'.
src/pages/OrganizationSignup.tsx(827,27): error TS2322: Type '{ value: string; id: string; className: string; }' is not assignable to type 'IntrinsicAttributes & RefAttributes<unknown>'.
  Property 'value' does not exist on type 'IntrinsicAttributes & RefAttributes<unknown>'.
src/pages/OrganizationSignup.tsx(840,27): error TS2322: Type '{ value: string; id: string; className: string; }' is not assignable to type 'IntrinsicAttributes & RefAttributes<unknown>'.
  Property 'value' does not exist on type 'IntrinsicAttributes & RefAttributes<unknown>'.
src/pages/OrganizationSignup.tsx(948,20): error TS2322: Type '{ children: Element; value: string; onValueChange: (value: any) => void; }' is not assignable to type 'IntrinsicAttributes & RefAttributes<unknown>'.
  Property 'children' does not exist on type 'IntrinsicAttributes & RefAttributes<unknown>'.
src/pages/OrganizationSignup.tsx(957,27): error TS2322: Type '{ value: string; id: string; className: string; }' is not assignable to type 'IntrinsicAttributes & RefAttributes<unknown>'.
  Property 'value' does not exist on type 'IntrinsicAttributes & RefAttributes<unknown>'.
src/pages/OrganizationSignup.tsx(970,27): error TS2322: Type '{ value: string; id: string; className: string; }' is not assignable to type 'IntrinsicAttributes & RefAttributes<unknown>'.
  Property 'value' does not exist on type 'IntrinsicAttributes & RefAttributes<unknown>'.
src/pages/OrganizationSignup.tsx(983,27): error TS2322: Type '{ value: string; id: string; className: string; }' is not assignable to type 'IntrinsicAttributes & RefAttributes<unknown>'.
  Property 'value' does not exist on type 'IntrinsicAttributes & RefAttributes<unknown>'.
src/pages/OrganizationSignup.tsx(1002,20): error TS2322: Type '{ children: Element; value: string; onValueChange: (value: any) => void; }' is not assignable to type 'IntrinsicAttributes & RefAttributes<unknown>'.
  Property 'children' does not exist on type 'IntrinsicAttributes & RefAttributes<unknown>'.
src/pages/OrganizationSignup.tsx(1015,29): error TS2322: Type '{ value: string; id: string; className: string; }' is not assignable to type 'IntrinsicAttributes & RefAttributes<unknown>'.
  Property 'value' does not exist on type 'IntrinsicAttributes & RefAttributes<unknown>'.
src/pages/OrganizationSignup.tsx(1039,27): error TS2322: Type '{ id: string; checked: boolean; onCheckedChange: () => void; className: string; }' is not assignable to type 'IntrinsicAttributes & RefAttributes<unknown>'.
  Property 'id' does not exist on type 'IntrinsicAttributes & RefAttributes<unknown>'.
src/pages/OrganizationSignup.tsx(1061,29): error TS2322: Type '{ id: any; checked: boolean; onCheckedChange: () => void; className: string; }' is not assignable to type 'IntrinsicAttributes & RefAttributes<unknown>'.
  Property 'id' does not exist on type 'IntrinsicAttributes & RefAttributes<unknown>'.
src/pages/OrganizationSignup.tsx(1173,27): error TS2322: Type '{ id: string; checked: boolean; onCheckedChange: () => void; className: string; }' is not assignable to type 'IntrinsicAttributes & RefAttributes<unknown>'.
  Property 'id' does not exist on type 'IntrinsicAttributes & RefAttributes<unknown>'.
src/pages/OrganizationSignup.tsx(1195,29): error TS2322: Type '{ id: any; checked: boolean; onCheckedChange: () => void; className: string; }' is not assignable to type 'IntrinsicAttributes & RefAttributes<unknown>'.
  Property 'id' does not exist on type 'IntrinsicAttributes & RefAttributes<unknown>'.
src/pages/OrganizationSignup.tsx(1221,20): error TS2322: Type '{ children: Element; value: string; onValueChange: (value: any) => void; }' is not assignable to type 'IntrinsicAttributes & RefAttributes<unknown>'.
  Property 'children' does not exist on type 'IntrinsicAttributes & RefAttributes<unknown>'.
src/pages/OrganizationSignup.tsx(1230,27): error TS2322: Type '{ value: string; id: string; className: string; }' is not assignable to type 'IntrinsicAttributes & RefAttributes<unknown>'.
  Property 'value' does not exist on type 'IntrinsicAttributes & RefAttributes<unknown>'.
src/pages/OrganizationSignup.tsx(1243,27): error TS2322: Type '{ value: string; id: string; className: string; }' is not assignable to type 'IntrinsicAttributes & RefAttributes<unknown>'.
  Property 'value' does not exist on type 'IntrinsicAttributes & RefAttributes<unknown>'.
src/pages/OrganizationSignup.tsx(1263,20): error TS2322: Type '{ children: Element; value: string; onValueChange: (value: any) => void; }' is not assignable to type 'IntrinsicAttributes & RefAttributes<unknown>'.
  Property 'children' does not exist on type 'IntrinsicAttributes & RefAttributes<unknown>'.
src/pages/OrganizationSignup.tsx(1272,27): error TS2322: Type '{ value: string; id: string; className: string; }' is not assignable to type 'IntrinsicAttributes & RefAttributes<unknown>'.
  Property 'value' does not exist on type 'IntrinsicAttributes & RefAttributes<unknown>'.
src/pages/OrganizationSignup.tsx(1285,27): error TS2322: Type '{ value: string; id: string; className: string; }' is not assignable to type 'IntrinsicAttributes & RefAttributes<unknown>'.
  Property 'value' does not exist on type 'IntrinsicAttributes & RefAttributes<unknown>'.
src/pages/OrganizationSignup.tsx(1361,20): error TS2322: Type '{ children: Element; value: string; onValueChange: (value: any) => void; }' is not assignable to type 'IntrinsicAttributes & RefAttributes<unknown>'.
  Property 'children' does not exist on type 'IntrinsicAttributes & RefAttributes<unknown>'.
src/pages/OrganizationSignup.tsx(1374,29): error TS2322: Type '{ value: string; id: string; className: string; }' is not assignable to type 'IntrinsicAttributes & RefAttributes<unknown>'.
  Property 'value' does not exist on type 'IntrinsicAttributes & RefAttributes<unknown>'.
src/pages/OrganizationSignup.tsx(1399,27): error TS2322: Type '{ id: string; checked: boolean; onCheckedChange: () => void; className: string; }' is not assignable to type 'IntrinsicAttributes & RefAttributes<unknown>'.
  Property 'id' does not exist on type 'IntrinsicAttributes & RefAttributes<unknown>'.
src/pages/OrganizationSignup.tsx(1421,29): error TS2322: Type '{ id: any; checked: boolean; onCheckedChange: () => void; className: string; }' is not assignable to type 'IntrinsicAttributes & RefAttributes<unknown>'.
  Property 'id' does not exist on type 'IntrinsicAttributes & RefAttributes<unknown>'.
src/pages/OrganizationSignup.tsx(1448,25): error TS2322: Type '{ id: string; checked: boolean; onCheckedChange: () => void; className: string; }' is not assignable to type 'IntrinsicAttributes & RefAttributes<unknown>'.
  Property 'id' does not exist on type 'IntrinsicAttributes & RefAttributes<unknown>'.
src/pages/OrganizationSignup.tsx(1470,27): error TS2322: Type '{ id: any; checked: boolean; onCheckedChange: () => void; className: string; }' is not assignable to type 'IntrinsicAttributes & RefAttributes<unknown>'.
  Property 'id' does not exist on type 'IntrinsicAttributes & RefAttributes<unknown>'.
src/pages/OrganizationSignup.tsx(1492,20): error TS2322: Type '{ children: Element; value: string; onValueChange: (value: any) => void; }' is not assignable to type 'IntrinsicAttributes & RefAttributes<unknown>'.
  Property 'children' does not exist on type 'IntrinsicAttributes & RefAttributes<unknown>'.
src/pages/OrganizationSignup.tsx(1505,29): error TS2322: Type '{ value: string; id: string; className: string; }' is not assignable to type 'IntrinsicAttributes & RefAttributes<unknown>'.
  Property 'value' does not exist on type 'IntrinsicAttributes & RefAttributes<unknown>'.
src/pages/PostJob.tsx(333,25): error TS2322: Type '{ id: string; checked: boolean; onCheckedChange: () => void; className: string; }' is not assignable to type 'IntrinsicAttributes & RefAttributes<unknown>'.
  Property 'id' does not exist on type 'IntrinsicAttributes & RefAttributes<unknown>'.
src/pages/PostJob.tsx(398,26): error TS2741: Property 'variant' is missing in type '{ children: any[]; key: any; className: string; }' but required in type '{ [x: string]: any; className: any; variant: any; }'.
src/pages/PostJob.tsx(527,25): error TS2322: Type '{ id: string; checked: boolean; onCheckedChange: () => void; className: string; }' is not assignable to type 'IntrinsicAttributes & RefAttributes<unknown>'.
  Property 'id' does not exist on type 'IntrinsicAttributes & RefAttributes<unknown>'.
src/pages/PostJob.tsx(630,25): error TS2322: Type '{ id: string; checked: boolean; onCheckedChange: () => void; className: string; }' is not assignable to type 'IntrinsicAttributes & RefAttributes<unknown>'.
  Property 'id' does not exist on type 'IntrinsicAttributes & RefAttributes<unknown>'.
src/pages/PostJob.tsx(663,29): error TS2322: Type '{ id: string; checked: boolean; onCheckedChange: () => void; className: string; }' is not assignable to type 'IntrinsicAttributes & RefAttributes<unknown>'.
  Property 'id' does not exist on type 'IntrinsicAttributes & RefAttributes<unknown>'.
src/pages/PostJob.tsx(776,25): error TS2322: Type '{ id: string; checked: boolean; onCheckedChange: () => void; className: string; }' is not assignable to type 'IntrinsicAttributes & RefAttributes<unknown>'.
  Property 'id' does not exist on type 'IntrinsicAttributes & RefAttributes<unknown>'.
src/pages/PostJob.tsx(807,27): error TS2322: Type '{ id: string; checked: boolean; onCheckedChange: () => void; className: string; }' is not assignable to type 'IntrinsicAttributes & RefAttributes<unknown>'.
  Property 'id' does not exist on type 'IntrinsicAttributes & RefAttributes<unknown>'.
src/pages/PostJob.tsx(828,19): error TS2322: Type '{ id: string; checked: boolean; onCheckedChange: (checked: any) => void; className: string; }' is not assignable to type 'IntrinsicAttributes & RefAttributes<unknown>'.
  Property 'id' does not exist on type 'IntrinsicAttributes & RefAttributes<unknown>'.
src/pages/PostJob.tsx(875,16): error TS2322: Type '{ children: Element[]; className: string; }' is not assignable to type 'IntrinsicAttributes & RefAttributes<unknown>'.
  Property 'children' does not exist on type 'IntrinsicAttributes & RefAttributes<unknown>'.
src/pages/PostJob.tsx(877,18): error TS2322: Type '{ children: string; className: string; }' is not assignable to type 'IntrinsicAttributes & RefAttributes<unknown>'.
  Property 'children' does not exist on type 'IntrinsicAttributes & RefAttributes<unknown>'.
src/pages/PostJob.tsx(956,21): error TS2322: Type '{ id: string; checked: boolean; onCheckedChange: (checked: any) => void; className: string; }' is not assignable to type 'IntrinsicAttributes & RefAttributes<unknown>'.
  Property 'id' does not exist on type 'IntrinsicAttributes & RefAttributes<unknown>'.
src/pages/PostJob.tsx(973,21): error TS2322: Type '{ id: string; checked: boolean; onCheckedChange: (checked: any) => void; className: string; }' is not assignable to type 'IntrinsicAttributes & RefAttributes<unknown>'.
  Property 'id' does not exist on type 'IntrinsicAttributes & RefAttributes<unknown>'.
src/pages/PostJob.tsx(1100,16): error TS2322: Type '{ children: Element[]; className: string; }' is not assignable to type 'IntrinsicAttributes & RefAttributes<unknown>'.
  Property 'children' does not exist on type 'IntrinsicAttributes & RefAttributes<unknown>'.
src/pages/PostJob.tsx(1102,18): error TS2322: Type '{ children: (string | Element)[]; className: string; }' is not assignable to type 'IntrinsicAttributes & RefAttributes<unknown>'.
  Property 'children' does not exist on type 'IntrinsicAttributes & RefAttributes<unknown>'.
src/pages/PostJob.tsx(1157,21): error TS2322: Type '{ id: string; checked: boolean; onCheckedChange: (checked: any) => void; className: string; }' is not assignable to type 'IntrinsicAttributes & RefAttributes<unknown>'.
  Property 'id' does not exist on type 'IntrinsicAttributes & RefAttributes<unknown>'.
src/pages/PostJob.tsx(1196,21): error TS2322: Type '{ id: string; checked: boolean; onCheckedChange: (checked: any) => void; className: string; }' is not assignable to type 'IntrinsicAttributes & RefAttributes<unknown>'.
  Property 'id' does not exist on type 'IntrinsicAttributes & RefAttributes<unknown>'.
src/pages/PostJob.tsx(1211,24): error TS2741: Property 'variant' is missing in type '{ children: string; className: string; }' but required in type '{ [x: string]: any; className: any; variant: any; }'.
src/pages/PostJob.tsx(1214,24): error TS2741: Property 'variant' is missing in type '{ children: string; className: string; }' but required in type '{ [x: string]: any; className: any; variant: any; }'.
src/pages/PostJob.tsx(1217,24): error TS2741: Property 'variant' is missing in type '{ children: string; className: string; }' but required in type '{ [x: string]: any; className: any; variant: any; }'.
src/pages/PostJob.tsx(1220,24): error TS2741: Property 'variant' is missing in type '{ children: string; className: string; }' but required in type '{ [x: string]: any; className: any; variant: any; }'.
src/pages/PostJob.tsx(1223,24): error TS2741: Property 'variant' is missing in type '{ children: string; className: string; }' but required in type '{ [x: string]: any; className: any; variant: any; }'.
src/pages/PostJob.tsx(1248,19): error TS2322: Type '{ id: string; checked: boolean; onCheckedChange: (checked: any) => void; className: string; }' is not assignable to type 'IntrinsicAttributes & RefAttributes<unknown>'.
  Property 'id' does not exist on type 'IntrinsicAttributes & RefAttributes<unknown>'.
src/pages/PostJob.tsx(1306,24): error TS2741: Property 'variant' is missing in type '{ children: string; className: string; }' but required in type '{ [x: string]: any; className: any; variant: any; }'.
src/pages/PostJob.tsx(1310,26): error TS2741: Property 'variant' is missing in type '{ children: any; key: any; className: string; }' but required in type '{ [x: string]: any; className: any; variant: any; }'.
src/pages/PostJob.tsx(1356,28): error TS2741: Property 'variant' is missing in type '{ children: string; key: string; className: string; }' but required in type '{ [x: string]: any; className: any; variant: any; }'.
src/pages/PostJob.tsx(1368,22): error TS2322: Type '{ children: Element[]; className: string; }' is not assignable to type 'IntrinsicAttributes & RefAttributes<unknown>'.
  Property 'children' does not exist on type 'IntrinsicAttributes & RefAttributes<unknown>'.
src/pages/PostJob.tsx(1370,24): error TS2322: Type '{ children: (string | Element)[]; className: string; }' is not assignable to type 'IntrinsicAttributes & RefAttributes<unknown>'.
  Property 'children' does not exist on type 'IntrinsicAttributes & RefAttributes<unknown>'.
src/pages/ProductionStudio.tsx(78,14): error TS2741: Property 'variant' is missing in type '{ children: string; className: string; }' but required in type '{ [x: string]: any; className: any; variant: any; }'.
src/pages/SportsAgencyDashboard.tsx(342,30): error TS2362: The left-hand side of an arithmetic operation must be of type 'any', 'number', 'bigint' or an enum type.
src/pages/SportsAgencyDashboard.tsx(342,39): error TS2363: The right-hand side of an arithmetic operation must be of type 'any', 'number', 'bigint' or an enum type.
src/pages/SportsAgencyDashboard.tsx(484,10): error TS2322: Type '{ children: Element; className: string; }' is not assignable to type 'IntrinsicAttributes & RefAttributes<unknown>'.
  Property 'children' does not exist on type 'IntrinsicAttributes & RefAttributes<unknown>'.
src/pages/SportsAgencyDashboard.tsx(485,12): error TS2322: Type '{ children: (string | Element)[]; className: string; }' is not assignable to type 'IntrinsicAttributes & RefAttributes<unknown>'.
  Property 'children' does not exist on type 'IntrinsicAttributes & RefAttributes<unknown>'.
src/pages/SportsAgencyDashboard.tsx(505,24): error TS2741: Property 'variant' is missing in type '{ children: (string | Element)[]; className: string; }' but required in type '{ [x: string]: any; className: any; variant: any; }'.
src/pages/SportsAgencyDashboard.tsx(509,24): error TS2741: Property 'variant' is missing in type '{ children: string; className: string; }' but required in type '{ [x: string]: any; className: any; variant: any; }'.
src/pages/SportsAgencyDashboard.tsx(775,28): error TS2741: Property 'className' is missing in type '{ children: string; variant: string; }' but required in type '{ [x: string]: any; className: any; variant: any; }'.
src/pages/SportsAgencyDashboard.tsx(778,28): error TS2741: Property 'variant' is missing in type '{ children: (string | Element)[]; className: string; }' but required in type '{ [x: string]: any; className: any; variant: any; }'.
src/pages/SportsAgencyDashboard.tsx(878,28): error TS2741: Property 'variant' is missing in type '{ children: string; key: string; className: string; }' but required in type '{ [x: string]: any; className: any; variant: any; }'.
src/pages/SportsAgencyDashboard.tsx(887,22): error TS2741: Property 'variant' is missing in type '{ children: string; className: string; }' but required in type '{ [x: string]: any; className: any; variant: any; }'.
src/pages/SportsAgencyDashboard.tsx(1210,22): error TS2741: Property 'className' is missing in type '{ children: any; variant: string; }' but required in type '{ [x: string]: any; className: any; variant: any; }'.
src/pages/SportsAgencyDashboard.tsx(1211,22): error TS2741: Property 'className' is missing in type '{ children: any; variant: string; }' but required in type '{ [x: string]: any; className: any; variant: any; }'.
src/pages/SportsAgencyDashboard.tsx(1239,22): error TS2741: Property 'variant' is missing in type '{ children: any; className: string; }' but required in type '{ [x: string]: any; className: any; variant: any; }'.
src/pages/Studio.tsx(343,18): error TS2741: Property 'variant' is missing in type '{ children: string; className: string; }' but required in type '{ [x: string]: any; className: any; variant: any; }'.
src/pages/Studio.tsx(405,24): error TS2741: Property 'variant' is missing in type '{ children: string; className: string; }' but required in type '{ [x: string]: any; className: any; variant: any; }'.
src/pages/Studio.tsx(729,20): error TS2322: Type '{ children: Element[]; value: string; className: string; }' is not assignable to type 'IntrinsicAttributes & RefAttributes<unknown>'.
  Property 'children' does not exist on type 'IntrinsicAttributes & RefAttributes<unknown>'.
src/pages/Studio.tsx(730,22): error TS2322: Type '{ children: string; className: string; }' is not assignable to type 'IntrinsicAttributes & RefAttributes<unknown>'.
  Property 'children' does not exist on type 'IntrinsicAttributes & RefAttributes<unknown>'.
src/pages/Studio.tsx(733,22): error TS2322: Type '{ children: Element[]; className: string; }' is not assignable to type 'IntrinsicAttributes & RefAttributes<unknown>'.
  Property 'children' does not exist on type 'IntrinsicAttributes & RefAttributes<unknown>'.
src/pages/Studio.tsx(854,20): error TS2322: Type '{ children: Element[]; value: string; className: string; }' is not assignable to type 'IntrinsicAttributes & RefAttributes<unknown>'.
  Property 'children' does not exist on type 'IntrinsicAttributes & RefAttributes<unknown>'.
src/pages/Studio.tsx(855,22): error TS2322: Type '{ children: string; className: string; }' is not assignable to type 'IntrinsicAttributes & RefAttributes<unknown>'.
  Property 'children' does not exist on type 'IntrinsicAttributes & RefAttributes<unknown>'.
src/pages/Studio.tsx(858,22): error TS2322: Type '{ children: Element[]; className: string; }' is not assignable to type 'IntrinsicAttributes & RefAttributes<unknown>'.
  Property 'children' does not exist on type 'IntrinsicAttributes & RefAttributes<unknown>'.
src/pages/Studio.tsx(970,20): error TS2322: Type '{ children: Element[]; value: string; className: string; }' is not assignable to type 'IntrinsicAttributes & RefAttributes<unknown>'.
  Property 'children' does not exist on type 'IntrinsicAttributes & RefAttributes<unknown>'.
src/pages/Studio.tsx(971,22): error TS2322: Type '{ children: string; className: string; }' is not assignable to type 'IntrinsicAttributes & RefAttributes<unknown>'.
  Property 'children' does not exist on type 'IntrinsicAttributes & RefAttributes<unknown>'.
src/pages/Studio.tsx(974,22): error TS2322: Type '{ children: Element[]; className: string; }' is not assignable to type 'IntrinsicAttributes & RefAttributes<unknown>'.
  Property 'children' does not exist on type 'IntrinsicAttributes & RefAttributes<unknown>'.
src/pages/Studio.tsx(1014,20): error TS2322: Type '{ children: Element[]; value: string; className: string; }' is not assignable to type 'IntrinsicAttributes & RefAttributes<unknown>'.
  Property 'children' does not exist on type 'IntrinsicAttributes & RefAttributes<unknown>'.
src/pages/Studio.tsx(1015,22): error TS2322: Type '{ children: string; className: string; }' is not assignable to type 'IntrinsicAttributes & RefAttributes<unknown>'.
  Property 'children' does not exist on type 'IntrinsicAttributes & RefAttributes<unknown>'.
src/pages/Studio.tsx(1018,22): error TS2322: Type '{ children: (Element | Element[])[]; className: string; }' is not assignable to type 'IntrinsicAttributes & RefAttributes<unknown>'.
  Property 'children' does not exist on type 'IntrinsicAttributes & RefAttributes<unknown>'.
src/pages/Studio.tsx(1172,26): error TS2741: Property 'variant' is missing in type '{ children: string; className: string; }' but required in type '{ [x: string]: any; className: any; variant: any; }'.
src/pages/Studio.tsx(1576,20): error TS2741: Property 'variant' is missing in type '{ children: string; className: string; }' but required in type '{ [x: string]: any; className: any; variant: any; }'.
src/pages/Studio.tsx(1613,14): error TS2322: Type '{ children: Element[]; value: string; className: string; }' is not assignable to type 'IntrinsicAttributes & RefAttributes<unknown>'.
  Property 'children' does not exist on type 'IntrinsicAttributes & RefAttributes<unknown>'.
src/pages/Studio.tsx(1617,16): error TS2322: Type '{ children: string; className: string; }' is not assignable to type 'IntrinsicAttributes & RefAttributes<unknown>'.
  Property 'children' does not exist on type 'IntrinsicAttributes & RefAttributes<unknown>'.
src/pages/Studio.tsx(1620,16): error TS2322: Type '{ children: string; className: string; }' is not assignable to type 'IntrinsicAttributes & RefAttributes<unknown>'.
  Property 'children' does not exist on type 'IntrinsicAttributes & RefAttributes<unknown>'.
src/pages/Studio.tsx(1626,14): error TS2322: Type '{ children: Element[]; value: string; className: string; }' is not assignable to type 'IntrinsicAttributes & RefAttributes<unknown>'.
  Property 'children' does not exist on type 'IntrinsicAttributes & RefAttributes<unknown>'.
src/pages/Studio.tsx(1630,16): error TS2322: Type '{ children: string; className: string; }' is not assignable to type 'IntrinsicAttributes & RefAttributes<unknown>'.
  Property 'children' does not exist on type 'IntrinsicAttributes & RefAttributes<unknown>'.
src/pages/Studio.tsx(1633,16): error TS2322: Type '{ children: string; className: string; }' is not assignable to type 'IntrinsicAttributes & RefAttributes<unknown>'.
  Property 'children' does not exist on type 'IntrinsicAttributes & RefAttributes<unknown>'.
src/pages/Studio.tsx(1638,14): error TS2322: Type '{ children: Element[]; value: string; className: string; }' is not assignable to type 'IntrinsicAttributes & RefAttributes<unknown>'.
  Property 'children' does not exist on type 'IntrinsicAttributes & RefAttributes<unknown>'.
src/pages/Studio.tsx(1642,16): error TS2322: Type '{ children: string; className: string; }' is not assignable to type 'IntrinsicAttributes & RefAttributes<unknown>'.
  Property 'children' does not exist on type 'IntrinsicAttributes & RefAttributes<unknown>'.
src/pages/Studio.tsx(1645,16): error TS2322: Type '{ children: string; className: string; }' is not assignable to type 'IntrinsicAttributes & RefAttributes<unknown>'.
  Property 'children' does not exist on type 'IntrinsicAttributes & RefAttributes<unknown>'.
src/pages/StudioAvatar.tsx(48,45): error TS2339: Property 'functions' does not exist on type '{ get<T = any>(url: string, config?: RequestConfig): Promise<T>; post<T = any>(url: string, data?: any, config?: RequestConfig): Promise<T>; readonly entities: any; readonly integrations: any; readonly auth: any; }'.
src/pages/StudioAvatar.tsx(76,53): error TS2339: Property 'functions' does not exist on type '{ get<T = any>(url: string, config?: RequestConfig): Promise<T>; post<T = any>(url: string, data?: any, config?: RequestConfig): Promise<T>; readonly entities: any; readonly integrations: any; readonly auth: any; }'.
src/pages/StudioAvatar.tsx(111,29): error TS2345: Argument of type '{ image_url: string; prompt: string; }' is not assignable to parameter of type 'void'.
src/pages/StudioAvatar.tsx(146,14): error TS2741: Property 'variant' is missing in type '{ children: any; className: string; }' but required in type '{ [x: string]: any; className: any; variant: any; }'.
src/pages/StudioImage.tsx(147,45): error TS2339: Property 'functions' does not exist on type '{ get<T = any>(url: string, config?: RequestConfig): Promise<T>; post<T = any>(url: string, data?: any, config?: RequestConfig): Promise<T>; readonly entities: any; readonly integrations: any; readonly auth: any; }'.
src/pages/StudioImage.tsx(179,15): error TS2339: Property 'response' does not exist on type 'Error'.
src/pages/StudioImage.tsx(189,53): error TS2339: Property 'functions' does not exist on type '{ get<T = any>(url: string, config?: RequestConfig): Promise<T>; post<T = any>(url: string, data?: any, config?: RequestConfig): Promise<T>; readonly entities: any; readonly integrations: any; readonly auth: any; }'.
src/pages/StudioImage.tsx(243,29): error TS2345: Argument of type '{ prompt: string; model: string; image_size: string; num_images: number; guidance_scale: number; num_inference_steps: number; }' is not assignable to parameter of type 'void'.
src/pages/StudioImage.tsx(367,21): error TS2322: Type '{ value: number[]; onValueChange: ([v]: [any]) => void; min: number; max: number; step: number; className: string; }' is not assignable to type 'IntrinsicAttributes & RefAttributes<unknown>'.
  Property 'value' does not exist on type 'IntrinsicAttributes & RefAttributes<unknown>'.
src/pages/StudioImage.tsx(386,25): error TS2322: Type '{ value: number[]; onValueChange: ([v]: [any]) => void; min: number; max: number; step: number; className: string; }' is not assignable to type 'IntrinsicAttributes & RefAttributes<unknown>'.
  Property 'value' does not exist on type 'IntrinsicAttributes & RefAttributes<unknown>'.
src/pages/StudioImage.tsx(400,25): error TS2322: Type '{ value: number[]; onValueChange: ([v]: [any]) => void; min: number; max: number; step: number; className: string; }' is not assignable to type 'IntrinsicAttributes & RefAttributes<unknown>'.
  Property 'value' does not exist on type 'IntrinsicAttributes & RefAttributes<unknown>'.
src/pages/StudioImage.tsx(473,26): error TS2741: Property 'variant' is missing in type '{ children: string; className: string; }' but required in type '{ [x: string]: any; className: any; variant: any; }'.
src/pages/StudioImageToVideo.tsx(138,45): error TS2339: Property 'functions' does not exist on type '{ get<T = any>(url: string, config?: RequestConfig): Promise<T>; post<T = any>(url: string, data?: any, config?: RequestConfig): Promise<T>; readonly entities: any; readonly integrations: any; readonly auth: any; }'.
src/pages/StudioImageToVideo.tsx(166,15): error TS2339: Property 'response' does not exist on type 'Error'.
src/pages/StudioImageToVideo.tsx(176,53): error TS2339: Property 'functions' does not exist on type '{ get<T = any>(url: string, config?: RequestConfig): Promise<T>; post<T = any>(url: string, data?: any, config?: RequestConfig): Promise<T>; readonly entities: any; readonly integrations: any; readonly auth: any; }'.
src/pages/StudioImageToVideo.tsx(225,29): error TS2345: Argument of type '{ image_url: string; prompt: string; }' is not assignable to parameter of type 'void'.
src/pages/StudioImageToVideo.tsx(332,34): error TS2741: Property 'variant' is missing in type '{ children: string; key: number; className: string; }' but required in type '{ [x: string]: any; className: any; variant: any; }'.
src/pages/StudioImageToVideo.tsx(503,23): error TS2322: Type '{ defaultValue: number[]; max: number; step: number; className: string; }' is not assignable to type 'IntrinsicAttributes & RefAttributes<unknown>'.
  Property 'defaultValue' does not exist on type 'IntrinsicAttributes & RefAttributes<unknown>'.
src/pages/StudioImageToVideo.tsx(514,23): error TS2322: Type '{ defaultValue: number[]; min: number; max: number; step: number; className: string; }' is not assignable to type 'IntrinsicAttributes & RefAttributes<unknown>'.
  Property 'defaultValue' does not exist on type 'IntrinsicAttributes & RefAttributes<unknown>'.
src/pages/StudioSubscribe.tsx(47,26): error TS2339: Property 'plan_type' does not exist on type 'void'.
src/pages/StudioSubscribe.tsx(47,37): error TS2339: Property 'credits' does not exist on type 'void'.
src/pages/StudioSubscribe.tsx(47,46): error TS2339: Property 'price' does not exist on type 'void'.
src/pages/StudioSubscribe.tsx(48,37): error TS2339: Property 'functions' does not exist on type '{ get<T = any>(url: string, config?: RequestConfig): Promise<T>; post<T = any>(url: string, data?: any, config?: RequestConfig): Promise<T>; readonly entities: any; readonly integrations: any; readonly auth: any; }'.
src/pages/StudioSubscribe.tsx(74,29): error TS2345: Argument of type '{ plan_type: any; credits: any; price: any; }' is not assignable to parameter of type 'void'.
src/pages/StudioSubscribe.tsx(156,10): error TS2741: Property 'variant' is missing in type '{ children: any[]; className: string; }' but required in type '{ [x: string]: any; className: any; variant: any; }'.
src/pages/StudioSubscribe.tsx(176,18): error TS2741: Property 'variant' is missing in type '{ children: string; className: string; }' but required in type '{ [x: string]: any; className: any; variant: any; }'.
src/pages/StudioSubscribe.tsx(244,18): error TS2741: Property 'variant' is missing in type '{ children: string; className: string; }' but required in type '{ [x: string]: any; className: any; variant: any; }'.
src/pages/StudioVideo.tsx(148,45): error TS2339: Property 'functions' does not exist on type '{ get<T = any>(url: string, config?: RequestConfig): Promise<T>; post<T = any>(url: string, data?: any, config?: RequestConfig): Promise<T>; readonly entities: any; readonly integrations: any; readonly auth: any; }'.
src/pages/StudioVideo.tsx(181,32): error TS2339: Property 'response' does not exist on type 'Error'.
src/pages/StudioVideo.tsx(200,53): error TS2339: Property 'functions' does not exist on type '{ get<T = any>(url: string, config?: RequestConfig): Promise<T>; post<T = any>(url: string, data?: any, config?: RequestConfig): Promise<T>; readonly entities: any; readonly integrations: any; readonly auth: any; }'.
src/pages/StudioVideo.tsx(265,29): error TS2345: Argument of type '{ prompt: string; image_url: string; model: string; duration: number; aspect_ratio: string; fps: number; guidance_scale: number; }' is not assignable to parameter of type 'void'.
src/pages/StudioVideo.tsx(468,25): error TS2322: Type '{ value: number[]; onValueChange: ([v]: [any]) => void; min: number; max: number; step: number; className: string; }' is not assignable to type 'IntrinsicAttributes & RefAttributes<unknown>'.
  Property 'value' does not exist on type 'IntrinsicAttributes & RefAttributes<unknown>'.
src/pages/StudioVideo.tsx(482,25): error TS2322: Type '{ value: number[]; onValueChange: ([v]: [any]) => void; min: number; max: number; step: number; className: string; }' is not assignable to type 'IntrinsicAttributes & RefAttributes<unknown>'.
  Property 'value' does not exist on type 'IntrinsicAttributes & RefAttributes<unknown>'.
src/pages/StudioVideo.tsx(541,22): error TS2741: Property 'variant' is missing in type '{ children: any; className: string; }' but required in type '{ [x: string]: any; className: any; variant: any; }'.
src/pages/StudioVideoOptions.tsx(202,26): error TS2741: Property 'variant' is missing in type '{ children: string; key: number; className: string; }' but required in type '{ [x: string]: any; className: any; variant: any; }'.
src/pages/TalentDashboard.tsx(113,11): error TS2698: Spread types may only be created from object types.
src/pages/TalentDashboard.tsx(181,16): error TS2741: Property 'variant' is missing in type '{ children: any; className: string; }' but required in type '{ [x: string]: any; className: any; variant: any; }'.
src/pages/TalentDashboard.tsx(219,16): error TS2741: Property 'variant' is missing in type '{ children: any[]; className: string; }' but required in type '{ [x: string]: any; className: any; variant: any; }'.
src/pages/TalentDashboard.tsx(242,16): error TS2741: Property 'variant' is missing in type '{ children: (string | number)[]; className: string; }' but required in type '{ [x: string]: any; className: any; variant: any; }'.
src/pages/TalentDashboard.tsx(255,12): error TS2322: Type '{ children: Element[]; className: string; }' is not assignable to type 'IntrinsicAttributes & RefAttributes<unknown>'.
  Property 'children' does not exist on type 'IntrinsicAttributes & RefAttributes<unknown>'.
src/pages/TalentDashboard.tsx(256,14): error TS2322: Type '{ children: string; value: string; className: string; }' is not assignable to type 'IntrinsicAttributes & RefAttributes<unknown>'.
  Property 'children' does not exist on type 'IntrinsicAttributes & RefAttributes<unknown>'.
src/pages/TalentDashboard.tsx(259,14): error TS2322: Type '{ children: (string | Element)[]; value: string; className: string; }' is not assignable to type 'IntrinsicAttributes & RefAttributes<unknown>'.
  Property 'children' does not exist on type 'IntrinsicAttributes & RefAttributes<unknown>'.
src/pages/TalentDashboard.tsx(262,18): error TS2741: Property 'variant' is missing in type '{ children: any; className: string; }' but required in type '{ [x: string]: any; className: any; variant: any; }'.
src/pages/TalentDashboard.tsx(267,14): error TS2322: Type '{ children: string; value: string; className: string; }' is not assignable to type 'IntrinsicAttributes & RefAttributes<unknown>'.
  Property 'children' does not exist on type 'IntrinsicAttributes & RefAttributes<unknown>'.
src/pages/TalentDashboard.tsx(273,12): error TS2322: Type '{ children: Element[]; value: string; className: string; }' is not assignable to type 'IntrinsicAttributes & RefAttributes<unknown>'.
  Property 'children' does not exist on type 'IntrinsicAttributes & RefAttributes<unknown>'.
src/pages/TalentDashboard.tsx(294,24): error TS2741: Property 'variant' is missing in type '{ children: any; key: any; className: string; }' but required in type '{ [x: string]: any; className: any; variant: any; }'.
src/pages/TalentDashboard.tsx(375,30): error TS2741: Property 'variant' is missing in type '{ children: any; key: any; className: string; }' but required in type '{ [x: string]: any; className: any; variant: any; }'.
src/pages/TalentDashboard.tsx(425,12): error TS2322: Type '{ children: Element; value: string; className: string; }' is not assignable to type 'IntrinsicAttributes & RefAttributes<unknown>'.
  Property 'children' does not exist on type 'IntrinsicAttributes & RefAttributes<unknown>'.
src/pages/TalentDashboard.tsx(462,32): error TS2741: Property 'variant' is missing in type '{ children: string; className: string; }' but required in type '{ [x: string]: any; className: any; variant: any; }'.
src/pages/TalentDashboard.tsx(487,28): error TS2741: Property 'variant' is missing in type '{ children: any; key: any; className: string; }' but required in type '{ [x: string]: any; className: any; variant: any; }'.
src/pages/TalentDashboard.tsx(522,12): error TS2322: Type '{ children: Element; value: string; className: string; }' is not assignable to type 'IntrinsicAttributes & RefAttributes<unknown>'.
  Property 'children' does not exist on type 'IntrinsicAttributes & RefAttributes<unknown>'.
src/pages/TalentDashboard.tsx(649,23): error TS2322: Type '{ checked: boolean; onCheckedChange: (checked: any) => void; }' is not assignable to type 'IntrinsicAttributes & RefAttributes<unknown>'.
  Property 'checked' does not exist on type 'IntrinsicAttributes & RefAttributes<unknown>'.
src/pages/TalentDashboard.tsx(704,61): error TS2345: Argument of type '{ bio: string; hourly_rate: number; project_rate_min: number; project_rate_max: number; availability: string; available_for_collabs: boolean; skills_tags: any[]; ai_tools: any[]; external_links: {}; }' is not assignable to parameter of type 'void'.
src/pages/TestFalAPI.tsx(21,37): error TS2339: Property 'functions' does not exist on type '{ get<T = any>(url: string, config?: RequestConfig): Promise<T>; post<T = any>(url: string, data?: any, config?: RequestConfig): Promise<T>; readonly entities: any; readonly integrations: any; readonly auth: any; }'.
src/pages/TestFalAPI.tsx(38,51): error TS2339: Property 'functions' does not exist on type '{ get<T = any>(url: string, config?: RequestConfig): Promise<T>; post<T = any>(url: string, data?: any, config?: RequestConfig): Promise<T>; readonly entities: any; readonly integrations: any; readonly auth: any; }'.
src/pages/TestFalAPI.tsx(63,37): error TS2339: Property 'functions' does not exist on type '{ get<T = any>(url: string, config?: RequestConfig): Promise<T>; post<T = any>(url: string, data?: any, config?: RequestConfig): Promise<T>; readonly entities: any; readonly integrations: any; readonly auth: any; }'.
src/pages/TestFalAPI.tsx(80,51): error TS2339: Property 'functions' does not exist on type '{ get<T = any>(url: string, config?: RequestConfig): Promise<T>; post<T = any>(url: string, data?: any, config?: RequestConfig): Promise<T>; readonly entities: any; readonly integrations: any; readonly auth: any; }'.
src/pages/UploadProject.tsx(100,10): error TS2322: Type '{ children: Element[]; className: string; }' is not assignable to type 'IntrinsicAttributes & RefAttributes<unknown>'.
  Property 'children' does not exist on type 'IntrinsicAttributes & RefAttributes<unknown>'.
src/pages/UploadProject.tsx(102,12): error TS2322: Type '{ children: (string | Element)[]; className: string; }' is not assignable to type 'IntrinsicAttributes & RefAttributes<unknown>'.
  Property 'children' does not exist on type 'IntrinsicAttributes & RefAttributes<unknown>'.
